22-Oct-2018 09:34:10.346 INFO [main] org.apache.catalina.startup.VersionLoggerListener.log Server version:        Apache Tomcat/8.5.16
22-Oct-2018 09:34:10.361 INFO [main] org.apache.catalina.startup.VersionLoggerListener.log Server built:          Jun 21 2017 17:01:09 UTC
22-Oct-2018 09:34:10.361 INFO [main] org.apache.catalina.startup.VersionLoggerListener.log Server number:         8.5.16.0
22-Oct-2018 09:34:10.361 INFO [main] org.apache.catalina.startup.VersionLoggerListener.log OS Name:               Windows 10
22-Oct-2018 09:34:10.361 INFO [main] org.apache.catalina.startup.VersionLoggerListener.log OS Version:            10.0
22-Oct-2018 09:34:10.361 INFO [main] org.apache.catalina.startup.VersionLoggerListener.log Architecture:          amd64
22-Oct-2018 09:34:10.361 INFO [main] org.apache.catalina.startup.VersionLoggerListener.log Java Home:             C:\Program Files\Java\jdk1.8.0_181\jre
22-Oct-2018 09:34:10.361 INFO [main] org.apache.catalina.startup.VersionLoggerListener.log JVM Version:           1.8.0_181-b13
22-Oct-2018 09:34:10.361 INFO [main] org.apache.catalina.startup.VersionLoggerListener.log JVM Vendor:            Oracle Corporation
22-Oct-2018 09:34:10.361 INFO [main] org.apache.catalina.startup.VersionLoggerListener.log CATALINA_BASE:         C:\Users\macam\Desktop\macameron-clark-individual-work\apache-tomcat-8.5.16
22-Oct-2018 09:34:10.361 INFO [main] org.apache.catalina.startup.VersionLoggerListener.log CATALINA_HOME:         C:\Users\macam\Desktop\macameron-clark-individual-work\apache-tomcat-8.5.16
22-Oct-2018 09:34:10.361 INFO [main] org.apache.catalina.startup.VersionLoggerListener.log Command line argument: -Djava.util.logging.config.file=C:\Users\macam\Desktop\macameron-clark-individual-work\apache-tomcat-8.5.16\conf\logging.properties
22-Oct-2018 09:34:10.361 INFO [main] org.apache.catalina.startup.VersionLoggerListener.log Command line argument: -Djava.util.logging.manager=org.apache.juli.ClassLoaderLogManager
22-Oct-2018 09:34:10.361 INFO [main] org.apache.catalina.startup.VersionLoggerListener.log Command line argument: -Dhttp.nonProxyHosts=localhost|127.0.0.1|LAPTOP-1960114R
22-Oct-2018 09:34:10.361 INFO [main] org.apache.catalina.startup.VersionLoggerListener.log Command line argument: -Djdk.tls.ephemeralDHKeySize=2048
22-Oct-2018 09:34:10.361 INFO [main] org.apache.catalina.startup.VersionLoggerListener.log Command line argument: -Djava.protocol.handler.pkgs=org.apache.catalina.webresources
22-Oct-2018 09:34:10.361 INFO [main] org.apache.catalina.startup.VersionLoggerListener.log Command line argument: -Dcatalina.base=C:\Users\macam\Desktop\macameron-clark-individual-work\apache-tomcat-8.5.16
22-Oct-2018 09:34:10.361 INFO [main] org.apache.catalina.startup.VersionLoggerListener.log Command line argument: -Dcatalina.home=C:\Users\macam\Desktop\macameron-clark-individual-work\apache-tomcat-8.5.16
22-Oct-2018 09:34:10.361 INFO [main] org.apache.catalina.startup.VersionLoggerListener.log Command line argument: -Djava.io.tmpdir=C:\Users\macam\Desktop\macameron-clark-individual-work\apache-tomcat-8.5.16\temp
22-Oct-2018 09:34:10.361 INFO [main] org.apache.catalina.core.AprLifecycleListener.lifecycleEvent Loaded APR based Apache Tomcat Native library [1.2.12] using APR version [1.5.2].
22-Oct-2018 09:34:10.361 INFO [main] org.apache.catalina.core.AprLifecycleListener.lifecycleEvent APR capabilities: IPv6 [true], sendfile [true], accept filters [false], random [true].
22-Oct-2018 09:34:10.361 INFO [main] org.apache.catalina.core.AprLifecycleListener.lifecycleEvent APR/OpenSSL configuration: useAprConnector [false], useOpenSSL [true]
22-Oct-2018 09:34:10.939 INFO [main] org.apache.catalina.core.AprLifecycleListener.initializeSSL OpenSSL successfully initialized [OpenSSL 1.0.2k  26 Jan 2017]
22-Oct-2018 09:34:11.142 INFO [main] org.apache.coyote.AbstractProtocol.init Initializing ProtocolHandler ["http-nio-8080"]
22-Oct-2018 09:34:11.283 INFO [main] org.apache.tomcat.util.net.NioSelectorPool.getSharedSelector Using a shared selector for servlet write/read
22-Oct-2018 09:34:11.299 INFO [main] org.apache.coyote.AbstractProtocol.init Initializing ProtocolHandler ["ajp-nio-8009"]
22-Oct-2018 09:34:11.299 INFO [main] org.apache.tomcat.util.net.NioSelectorPool.getSharedSelector Using a shared selector for servlet write/read
22-Oct-2018 09:34:11.299 INFO [main] org.apache.catalina.startup.Catalina.load Initialization processed in 1398 ms
22-Oct-2018 09:34:11.330 INFO [main] org.apache.catalina.core.StandardService.startInternal Starting service [Catalina]
22-Oct-2018 09:34:11.330 INFO [main] org.apache.catalina.core.StandardEngine.startInternal Starting Servlet Engine: Apache Tomcat/8.5.16
22-Oct-2018 09:34:11.345 INFO [localhost-startStop-1] org.apache.catalina.startup.HostConfig.deployDescriptor Deploying configuration descriptor [C:\Users\macam\Desktop\macameron-clark-individual-work\apache-tomcat-8.5.16\conf\Catalina\localhost\FactorizorJspServlet.xml]
22-Oct-2018 09:34:11.392 SEVERE [localhost-startStop-1] org.apache.catalina.core.ContainerBase.addChildInternal ContainerBase.addChild: start: 
 org.apache.catalina.LifecycleException: Failed to start component [StandardEngine[Catalina].StandardHost[localhost].StandardContext[/FactorizorJspServlet]]
	at org.apache.catalina.util.LifecycleBase.start(LifecycleBase.java:167)
	at org.apache.catalina.core.ContainerBase.addChildInternal(ContainerBase.java:752)
	at org.apache.catalina.core.ContainerBase.addChild(ContainerBase.java:728)
	at org.apache.catalina.core.StandardHost.addChild(StandardHost.java:734)
	at org.apache.catalina.startup.HostConfig.deployDescriptor(HostConfig.java:630)
	at org.apache.catalina.startup.HostConfig$DeployDescriptor.run(HostConfig.java:1842)
	at java.util.concurrent.Executors$RunnableAdapter.call(Executors.java:511)
	at java.util.concurrent.FutureTask.run(FutureTask.java:266)
	at java.util.concurrent.ThreadPoolExecutor.runWorker(ThreadPoolExecutor.java:1149)
	at java.util.concurrent.ThreadPoolExecutor$Worker.run(ThreadPoolExecutor.java:624)
	at java.lang.Thread.run(Thread.java:748)
Caused by: org.apache.catalina.LifecycleException: Failed to start component [org.apache.catalina.webresources.StandardRoot@18561b4d]
	at org.apache.catalina.util.LifecycleBase.start(LifecycleBase.java:167)
	at org.apache.catalina.core.StandardContext.resourcesStart(StandardContext.java:4860)
	at org.apache.catalina.core.StandardContext.startInternal(StandardContext.java:4992)
	at org.apache.catalina.util.LifecycleBase.start(LifecycleBase.java:150)
	... 10 more
Caused by: java.lang.IllegalArgumentException: The main resource set specified [C:\Users\macam\Desktop\macameron-clark-individual-work\New Folder\FactorizorJspServlet\target\FactorizorJspServlet-1.0-SNAPSHOT] is not valid
	at org.apache.catalina.webresources.StandardRoot.createMainResourceSet(StandardRoot.java:733)
	at org.apache.catalina.webresources.StandardRoot.startInternal(StandardRoot.java:691)
	at org.apache.catalina.util.LifecycleBase.start(LifecycleBase.java:150)
	... 13 more

22-Oct-2018 09:34:11.392 SEVERE [localhost-startStop-1] org.apache.catalina.startup.HostConfig.deployDescriptor Error deploying configuration descriptor [C:\Users\macam\Desktop\macameron-clark-individual-work\apache-tomcat-8.5.16\conf\Catalina\localhost\FactorizorJspServlet.xml]
 java.lang.IllegalStateException: ContainerBase.addChild: start: org.apache.catalina.LifecycleException: Failed to start component [StandardEngine[Catalina].StandardHost[localhost].StandardContext[/FactorizorJspServlet]]
	at org.apache.catalina.core.ContainerBase.addChildInternal(ContainerBase.java:756)
	at org.apache.catalina.core.ContainerBase.addChild(ContainerBase.java:728)
	at org.apache.catalina.core.StandardHost.addChild(StandardHost.java:734)
	at org.apache.catalina.startup.HostConfig.deployDescriptor(HostConfig.java:630)
	at org.apache.catalina.startup.HostConfig$DeployDescriptor.run(HostConfig.java:1842)
	at java.util.concurrent.Executors$RunnableAdapter.call(Executors.java:511)
	at java.util.concurrent.FutureTask.run(FutureTask.java:266)
	at java.util.concurrent.ThreadPoolExecutor.runWorker(ThreadPoolExecutor.java:1149)
	at java.util.concurrent.ThreadPoolExecutor$Worker.run(ThreadPoolExecutor.java:624)
	at java.lang.Thread.run(Thread.java:748)

22-Oct-2018 09:34:11.392 INFO [localhost-startStop-1] org.apache.catalina.startup.HostConfig.deployDescriptor Deployment of configuration descriptor [C:\Users\macam\Desktop\macameron-clark-individual-work\apache-tomcat-8.5.16\conf\Catalina\localhost\FactorizorJspServlet.xml] has finished in [47] ms
22-Oct-2018 09:34:11.392 INFO [localhost-startStop-1] org.apache.catalina.startup.HostConfig.deployDescriptor Deploying configuration descriptor [C:\Users\macam\Desktop\macameron-clark-individual-work\apache-tomcat-8.5.16\conf\Catalina\localhost\FactorizorSpringMVC.xml]
22-Oct-2018 09:34:13.579 INFO [localhost-startStop-1] org.apache.jasper.servlet.TldScanner.scanJars At least one JAR was scanned for TLDs yet contained no TLDs. Enable debug logging for this logger for a complete list of JARs that were scanned but no TLDs were found in them. Skipping unneeded JARs during scanning can improve startup time and JSP compilation time.
22-Oct-2018 09:34:13.642 INFO [localhost-startStop-1] org.springframework.web.context.ContextLoader.initWebApplicationContext Root WebApplicationContext: initialization started
22-Oct-2018 09:34:13.751 INFO [localhost-startStop-1] org.springframework.web.context.support.XmlWebApplicationContext.prepareRefresh Refreshing Root WebApplicationContext: startup date [Mon Oct 22 09:34:13 CDT 2018]; root of context hierarchy
22-Oct-2018 09:34:13.845 INFO [localhost-startStop-1] org.springframework.beans.factory.xml.XmlBeanDefinitionReader.loadBeanDefinitions Loading XML bean definitions from ServletContext resource [/WEB-INF/spring-dispatcher-servlet.xml]
22-Oct-2018 09:34:14.204 INFO [localhost-startStop-1] org.springframework.beans.factory.xml.XmlBeanDefinitionReader.loadBeanDefinitions Loading XML bean definitions from class path resource [spring-persistence.xml]
22-Oct-2018 09:34:14.407 INFO [localhost-startStop-1] org.springframework.beans.factory.annotation.AutowiredAnnotationBeanPostProcessor.<init> JSR-330 'javax.inject.Inject' annotation found and supported for autowiring
22-Oct-2018 09:34:14.751 INFO [localhost-startStop-1] org.springframework.web.servlet.mvc.method.annotation.RequestMappingHandlerMapping.register Mapped "{[/factorNumber],methods=[POST]}" onto public java.lang.String com.sg.factorizorspringmvc.FactorizorController.factorNumber(javax.servlet.http.HttpServletRequest,java.util.Map<java.lang.String, java.lang.Object>)
22-Oct-2018 09:34:14.751 INFO [localhost-startStop-1] org.springframework.web.servlet.mvc.method.annotation.RequestMappingHandlerMapping.register Mapped "{[/hello/sayhi],methods=[GET]}" onto public java.lang.String com.sg.factorizorspringmvc.HelloController.sayHi(java.util.Map<java.lang.String, java.lang.Object>)
22-Oct-2018 09:34:14.813 INFO [localhost-startStop-1] org.hibernate.validator.internal.util.Version.<clinit> HV000001: Hibernate Validator 5.2.2.Final
22-Oct-2018 09:34:15.313 INFO [localhost-startStop-1] org.springframework.web.servlet.mvc.method.annotation.RequestMappingHandlerAdapter.initControllerAdviceCache Looking for @ControllerAdvice: Root WebApplicationContext: startup date [Mon Oct 22 09:34:13 CDT 2018]; root of context hierarchy
22-Oct-2018 09:34:15.376 INFO [localhost-startStop-1] org.springframework.web.servlet.mvc.method.annotation.RequestMappingHandlerAdapter.initControllerAdviceCache Looking for @ControllerAdvice: Root WebApplicationContext: startup date [Mon Oct 22 09:34:13 CDT 2018]; root of context hierarchy
22-Oct-2018 09:34:15.485 INFO [localhost-startStop-1] org.springframework.web.context.ContextLoader.initWebApplicationContext Root WebApplicationContext: initialization completed in 1843 ms
22-Oct-2018 09:34:15.501 INFO [localhost-startStop-1] org.apache.catalina.startup.HostConfig.deployDescriptor Deployment of configuration descriptor [C:\Users\macam\Desktop\macameron-clark-individual-work\apache-tomcat-8.5.16\conf\Catalina\localhost\FactorizorSpringMVC.xml] has finished in [4,109] ms
22-Oct-2018 09:34:15.501 INFO [localhost-startStop-1] org.apache.catalina.startup.HostConfig.deployDescriptor Deploying configuration descriptor [C:\Users\macam\Desktop\macameron-clark-individual-work\apache-tomcat-8.5.16\conf\Catalina\localhost\FlooringCalculator.xml]
22-Oct-2018 09:34:15.641 INFO [localhost-startStop-1] org.apache.catalina.startup.HostConfig.deployDescriptor Deployment of configuration descriptor [C:\Users\macam\Desktop\macameron-clark-individual-work\apache-tomcat-8.5.16\conf\Catalina\localhost\FlooringCalculator.xml] has finished in [140] ms
22-Oct-2018 09:34:15.641 INFO [localhost-startStop-1] org.apache.catalina.startup.HostConfig.deployDescriptor Deploying configuration descriptor [C:\Users\macam\Desktop\macameron-clark-individual-work\apache-tomcat-8.5.16\conf\Catalina\localhost\FlooringCalculatorSpringMVC.xml]
22-Oct-2018 09:34:17.672 INFO [localhost-startStop-1] org.apache.jasper.servlet.TldScanner.scanJars At least one JAR was scanned for TLDs yet contained no TLDs. Enable debug logging for this logger for a complete list of JARs that were scanned but no TLDs were found in them. Skipping unneeded JARs during scanning can improve startup time and JSP compilation time.
22-Oct-2018 09:34:17.719 INFO [localhost-startStop-1] org.springframework.web.context.ContextLoader.initWebApplicationContext Root WebApplicationContext: initialization started
22-Oct-2018 09:34:17.813 INFO [localhost-startStop-1] org.springframework.web.context.support.XmlWebApplicationContext.prepareRefresh Refreshing Root WebApplicationContext: startup date [Mon Oct 22 09:34:17 CDT 2018]; root of context hierarchy
22-Oct-2018 09:34:17.891 INFO [localhost-startStop-1] org.springframework.beans.factory.xml.XmlBeanDefinitionReader.loadBeanDefinitions Loading XML bean definitions from ServletContext resource [/WEB-INF/spring-dispatcher-servlet.xml]
22-Oct-2018 09:34:18.125 INFO [localhost-startStop-1] org.springframework.beans.factory.xml.XmlBeanDefinitionReader.loadBeanDefinitions Loading XML bean definitions from class path resource [spring-persistence.xml]
22-Oct-2018 09:34:18.281 INFO [localhost-startStop-1] org.springframework.beans.factory.annotation.AutowiredAnnotationBeanPostProcessor.<init> JSR-330 'javax.inject.Inject' annotation found and supported for autowiring
22-Oct-2018 09:34:18.516 INFO [localhost-startStop-1] org.springframework.web.servlet.mvc.method.annotation.RequestMappingHandlerMapping.register Mapped "{[/calculateFloor],methods=[POST]}" onto public java.lang.String com.sg.flooringcalculatorspringmvc.FloooringCalculatorSpringMvc.returnValues(javax.servlet.http.HttpServletRequest,java.util.Map<java.lang.String, java.lang.Object>)
22-Oct-2018 09:34:18.516 INFO [localhost-startStop-1] org.springframework.web.servlet.mvc.method.annotation.RequestMappingHandlerMapping.register Mapped "{[/hello/sayhi],methods=[GET]}" onto public java.lang.String com.sg.flooringcalculatorspringmvc.HelloController.sayHi(java.util.Map<java.lang.String, java.lang.Object>)
22-Oct-2018 09:34:18.578 INFO [localhost-startStop-1] org.hibernate.validator.internal.util.Version.<clinit> HV000001: Hibernate Validator 5.2.2.Final
22-Oct-2018 09:34:19.047 INFO [localhost-startStop-1] org.springframework.web.servlet.mvc.method.annotation.RequestMappingHandlerAdapter.initControllerAdviceCache Looking for @ControllerAdvice: Root WebApplicationContext: startup date [Mon Oct 22 09:34:17 CDT 2018]; root of context hierarchy
22-Oct-2018 09:34:19.109 INFO [localhost-startStop-1] org.springframework.web.servlet.mvc.method.annotation.RequestMappingHandlerAdapter.initControllerAdviceCache Looking for @ControllerAdvice: Root WebApplicationContext: startup date [Mon Oct 22 09:34:17 CDT 2018]; root of context hierarchy
22-Oct-2018 09:34:19.219 INFO [localhost-startStop-1] org.springframework.web.context.ContextLoader.initWebApplicationContext Root WebApplicationContext: initialization completed in 1500 ms
22-Oct-2018 09:34:19.219 INFO [localhost-startStop-1] org.apache.catalina.startup.HostConfig.deployDescriptor Deployment of configuration descriptor [C:\Users\macam\Desktop\macameron-clark-individual-work\apache-tomcat-8.5.16\conf\Catalina\localhost\FlooringCalculatorSpringMVC.xml] has finished in [3,578] ms
22-Oct-2018 09:34:19.219 INFO [localhost-startStop-1] org.apache.catalina.startup.HostConfig.deployDescriptor Deploying configuration descriptor [C:\Users\macam\Desktop\macameron-clark-individual-work\apache-tomcat-8.5.16\conf\Catalina\localhost\GarageSale.xml]
22-Oct-2018 09:34:21.124 INFO [localhost-startStop-1] org.apache.jasper.servlet.TldScanner.scanJars At least one JAR was scanned for TLDs yet contained no TLDs. Enable debug logging for this logger for a complete list of JARs that were scanned but no TLDs were found in them. Skipping unneeded JARs during scanning can improve startup time and JSP compilation time.
22-Oct-2018 09:34:21.171 INFO [localhost-startStop-1] org.springframework.web.context.ContextLoader.initWebApplicationContext Root WebApplicationContext: initialization started
22-Oct-2018 09:34:21.249 INFO [localhost-startStop-1] org.springframework.web.context.support.XmlWebApplicationContext.prepareRefresh Refreshing Root WebApplicationContext: startup date [Mon Oct 22 09:34:21 CDT 2018]; root of context hierarchy
22-Oct-2018 09:34:21.312 INFO [localhost-startStop-1] org.springframework.beans.factory.xml.XmlBeanDefinitionReader.loadBeanDefinitions Loading XML bean definitions from ServletContext resource [/WEB-INF/spring-dispatcher-servlet.xml]
22-Oct-2018 09:34:21.614 INFO [localhost-startStop-1] org.springframework.beans.factory.xml.XmlBeanDefinitionReader.loadBeanDefinitions Loading XML bean definitions from class path resource [spring-persistence.xml]
22-Oct-2018 09:34:21.771 INFO [localhost-startStop-1] org.springframework.beans.factory.annotation.AutowiredAnnotationBeanPostProcessor.<init> JSR-330 'javax.inject.Inject' annotation found and supported for autowiring
22-Oct-2018 09:34:22.036 INFO [localhost-startStop-1] org.springframework.web.servlet.mvc.method.annotation.RequestMappingHandlerMapping.register Mapped "{[/ || /home],methods=[GET]}" onto public java.lang.String com.sg.garagesale.controller.HomeController.displayHomePage()
22-Oct-2018 09:34:22.036 INFO [localhost-startStop-1] org.springframework.web.servlet.mvc.method.annotation.RequestMappingHandlerMapping.register Mapped "{[/home/register],methods=[GET]}" onto public java.lang.String com.sg.garagesale.controller.HomeController.displayRegisterPage()
22-Oct-2018 09:34:22.130 INFO [localhost-startStop-1] org.hibernate.validator.internal.util.Version.<clinit> HV000001: Hibernate Validator 5.2.2.Final
22-Oct-2018 09:34:22.598 INFO [localhost-startStop-1] org.springframework.web.servlet.mvc.method.annotation.RequestMappingHandlerAdapter.initControllerAdviceCache Looking for @ControllerAdvice: Root WebApplicationContext: startup date [Mon Oct 22 09:34:21 CDT 2018]; root of context hierarchy
22-Oct-2018 09:34:22.661 INFO [localhost-startStop-1] org.springframework.web.servlet.mvc.method.annotation.RequestMappingHandlerAdapter.initControllerAdviceCache Looking for @ControllerAdvice: Root WebApplicationContext: startup date [Mon Oct 22 09:34:21 CDT 2018]; root of context hierarchy
22-Oct-2018 09:34:22.755 INFO [localhost-startStop-1] org.springframework.web.context.ContextLoader.initWebApplicationContext Root WebApplicationContext: initialization completed in 1584 ms
22-Oct-2018 09:34:22.755 INFO [localhost-startStop-1] org.apache.catalina.startup.HostConfig.deployDescriptor Deployment of configuration descriptor [C:\Users\macam\Desktop\macameron-clark-individual-work\apache-tomcat-8.5.16\conf\Catalina\localhost\GarageSale.xml] has finished in [3,536] ms
22-Oct-2018 09:34:22.755 INFO [localhost-startStop-1] org.apache.catalina.startup.HostConfig.deployDescriptor Deploying configuration descriptor [C:\Users\macam\Desktop\macameron-clark-individual-work\apache-tomcat-8.5.16\conf\Catalina\localhost\HangmanSpringMVC.xml]
22-Oct-2018 09:34:22.755 SEVERE [localhost-startStop-1] org.apache.catalina.core.ContainerBase.addChildInternal ContainerBase.addChild: start: 
 org.apache.catalina.LifecycleException: Failed to start component [StandardEngine[Catalina].StandardHost[localhost].StandardContext[/HangmanSpringMVC]]
	at org.apache.catalina.util.LifecycleBase.start(LifecycleBase.java:167)
	at org.apache.catalina.core.ContainerBase.addChildInternal(ContainerBase.java:752)
	at org.apache.catalina.core.ContainerBase.addChild(ContainerBase.java:728)
	at org.apache.catalina.core.StandardHost.addChild(StandardHost.java:734)
	at org.apache.catalina.startup.HostConfig.deployDescriptor(HostConfig.java:630)
	at org.apache.catalina.startup.HostConfig$DeployDescriptor.run(HostConfig.java:1842)
	at java.util.concurrent.Executors$RunnableAdapter.call(Executors.java:511)
	at java.util.concurrent.FutureTask.run(FutureTask.java:266)
	at java.util.concurrent.ThreadPoolExecutor.runWorker(ThreadPoolExecutor.java:1149)
	at java.util.concurrent.ThreadPoolExecutor$Worker.run(ThreadPoolExecutor.java:624)
	at java.lang.Thread.run(Thread.java:748)
Caused by: org.apache.catalina.LifecycleException: Failed to start component [org.apache.catalina.webresources.StandardRoot@58c534a0]
	at org.apache.catalina.util.LifecycleBase.start(LifecycleBase.java:167)
	at org.apache.catalina.core.StandardContext.resourcesStart(StandardContext.java:4860)
	at org.apache.catalina.core.StandardContext.startInternal(StandardContext.java:4992)
	at org.apache.catalina.util.LifecycleBase.start(LifecycleBase.java:150)
	... 10 more
Caused by: java.lang.IllegalArgumentException: The main resource set specified [C:\Users\macam\Desktop\macameron-clark-individual-work\HangmanSpringMVC\target\spring-mvc-webapp] is not valid
	at org.apache.catalina.webresources.StandardRoot.createMainResourceSet(StandardRoot.java:733)
	at org.apache.catalina.webresources.StandardRoot.startInternal(StandardRoot.java:691)
	at org.apache.catalina.util.LifecycleBase.start(LifecycleBase.java:150)
	... 13 more

22-Oct-2018 09:34:22.755 SEVERE [localhost-startStop-1] org.apache.catalina.startup.HostConfig.deployDescriptor Error deploying configuration descriptor [C:\Users\macam\Desktop\macameron-clark-individual-work\apache-tomcat-8.5.16\conf\Catalina\localhost\HangmanSpringMVC.xml]
 java.lang.IllegalStateException: ContainerBase.addChild: start: org.apache.catalina.LifecycleException: Failed to start component [StandardEngine[Catalina].StandardHost[localhost].StandardContext[/HangmanSpringMVC]]
	at org.apache.catalina.core.ContainerBase.addChildInternal(ContainerBase.java:756)
	at org.apache.catalina.core.ContainerBase.addChild(ContainerBase.java:728)
	at org.apache.catalina.core.StandardHost.addChild(StandardHost.java:734)
	at org.apache.catalina.startup.HostConfig.deployDescriptor(HostConfig.java:630)
	at org.apache.catalina.startup.HostConfig$DeployDescriptor.run(HostConfig.java:1842)
	at java.util.concurrent.Executors$RunnableAdapter.call(Executors.java:511)
	at java.util.concurrent.FutureTask.run(FutureTask.java:266)
	at java.util.concurrent.ThreadPoolExecutor.runWorker(ThreadPoolExecutor.java:1149)
	at java.util.concurrent.ThreadPoolExecutor$Worker.run(ThreadPoolExecutor.java:624)
	at java.lang.Thread.run(Thread.java:748)

22-Oct-2018 09:34:22.755 INFO [localhost-startStop-1] org.apache.catalina.startup.HostConfig.deployDescriptor Deployment of configuration descriptor [C:\Users\macam\Desktop\macameron-clark-individual-work\apache-tomcat-8.5.16\conf\Catalina\localhost\HangmanSpringMVC.xml] has finished in [0] ms
22-Oct-2018 09:34:22.802 INFO [localhost-startStop-1] org.apache.catalina.startup.HostConfig.deployDescriptor Deploying configuration descriptor [C:\Users\macam\Desktop\macameron-clark-individual-work\apache-tomcat-8.5.16\conf\Catalina\localhost\HelloSecurity.xml]
22-Oct-2018 09:34:24.819 INFO [localhost-startStop-1] org.apache.jasper.servlet.TldScanner.scanJars At least one JAR was scanned for TLDs yet contained no TLDs. Enable debug logging for this logger for a complete list of JARs that were scanned but no TLDs were found in them. Skipping unneeded JARs during scanning can improve startup time and JSP compilation time.
22-Oct-2018 09:34:24.882 INFO [localhost-startStop-1] org.springframework.web.context.ContextLoader.initWebApplicationContext Root WebApplicationContext: initialization started
22-Oct-2018 09:34:24.929 INFO [localhost-startStop-1] org.springframework.web.context.support.XmlWebApplicationContext.prepareRefresh Refreshing Root WebApplicationContext: startup date [Mon Oct 22 09:34:24 CDT 2018]; root of context hierarchy
22-Oct-2018 09:34:24.976 INFO [localhost-startStop-1] org.springframework.beans.factory.xml.XmlBeanDefinitionReader.loadBeanDefinitions Loading XML bean definitions from ServletContext resource [/WEB-INF/spring-dispatcher-servlet.xml]
22-Oct-2018 09:34:25.194 INFO [localhost-startStop-1] org.springframework.beans.factory.xml.XmlBeanDefinitionReader.loadBeanDefinitions Loading XML bean definitions from class path resource [spring-persistence.xml]
22-Oct-2018 09:34:25.554 INFO [localhost-startStop-1] org.springframework.beans.factory.annotation.AutowiredAnnotationBeanPostProcessor.<init> JSR-330 'javax.inject.Inject' annotation found and supported for autowiring
22-Oct-2018 09:34:25.772 INFO [localhost-startStop-1] org.springframework.web.servlet.mvc.method.annotation.RequestMappingHandlerMapping.register Mapped "{[/admin],methods=[GET]}" onto public java.lang.String com.sg.hellosecurity.controller.AdminController.displayAdminPage(org.springframework.ui.Model)
22-Oct-2018 09:34:25.772 INFO [localhost-startStop-1] org.springframework.web.servlet.mvc.method.annotation.RequestMappingHandlerMapping.register Mapped "{[/editUser],methods=[GET]}" onto public java.lang.String com.sg.hellosecurity.controller.AdminController.editUserDisplay(org.springframework.ui.Model,java.lang.Integer)
22-Oct-2018 09:34:25.788 WARNING [localhost-startStop-1] org.springframework.web.context.support.XmlWebApplicationContext.refresh Exception encountered during context initialization - cancelling refresh attempt: org.springframework.beans.factory.BeanCreationException: Error creating bean with name 'org.springframework.web.servlet.mvc.method.annotation.RequestMappingHandlerMapping': Invocation of init method failed; nested exception is java.lang.IllegalStateException: Ambiguous mapping. Cannot map 'adminController' method 
public java.lang.String com.sg.hellosecurity.controller.AdminController.editUserDisplay(org.springframework.ui.Model,java.lang.Integer,java.lang.Integer)
to {[/editUser],methods=[GET]}: There is already 'adminController' bean method
public java.lang.String com.sg.hellosecurity.controller.AdminController.editUserDisplay(org.springframework.ui.Model,java.lang.Integer) mapped.
22-Oct-2018 09:34:25.788 SEVERE [localhost-startStop-1] org.springframework.web.context.ContextLoader.initWebApplicationContext Context initialization failed
 org.springframework.beans.factory.BeanCreationException: Error creating bean with name 'org.springframework.web.servlet.mvc.method.annotation.RequestMappingHandlerMapping': Invocation of init method failed; nested exception is java.lang.IllegalStateException: Ambiguous mapping. Cannot map 'adminController' method 
public java.lang.String com.sg.hellosecurity.controller.AdminController.editUserDisplay(org.springframework.ui.Model,java.lang.Integer,java.lang.Integer)
to {[/editUser],methods=[GET]}: There is already 'adminController' bean method
public java.lang.String com.sg.hellosecurity.controller.AdminController.editUserDisplay(org.springframework.ui.Model,java.lang.Integer) mapped.
	at org.springframework.beans.factory.support.AbstractAutowireCapableBeanFactory.initializeBean(AbstractAutowireCapableBeanFactory.java:1628)
	at org.springframework.beans.factory.support.AbstractAutowireCapableBeanFactory.doCreateBean(AbstractAutowireCapableBeanFactory.java:555)
	at org.springframework.beans.factory.support.AbstractAutowireCapableBeanFactory.createBean(AbstractAutowireCapableBeanFactory.java:483)
	at org.springframework.beans.factory.support.AbstractBeanFactory$1.getObject(AbstractBeanFactory.java:306)
	at org.springframework.beans.factory.support.DefaultSingletonBeanRegistry.getSingleton(DefaultSingletonBeanRegistry.java:230)
	at org.springframework.beans.factory.support.AbstractBeanFactory.doGetBean(AbstractBeanFactory.java:302)
	at org.springframework.beans.factory.support.AbstractBeanFactory.getBean(AbstractBeanFactory.java:197)
	at org.springframework.beans.factory.support.DefaultListableBeanFactory.preInstantiateSingletons(DefaultListableBeanFactory.java:761)
	at org.springframework.context.support.AbstractApplicationContext.finishBeanFactoryInitialization(AbstractApplicationContext.java:866)
	at org.springframework.context.support.AbstractApplicationContext.refresh(AbstractApplicationContext.java:542)
	at org.springframework.web.context.ContextLoader.configureAndRefreshWebApplicationContext(ContextLoader.java:444)
	at org.springframework.web.context.ContextLoader.initWebApplicationContext(ContextLoader.java:326)
	at org.springframework.web.context.ContextLoaderListener.contextInitialized(ContextLoaderListener.java:107)
	at org.apache.catalina.core.StandardContext.listenerStart(StandardContext.java:4745)
	at org.apache.catalina.core.StandardContext.startInternal(StandardContext.java:5207)
	at org.apache.catalina.util.LifecycleBase.start(LifecycleBase.java:150)
	at org.apache.catalina.core.ContainerBase.addChildInternal(ContainerBase.java:752)
	at org.apache.catalina.core.ContainerBase.addChild(ContainerBase.java:728)
	at org.apache.catalina.core.StandardHost.addChild(StandardHost.java:734)
	at org.apache.catalina.startup.HostConfig.deployDescriptor(HostConfig.java:630)
	at org.apache.catalina.startup.HostConfig$DeployDescriptor.run(HostConfig.java:1842)
	at java.util.concurrent.Executors$RunnableAdapter.call(Executors.java:511)
	at java.util.concurrent.FutureTask.run(FutureTask.java:266)
	at java.util.concurrent.ThreadPoolExecutor.runWorker(ThreadPoolExecutor.java:1149)
	at java.util.concurrent.ThreadPoolExecutor$Worker.run(ThreadPoolExecutor.java:624)
	at java.lang.Thread.run(Thread.java:748)
Caused by: java.lang.IllegalStateException: Ambiguous mapping. Cannot map 'adminController' method 
public java.lang.String com.sg.hellosecurity.controller.AdminController.editUserDisplay(org.springframework.ui.Model,java.lang.Integer,java.lang.Integer)
to {[/editUser],methods=[GET]}: There is already 'adminController' bean method
public java.lang.String com.sg.hellosecurity.controller.AdminController.editUserDisplay(org.springframework.ui.Model,java.lang.Integer) mapped.
	at org.springframework.web.servlet.handler.AbstractHandlerMethodMapping$MappingRegistry.assertUniqueMethodMapping(AbstractHandlerMethodMapping.java:576)
	at org.springframework.web.servlet.handler.AbstractHandlerMethodMapping$MappingRegistry.register(AbstractHandlerMethodMapping.java:540)
	at org.springframework.web.servlet.handler.AbstractHandlerMethodMapping.registerHandlerMethod(AbstractHandlerMethodMapping.java:264)
	at org.springframework.web.servlet.handler.AbstractHandlerMethodMapping.detectHandlerMethods(AbstractHandlerMethodMapping.java:250)
	at org.springframework.web.servlet.handler.AbstractHandlerMethodMapping.initHandlerMethods(AbstractHandlerMethodMapping.java:214)
	at org.springframework.web.servlet.handler.AbstractHandlerMethodMapping.afterPropertiesSet(AbstractHandlerMethodMapping.java:184)
	at org.springframework.web.servlet.mvc.method.annotation.RequestMappingHandlerMapping.afterPropertiesSet(RequestMappingHandlerMapping.java:127)
	at org.springframework.beans.factory.support.AbstractAutowireCapableBeanFactory.invokeInitMethods(AbstractAutowireCapableBeanFactory.java:1687)
	at org.springframework.beans.factory.support.AbstractAutowireCapableBeanFactory.initializeBean(AbstractAutowireCapableBeanFactory.java:1624)
	... 25 more

22-Oct-2018 09:34:25.804 SEVERE [localhost-startStop-1] org.apache.catalina.core.StandardContext.startInternal One or more listeners failed to start. Full details will be found in the appropriate container log file
22-Oct-2018 09:34:25.804 SEVERE [localhost-startStop-1] org.apache.catalina.core.StandardContext.startInternal Context [/HelloSecurity] startup failed due to previous errors
22-Oct-2018 09:34:25.819 INFO [localhost-startStop-1] org.apache.catalina.startup.HostConfig.deployDescriptor Deployment of configuration descriptor [C:\Users\macam\Desktop\macameron-clark-individual-work\apache-tomcat-8.5.16\conf\Catalina\localhost\HelloSecurity.xml] has finished in [3,017] ms
22-Oct-2018 09:34:25.819 INFO [localhost-startStop-1] org.apache.catalina.startup.HostConfig.deployDescriptor Deploying configuration descriptor [C:\Users\macam\Desktop\macameron-clark-individual-work\apache-tomcat-8.5.16\conf\Catalina\localhost\VendingMachineSpringMVC.xml]
22-Oct-2018 09:34:27.570 INFO [localhost-startStop-1] org.apache.jasper.servlet.TldScanner.scanJars At least one JAR was scanned for TLDs yet contained no TLDs. Enable debug logging for this logger for a complete list of JARs that were scanned but no TLDs were found in them. Skipping unneeded JARs during scanning can improve startup time and JSP compilation time.
22-Oct-2018 09:34:27.602 INFO [localhost-startStop-1] org.springframework.web.context.ContextLoader.initWebApplicationContext Root WebApplicationContext: initialization started
22-Oct-2018 09:34:27.664 INFO [localhost-startStop-1] org.springframework.web.context.support.XmlWebApplicationContext.prepareRefresh Refreshing Root WebApplicationContext: startup date [Mon Oct 22 09:34:27 CDT 2018]; root of context hierarchy
22-Oct-2018 09:34:27.727 INFO [localhost-startStop-1] org.springframework.beans.factory.xml.XmlBeanDefinitionReader.loadBeanDefinitions Loading XML bean definitions from ServletContext resource [/WEB-INF/spring-dispatcher-servlet.xml]
22-Oct-2018 09:34:27.930 INFO [localhost-startStop-1] org.springframework.beans.factory.xml.XmlBeanDefinitionReader.loadBeanDefinitions Loading XML bean definitions from class path resource [spring-persistence.xml]
22-Oct-2018 09:34:28.070 INFO [localhost-startStop-1] org.springframework.beans.factory.annotation.AutowiredAnnotationBeanPostProcessor.<init> JSR-330 'javax.inject.Inject' annotation found and supported for autowiring
22-Oct-2018 09:34:28.336 INFO [localhost-startStop-1] org.springframework.web.servlet.mvc.method.annotation.RequestMappingHandlerMapping.register Mapped "{[/hello/sayhi],methods=[GET]}" onto public java.lang.String com.sg.vendingmachinespringmvc.HelloController.sayHi(java.util.Map<java.lang.String, java.lang.Object>)
22-Oct-2018 09:34:28.398 INFO [localhost-startStop-1] org.hibernate.validator.internal.util.Version.<clinit> HV000001: Hibernate Validator 5.2.2.Final
22-Oct-2018 09:34:28.929 INFO [localhost-startStop-1] org.springframework.web.servlet.mvc.method.annotation.RequestMappingHandlerAdapter.initControllerAdviceCache Looking for @ControllerAdvice: Root WebApplicationContext: startup date [Mon Oct 22 09:34:27 CDT 2018]; root of context hierarchy
22-Oct-2018 09:34:28.992 INFO [localhost-startStop-1] org.springframework.web.servlet.mvc.method.annotation.RequestMappingHandlerAdapter.initControllerAdviceCache Looking for @ControllerAdvice: Root WebApplicationContext: startup date [Mon Oct 22 09:34:27 CDT 2018]; root of context hierarchy
22-Oct-2018 09:34:29.070 INFO [localhost-startStop-1] org.springframework.web.context.ContextLoader.initWebApplicationContext Root WebApplicationContext: initialization completed in 1468 ms
22-Oct-2018 09:34:29.086 INFO [localhost-startStop-1] org.apache.catalina.startup.HostConfig.deployDescriptor Deployment of configuration descriptor [C:\Users\macam\Desktop\macameron-clark-individual-work\apache-tomcat-8.5.16\conf\Catalina\localhost\VendingMachineSpringMVC.xml] has finished in [3,267] ms
22-Oct-2018 09:34:29.086 INFO [localhost-startStop-1] org.apache.catalina.startup.HostConfig.deployDescriptor Deploying configuration descriptor [C:\Users\macam\Desktop\macameron-clark-individual-work\apache-tomcat-8.5.16\conf\Catalina\localhost\VendingMachineSpringMVCRevised.xml]
22-Oct-2018 09:34:30.804 INFO [localhost-startStop-1] org.apache.jasper.servlet.TldScanner.scanJars At least one JAR was scanned for TLDs yet contained no TLDs. Enable debug logging for this logger for a complete list of JARs that were scanned but no TLDs were found in them. Skipping unneeded JARs during scanning can improve startup time and JSP compilation time.
22-Oct-2018 09:34:30.835 INFO [localhost-startStop-1] org.springframework.web.context.ContextLoader.initWebApplicationContext Root WebApplicationContext: initialization started
22-Oct-2018 09:34:30.913 INFO [localhost-startStop-1] org.springframework.web.context.support.XmlWebApplicationContext.prepareRefresh Refreshing Root WebApplicationContext: startup date [Mon Oct 22 09:34:30 CDT 2018]; root of context hierarchy
22-Oct-2018 09:34:30.960 INFO [localhost-startStop-1] org.springframework.beans.factory.xml.XmlBeanDefinitionReader.loadBeanDefinitions Loading XML bean definitions from ServletContext resource [/WEB-INF/spring-dispatcher-servlet.xml]
22-Oct-2018 09:34:31.163 INFO [localhost-startStop-1] org.springframework.beans.factory.xml.XmlBeanDefinitionReader.loadBeanDefinitions Loading XML bean definitions from class path resource [spring-persistence.xml]
22-Oct-2018 09:34:31.319 INFO [localhost-startStop-1] org.springframework.beans.factory.annotation.AutowiredAnnotationBeanPostProcessor.<init> JSR-330 'javax.inject.Inject' annotation found and supported for autowiring
22-Oct-2018 09:34:31.554 INFO [localhost-startStop-1] org.springframework.web.servlet.mvc.method.annotation.RequestMappingHandlerMapping.register Mapped "{[/],methods=[GET]}" onto public java.lang.String com.sg.vendingmachinespringmvcrevised.controller.VmController.displayAllItems(org.springframework.ui.Model)
22-Oct-2018 09:34:31.616 INFO [localhost-startStop-1] org.hibernate.validator.internal.util.Version.<clinit> HV000001: Hibernate Validator 5.2.2.Final
22-Oct-2018 09:34:32.069 INFO [localhost-startStop-1] org.springframework.web.servlet.mvc.method.annotation.RequestMappingHandlerAdapter.initControllerAdviceCache Looking for @ControllerAdvice: Root WebApplicationContext: startup date [Mon Oct 22 09:34:30 CDT 2018]; root of context hierarchy
22-Oct-2018 09:34:32.116 INFO [localhost-startStop-1] org.springframework.web.servlet.mvc.method.annotation.RequestMappingHandlerAdapter.initControllerAdviceCache Looking for @ControllerAdvice: Root WebApplicationContext: startup date [Mon Oct 22 09:34:30 CDT 2018]; root of context hierarchy
22-Oct-2018 09:34:32.210 INFO [localhost-startStop-1] org.springframework.web.context.ContextLoader.initWebApplicationContext Root WebApplicationContext: initialization completed in 1375 ms
22-Oct-2018 09:34:32.210 INFO [localhost-startStop-1] org.apache.catalina.startup.HostConfig.deployDescriptor Deployment of configuration descriptor [C:\Users\macam\Desktop\macameron-clark-individual-work\apache-tomcat-8.5.16\conf\Catalina\localhost\VendingMachineSpringMVCRevised.xml] has finished in [3,124] ms
22-Oct-2018 09:34:32.210 INFO [localhost-startStop-1] org.apache.catalina.startup.HostConfig.deployDirectory Deploying web application directory [C:\Users\macam\Desktop\macameron-clark-individual-work\apache-tomcat-8.5.16\webapps\docs]
22-Oct-2018 09:34:32.241 INFO [localhost-startStop-1] org.apache.catalina.startup.HostConfig.deployDirectory Deployment of web application directory [C:\Users\macam\Desktop\macameron-clark-individual-work\apache-tomcat-8.5.16\webapps\docs] has finished in [31] ms
22-Oct-2018 09:34:32.241 INFO [localhost-startStop-1] org.apache.catalina.startup.HostConfig.deployDirectory Deploying web application directory [C:\Users\macam\Desktop\macameron-clark-individual-work\apache-tomcat-8.5.16\webapps\examples]
22-Oct-2018 09:34:33.147 INFO [localhost-startStop-1] org.apache.catalina.startup.HostConfig.deployDirectory Deployment of web application directory [C:\Users\macam\Desktop\macameron-clark-individual-work\apache-tomcat-8.5.16\webapps\examples] has finished in [906] ms
22-Oct-2018 09:34:33.147 INFO [localhost-startStop-1] org.apache.catalina.startup.HostConfig.deployDirectory Deploying web application directory [C:\Users\macam\Desktop\macameron-clark-individual-work\apache-tomcat-8.5.16\webapps\host-manager]
22-Oct-2018 09:34:33.178 INFO [localhost-startStop-1] org.apache.catalina.startup.HostConfig.deployDirectory Deployment of web application directory [C:\Users\macam\Desktop\macameron-clark-individual-work\apache-tomcat-8.5.16\webapps\host-manager] has finished in [31] ms
22-Oct-2018 09:34:33.178 INFO [localhost-startStop-1] org.apache.catalina.startup.HostConfig.deployDirectory Deploying web application directory [C:\Users\macam\Desktop\macameron-clark-individual-work\apache-tomcat-8.5.16\webapps\manager]
22-Oct-2018 09:34:33.210 INFO [localhost-startStop-1] org.apache.catalina.startup.HostConfig.deployDirectory Deployment of web application directory [C:\Users\macam\Desktop\macameron-clark-individual-work\apache-tomcat-8.5.16\webapps\manager] has finished in [32] ms
22-Oct-2018 09:34:33.210 INFO [localhost-startStop-1] org.apache.catalina.startup.HostConfig.deployDirectory Deploying web application directory [C:\Users\macam\Desktop\macameron-clark-individual-work\apache-tomcat-8.5.16\webapps\ROOT]
22-Oct-2018 09:34:33.225 INFO [localhost-startStop-1] org.apache.catalina.startup.HostConfig.deployDirectory Deployment of web application directory [C:\Users\macam\Desktop\macameron-clark-individual-work\apache-tomcat-8.5.16\webapps\ROOT] has finished in [15] ms
22-Oct-2018 09:34:33.241 INFO [main] org.apache.coyote.AbstractProtocol.start Starting ProtocolHandler ["http-nio-8080"]
22-Oct-2018 09:34:33.241 INFO [main] org.apache.coyote.AbstractProtocol.start Starting ProtocolHandler ["ajp-nio-8009"]
22-Oct-2018 09:34:33.256 INFO [main] org.apache.catalina.startup.Catalina.start Server startup in 21952 ms
22-Oct-2018 09:34:35.069 INFO [http-nio-8080-exec-1] org.springframework.web.context.support.XmlWebApplicationContext.doClose Closing Root WebApplicationContext: startup date [Mon Oct 22 09:34:21 CDT 2018]; root of context hierarchy
22-Oct-2018 09:34:35.584 INFO [http-nio-8080-exec-1] org.apache.catalina.startup.HostConfig.undeploy Undeploying context [/GarageSale]
22-Oct-2018 09:34:35.600 INFO [http-nio-8080-exec-6] org.apache.catalina.startup.HostConfig.deployDescriptor Deploying configuration descriptor [C:\Users\macam\Desktop\macameron-clark-individual-work\apache-tomcat-8.5.16\conf\Catalina\localhost\GarageSale.xml]
22-Oct-2018 09:34:36.740 INFO [http-nio-8080-exec-6] org.apache.jasper.servlet.TldScanner.scanJars At least one JAR was scanned for TLDs yet contained no TLDs. Enable debug logging for this logger for a complete list of JARs that were scanned but no TLDs were found in them. Skipping unneeded JARs during scanning can improve startup time and JSP compilation time.
22-Oct-2018 09:34:36.771 INFO [http-nio-8080-exec-6] org.springframework.web.context.ContextLoader.initWebApplicationContext Root WebApplicationContext: initialization started
22-Oct-2018 09:34:36.834 INFO [http-nio-8080-exec-6] org.springframework.web.context.support.XmlWebApplicationContext.prepareRefresh Refreshing Root WebApplicationContext: startup date [Mon Oct 22 09:34:36 CDT 2018]; root of context hierarchy
22-Oct-2018 09:34:36.881 INFO [http-nio-8080-exec-6] org.springframework.beans.factory.xml.XmlBeanDefinitionReader.loadBeanDefinitions Loading XML bean definitions from ServletContext resource [/WEB-INF/spring-dispatcher-servlet.xml]
22-Oct-2018 09:34:37.115 INFO [http-nio-8080-exec-6] org.springframework.beans.factory.xml.XmlBeanDefinitionReader.loadBeanDefinitions Loading XML bean definitions from class path resource [spring-persistence.xml]
22-Oct-2018 09:34:37.256 INFO [http-nio-8080-exec-6] org.springframework.beans.factory.annotation.AutowiredAnnotationBeanPostProcessor.<init> JSR-330 'javax.inject.Inject' annotation found and supported for autowiring
22-Oct-2018 09:34:37.505 INFO [http-nio-8080-exec-6] org.springframework.web.servlet.mvc.method.annotation.RequestMappingHandlerMapping.register Mapped "{[/ || /home],methods=[GET]}" onto public java.lang.String com.sg.garagesale.controller.HomeController.displayHomePage()
22-Oct-2018 09:34:37.505 INFO [http-nio-8080-exec-6] org.springframework.web.servlet.mvc.method.annotation.RequestMappingHandlerMapping.register Mapped "{[/home/register],methods=[GET]}" onto public java.lang.String com.sg.garagesale.controller.HomeController.displayRegisterPage()
22-Oct-2018 09:34:37.568 INFO [http-nio-8080-exec-6] org.hibernate.validator.internal.util.Version.<clinit> HV000001: Hibernate Validator 5.2.2.Final
22-Oct-2018 09:34:37.990 INFO [http-nio-8080-exec-6] org.springframework.web.servlet.mvc.method.annotation.RequestMappingHandlerAdapter.initControllerAdviceCache Looking for @ControllerAdvice: Root WebApplicationContext: startup date [Mon Oct 22 09:34:36 CDT 2018]; root of context hierarchy
22-Oct-2018 09:34:38.052 INFO [http-nio-8080-exec-6] org.springframework.web.servlet.mvc.method.annotation.RequestMappingHandlerAdapter.initControllerAdviceCache Looking for @ControllerAdvice: Root WebApplicationContext: startup date [Mon Oct 22 09:34:36 CDT 2018]; root of context hierarchy
22-Oct-2018 09:34:38.146 INFO [http-nio-8080-exec-6] org.springframework.web.context.ContextLoader.initWebApplicationContext Root WebApplicationContext: initialization completed in 1375 ms
22-Oct-2018 09:34:38.146 INFO [http-nio-8080-exec-6] org.apache.catalina.startup.HostConfig.deployDescriptor Deployment of configuration descriptor [C:\Users\macam\Desktop\macameron-clark-individual-work\apache-tomcat-8.5.16\conf\Catalina\localhost\GarageSale.xml] has finished in [2,546] ms
22-Oct-2018 09:34:38.162 INFO [http-nio-8080-exec-3] org.apache.catalina.util.LifecycleBase.start The start() method was called on component [StandardEngine[Catalina].StandardHost[localhost].StandardContext[/GarageSale]] after start() had already been called. The second call will be ignored.
22-Oct-2018 09:34:39.958 INFO [http-nio-8080-exec-5] org.springframework.web.servlet.DispatcherServlet.initServletBean FrameworkServlet 'spring-dispatcher': initialization started
22-Oct-2018 09:34:39.962 INFO [http-nio-8080-exec-5] org.springframework.web.context.support.XmlWebApplicationContext.prepareRefresh Refreshing WebApplicationContext for namespace 'spring-dispatcher-servlet': startup date [Mon Oct 22 09:34:39 CDT 2018]; parent: Root WebApplicationContext
22-Oct-2018 09:34:39.966 INFO [http-nio-8080-exec-5] org.springframework.beans.factory.xml.XmlBeanDefinitionReader.loadBeanDefinitions Loading XML bean definitions from ServletContext resource [/WEB-INF/spring-dispatcher-servlet.xml]
22-Oct-2018 09:34:39.994 INFO [http-nio-8080-exec-5] org.springframework.beans.factory.annotation.AutowiredAnnotationBeanPostProcessor.<init> JSR-330 'javax.inject.Inject' annotation found and supported for autowiring
22-Oct-2018 09:34:40.038 INFO [http-nio-8080-exec-5] org.springframework.web.servlet.mvc.method.annotation.RequestMappingHandlerMapping.register Mapped "{[/ || /home],methods=[GET]}" onto public java.lang.String com.sg.garagesale.controller.HomeController.displayHomePage()
22-Oct-2018 09:34:40.038 INFO [http-nio-8080-exec-5] org.springframework.web.servlet.mvc.method.annotation.RequestMappingHandlerMapping.register Mapped "{[/home/register],methods=[GET]}" onto public java.lang.String com.sg.garagesale.controller.HomeController.displayRegisterPage()
22-Oct-2018 09:34:40.090 INFO [http-nio-8080-exec-5] org.springframework.web.servlet.mvc.method.annotation.RequestMappingHandlerAdapter.initControllerAdviceCache Looking for @ControllerAdvice: WebApplicationContext for namespace 'spring-dispatcher-servlet': startup date [Mon Oct 22 09:34:39 CDT 2018]; parent: Root WebApplicationContext
22-Oct-2018 09:34:40.106 INFO [http-nio-8080-exec-5] org.springframework.web.servlet.mvc.method.annotation.RequestMappingHandlerAdapter.initControllerAdviceCache Looking for @ControllerAdvice: WebApplicationContext for namespace 'spring-dispatcher-servlet': startup date [Mon Oct 22 09:34:39 CDT 2018]; parent: Root WebApplicationContext
22-Oct-2018 09:34:40.186 INFO [http-nio-8080-exec-5] org.springframework.web.servlet.DispatcherServlet.initServletBean FrameworkServlet 'spring-dispatcher': initialization completed in 228 ms
22-Oct-2018 09:34:43.708 WARNING [http-nio-8080-exec-11] org.springframework.web.servlet.PageNotFound.noHandlerFound No mapping found for HTTP request with URI [/GarageSale/Register] in DispatcherServlet with name 'spring-dispatcher'
22-Oct-2018 09:35:01.777 INFO [http-nio-8080-exec-8] org.apache.catalina.core.StandardContext.reload Reloading Context with name [/GarageSale] has started
22-Oct-2018 09:35:01.777 INFO [http-nio-8080-exec-8] org.springframework.web.context.support.XmlWebApplicationContext.doClose Closing WebApplicationContext for namespace 'spring-dispatcher-servlet': startup date [Mon Oct 22 09:34:39 CDT 2018]; parent: Root WebApplicationContext
22-Oct-2018 09:35:01.792 INFO [http-nio-8080-exec-8] org.springframework.web.context.support.XmlWebApplicationContext.doClose Closing Root WebApplicationContext: startup date [Mon Oct 22 09:34:36 CDT 2018]; root of context hierarchy
22-Oct-2018 09:35:03.105 INFO [http-nio-8080-exec-8] org.apache.jasper.servlet.TldScanner.scanJars At least one JAR was scanned for TLDs yet contained no TLDs. Enable debug logging for this logger for a complete list of JARs that were scanned but no TLDs were found in them. Skipping unneeded JARs during scanning can improve startup time and JSP compilation time.
22-Oct-2018 09:35:03.136 INFO [http-nio-8080-exec-8] org.springframework.web.context.ContextLoader.initWebApplicationContext Root WebApplicationContext: initialization started
22-Oct-2018 09:35:03.214 INFO [http-nio-8080-exec-8] org.springframework.web.context.support.XmlWebApplicationContext.prepareRefresh Refreshing Root WebApplicationContext: startup date [Mon Oct 22 09:35:03 CDT 2018]; root of context hierarchy
22-Oct-2018 09:35:03.261 INFO [http-nio-8080-exec-8] org.springframework.beans.factory.xml.XmlBeanDefinitionReader.loadBeanDefinitions Loading XML bean definitions from ServletContext resource [/WEB-INF/spring-dispatcher-servlet.xml]
22-Oct-2018 09:35:03.448 INFO [http-nio-8080-exec-8] org.springframework.beans.factory.xml.XmlBeanDefinitionReader.loadBeanDefinitions Loading XML bean definitions from class path resource [spring-persistence.xml]
22-Oct-2018 09:35:03.604 INFO [http-nio-8080-exec-8] org.springframework.beans.factory.annotation.AutowiredAnnotationBeanPostProcessor.<init> JSR-330 'javax.inject.Inject' annotation found and supported for autowiring
22-Oct-2018 09:35:03.870 INFO [http-nio-8080-exec-8] org.springframework.web.servlet.mvc.method.annotation.RequestMappingHandlerMapping.register Mapped "{[/ || /home],methods=[GET]}" onto public java.lang.String com.sg.garagesale.controller.HomeController.displayHomePage()
22-Oct-2018 09:35:03.870 INFO [http-nio-8080-exec-8] org.springframework.web.servlet.mvc.method.annotation.RequestMappingHandlerMapping.register Mapped "{[/register],methods=[GET]}" onto public java.lang.String com.sg.garagesale.controller.HomeController.displayRegisterPage()
22-Oct-2018 09:35:03.933 INFO [http-nio-8080-exec-8] org.hibernate.validator.internal.util.Version.<clinit> HV000001: Hibernate Validator 5.2.2.Final
22-Oct-2018 09:35:04.339 INFO [http-nio-8080-exec-8] org.springframework.web.servlet.mvc.method.annotation.RequestMappingHandlerAdapter.initControllerAdviceCache Looking for @ControllerAdvice: Root WebApplicationContext: startup date [Mon Oct 22 09:35:03 CDT 2018]; root of context hierarchy
22-Oct-2018 09:35:04.401 INFO [http-nio-8080-exec-8] org.springframework.web.servlet.mvc.method.annotation.RequestMappingHandlerAdapter.initControllerAdviceCache Looking for @ControllerAdvice: Root WebApplicationContext: startup date [Mon Oct 22 09:35:03 CDT 2018]; root of context hierarchy
22-Oct-2018 09:35:04.495 INFO [http-nio-8080-exec-8] org.springframework.web.context.ContextLoader.initWebApplicationContext Root WebApplicationContext: initialization completed in 1359 ms
22-Oct-2018 09:35:04.495 INFO [http-nio-8080-exec-8] org.apache.catalina.core.StandardContext.reload Reloading Context with name [/GarageSale] is completed
22-Oct-2018 09:35:07.291 INFO [http-nio-8080-exec-13] org.springframework.web.context.support.XmlWebApplicationContext.doClose Closing Root WebApplicationContext: startup date [Mon Oct 22 09:35:03 CDT 2018]; root of context hierarchy
22-Oct-2018 09:35:07.807 INFO [http-nio-8080-exec-13] org.apache.catalina.startup.HostConfig.undeploy Undeploying context [/GarageSale]
22-Oct-2018 09:35:28.500 INFO [http-nio-8080-exec-7] org.apache.catalina.startup.HostConfig.deployDescriptor Deploying configuration descriptor [C:\Users\macam\Desktop\macameron-clark-individual-work\apache-tomcat-8.5.16\conf\Catalina\localhost\GarageSale.xml]
22-Oct-2018 09:35:29.740 INFO [http-nio-8080-exec-7] org.apache.jasper.servlet.TldScanner.scanJars At least one JAR was scanned for TLDs yet contained no TLDs. Enable debug logging for this logger for a complete list of JARs that were scanned but no TLDs were found in them. Skipping unneeded JARs during scanning can improve startup time and JSP compilation time.
22-Oct-2018 09:35:29.769 INFO [http-nio-8080-exec-7] org.springframework.web.context.ContextLoader.initWebApplicationContext Root WebApplicationContext: initialization started
22-Oct-2018 09:35:29.836 INFO [http-nio-8080-exec-7] org.springframework.web.context.support.XmlWebApplicationContext.prepareRefresh Refreshing Root WebApplicationContext: startup date [Mon Oct 22 09:35:29 CDT 2018]; root of context hierarchy
22-Oct-2018 09:35:29.905 INFO [http-nio-8080-exec-7] org.springframework.beans.factory.xml.XmlBeanDefinitionReader.loadBeanDefinitions Loading XML bean definitions from ServletContext resource [/WEB-INF/spring-dispatcher-servlet.xml]
22-Oct-2018 09:35:30.135 INFO [http-nio-8080-exec-7] org.springframework.beans.factory.xml.XmlBeanDefinitionReader.loadBeanDefinitions Loading XML bean definitions from class path resource [spring-persistence.xml]
22-Oct-2018 09:35:30.310 INFO [http-nio-8080-exec-7] org.springframework.beans.factory.annotation.AutowiredAnnotationBeanPostProcessor.<init> JSR-330 'javax.inject.Inject' annotation found and supported for autowiring
22-Oct-2018 09:35:30.586 INFO [http-nio-8080-exec-7] org.springframework.web.servlet.mvc.method.annotation.RequestMappingHandlerMapping.register Mapped "{[/ || /home],methods=[GET]}" onto public java.lang.String com.sg.garagesale.controller.HomeController.displayHomePage()
22-Oct-2018 09:35:30.586 INFO [http-nio-8080-exec-7] org.springframework.web.servlet.mvc.method.annotation.RequestMappingHandlerMapping.register Mapped "{[/register],methods=[GET]}" onto public java.lang.String com.sg.garagesale.controller.HomeController.displayRegisterPage()
22-Oct-2018 09:35:30.654 INFO [http-nio-8080-exec-7] org.hibernate.validator.internal.util.Version.<clinit> HV000001: Hibernate Validator 5.2.2.Final
22-Oct-2018 09:35:31.169 INFO [http-nio-8080-exec-7] org.springframework.web.servlet.mvc.method.annotation.RequestMappingHandlerAdapter.initControllerAdviceCache Looking for @ControllerAdvice: Root WebApplicationContext: startup date [Mon Oct 22 09:35:29 CDT 2018]; root of context hierarchy
22-Oct-2018 09:35:31.248 INFO [http-nio-8080-exec-7] org.springframework.web.servlet.mvc.method.annotation.RequestMappingHandlerAdapter.initControllerAdviceCache Looking for @ControllerAdvice: Root WebApplicationContext: startup date [Mon Oct 22 09:35:29 CDT 2018]; root of context hierarchy
22-Oct-2018 09:35:31.352 INFO [http-nio-8080-exec-7] org.springframework.web.context.ContextLoader.initWebApplicationContext Root WebApplicationContext: initialization completed in 1583 ms
22-Oct-2018 09:35:31.353 INFO [http-nio-8080-exec-7] org.apache.catalina.startup.HostConfig.deployDescriptor Deployment of configuration descriptor [C:\Users\macam\Desktop\macameron-clark-individual-work\apache-tomcat-8.5.16\conf\Catalina\localhost\GarageSale.xml] has finished in [2,853] ms
22-Oct-2018 09:35:31.359 INFO [http-nio-8080-exec-13] org.apache.catalina.util.LifecycleBase.start The start() method was called on component [StandardEngine[Catalina].StandardHost[localhost].StandardContext[/GarageSale]] after start() had already been called. The second call will be ignored.
22-Oct-2018 09:35:31.722 INFO [http-nio-8080-exec-19] org.springframework.web.servlet.DispatcherServlet.initServletBean FrameworkServlet 'spring-dispatcher': initialization started
22-Oct-2018 09:35:31.730 INFO [http-nio-8080-exec-19] org.springframework.web.context.support.XmlWebApplicationContext.prepareRefresh Refreshing WebApplicationContext for namespace 'spring-dispatcher-servlet': startup date [Mon Oct 22 09:35:31 CDT 2018]; parent: Root WebApplicationContext
22-Oct-2018 09:35:31.731 INFO [http-nio-8080-exec-19] org.springframework.beans.factory.xml.XmlBeanDefinitionReader.loadBeanDefinitions Loading XML bean definitions from ServletContext resource [/WEB-INF/spring-dispatcher-servlet.xml]
22-Oct-2018 09:35:31.759 INFO [http-nio-8080-exec-19] org.springframework.beans.factory.annotation.AutowiredAnnotationBeanPostProcessor.<init> JSR-330 'javax.inject.Inject' annotation found and supported for autowiring
22-Oct-2018 09:35:31.810 INFO [http-nio-8080-exec-19] org.springframework.web.servlet.mvc.method.annotation.RequestMappingHandlerMapping.register Mapped "{[/ || /home],methods=[GET]}" onto public java.lang.String com.sg.garagesale.controller.HomeController.displayHomePage()
22-Oct-2018 09:35:31.810 INFO [http-nio-8080-exec-19] org.springframework.web.servlet.mvc.method.annotation.RequestMappingHandlerMapping.register Mapped "{[/register],methods=[GET]}" onto public java.lang.String com.sg.garagesale.controller.HomeController.displayRegisterPage()
22-Oct-2018 09:35:31.867 INFO [http-nio-8080-exec-19] org.springframework.web.servlet.mvc.method.annotation.RequestMappingHandlerAdapter.initControllerAdviceCache Looking for @ControllerAdvice: WebApplicationContext for namespace 'spring-dispatcher-servlet': startup date [Mon Oct 22 09:35:31 CDT 2018]; parent: Root WebApplicationContext
22-Oct-2018 09:35:31.880 INFO [http-nio-8080-exec-19] org.springframework.web.servlet.mvc.method.annotation.RequestMappingHandlerAdapter.initControllerAdviceCache Looking for @ControllerAdvice: WebApplicationContext for namespace 'spring-dispatcher-servlet': startup date [Mon Oct 22 09:35:31 CDT 2018]; parent: Root WebApplicationContext
22-Oct-2018 09:35:31.961 INFO [http-nio-8080-exec-19] org.springframework.web.servlet.DispatcherServlet.initServletBean FrameworkServlet 'spring-dispatcher': initialization completed in 239 ms
22-Oct-2018 09:35:39.476 WARNING [http-nio-8080-exec-2] org.springframework.web.servlet.PageNotFound.noHandlerFound No mapping found for HTTP request with URI [/GarageSale/Register] in DispatcherServlet with name 'spring-dispatcher'
22-Oct-2018 09:35:56.507 INFO [http-nio-8080-exec-23] org.springframework.web.context.support.XmlWebApplicationContext.doClose Closing WebApplicationContext for namespace 'spring-dispatcher-servlet': startup date [Mon Oct 22 09:35:31 CDT 2018]; parent: Root WebApplicationContext
22-Oct-2018 09:35:56.520 INFO [http-nio-8080-exec-23] org.springframework.web.context.support.XmlWebApplicationContext.doClose Closing Root WebApplicationContext: startup date [Mon Oct 22 09:35:29 CDT 2018]; root of context hierarchy
22-Oct-2018 09:35:57.049 INFO [http-nio-8080-exec-23] org.apache.catalina.startup.HostConfig.undeploy Undeploying context [/GarageSale]
22-Oct-2018 09:36:07.531 INFO [http-nio-8080-exec-24] org.apache.catalina.startup.HostConfig.deployDescriptor Deploying configuration descriptor [C:\Users\macam\Desktop\macameron-clark-individual-work\apache-tomcat-8.5.16\conf\Catalina\localhost\GarageSale.xml]
22-Oct-2018 09:36:08.719 INFO [http-nio-8080-exec-24] org.apache.jasper.servlet.TldScanner.scanJars At least one JAR was scanned for TLDs yet contained no TLDs. Enable debug logging for this logger for a complete list of JARs that were scanned but no TLDs were found in them. Skipping unneeded JARs during scanning can improve startup time and JSP compilation time.
22-Oct-2018 09:36:08.757 INFO [http-nio-8080-exec-24] org.springframework.web.context.ContextLoader.initWebApplicationContext Root WebApplicationContext: initialization started
22-Oct-2018 09:36:08.832 INFO [http-nio-8080-exec-24] org.springframework.web.context.support.XmlWebApplicationContext.prepareRefresh Refreshing Root WebApplicationContext: startup date [Mon Oct 22 09:36:08 CDT 2018]; root of context hierarchy
22-Oct-2018 09:36:08.892 INFO [http-nio-8080-exec-24] org.springframework.beans.factory.xml.XmlBeanDefinitionReader.loadBeanDefinitions Loading XML bean definitions from ServletContext resource [/WEB-INF/spring-dispatcher-servlet.xml]
22-Oct-2018 09:36:09.116 INFO [http-nio-8080-exec-24] org.springframework.beans.factory.xml.XmlBeanDefinitionReader.loadBeanDefinitions Loading XML bean definitions from class path resource [spring-persistence.xml]
22-Oct-2018 09:36:09.283 INFO [http-nio-8080-exec-24] org.springframework.beans.factory.annotation.AutowiredAnnotationBeanPostProcessor.<init> JSR-330 'javax.inject.Inject' annotation found and supported for autowiring
22-Oct-2018 09:36:09.571 INFO [http-nio-8080-exec-24] org.springframework.web.servlet.mvc.method.annotation.RequestMappingHandlerMapping.register Mapped "{[/ || /home],methods=[GET]}" onto public java.lang.String com.sg.garagesale.controller.HomeController.displayHomePage()
22-Oct-2018 09:36:09.584 INFO [http-nio-8080-exec-24] org.springframework.web.servlet.mvc.method.annotation.RequestMappingHandlerMapping.register Mapped "{[/Register],methods=[GET]}" onto public java.lang.String com.sg.garagesale.controller.HomeController.displayRegisterPage()
22-Oct-2018 09:36:09.644 INFO [http-nio-8080-exec-24] org.hibernate.validator.internal.util.Version.<clinit> HV000001: Hibernate Validator 5.2.2.Final
22-Oct-2018 09:36:10.093 INFO [http-nio-8080-exec-24] org.springframework.web.servlet.mvc.method.annotation.RequestMappingHandlerAdapter.initControllerAdviceCache Looking for @ControllerAdvice: Root WebApplicationContext: startup date [Mon Oct 22 09:36:08 CDT 2018]; root of context hierarchy
22-Oct-2018 09:36:10.158 INFO [http-nio-8080-exec-24] org.springframework.web.servlet.mvc.method.annotation.RequestMappingHandlerAdapter.initControllerAdviceCache Looking for @ControllerAdvice: Root WebApplicationContext: startup date [Mon Oct 22 09:36:08 CDT 2018]; root of context hierarchy
22-Oct-2018 09:36:10.260 INFO [http-nio-8080-exec-24] org.springframework.web.context.ContextLoader.initWebApplicationContext Root WebApplicationContext: initialization completed in 1503 ms
22-Oct-2018 09:36:10.260 INFO [http-nio-8080-exec-24] org.apache.catalina.startup.HostConfig.deployDescriptor Deployment of configuration descriptor [C:\Users\macam\Desktop\macameron-clark-individual-work\apache-tomcat-8.5.16\conf\Catalina\localhost\GarageSale.xml] has finished in [2,729] ms
22-Oct-2018 09:36:10.268 INFO [http-nio-8080-exec-26] org.apache.catalina.util.LifecycleBase.start The start() method was called on component [StandardEngine[Catalina].StandardHost[localhost].StandardContext[/GarageSale]] after start() had already been called. The second call will be ignored.
22-Oct-2018 09:36:10.483 INFO [http-nio-8080-exec-20] org.springframework.web.servlet.DispatcherServlet.initServletBean FrameworkServlet 'spring-dispatcher': initialization started
22-Oct-2018 09:36:10.489 INFO [http-nio-8080-exec-20] org.springframework.web.context.support.XmlWebApplicationContext.prepareRefresh Refreshing WebApplicationContext for namespace 'spring-dispatcher-servlet': startup date [Mon Oct 22 09:36:10 CDT 2018]; parent: Root WebApplicationContext
22-Oct-2018 09:36:10.489 INFO [http-nio-8080-exec-20] org.springframework.beans.factory.xml.XmlBeanDefinitionReader.loadBeanDefinitions Loading XML bean definitions from ServletContext resource [/WEB-INF/spring-dispatcher-servlet.xml]
22-Oct-2018 09:36:10.520 INFO [http-nio-8080-exec-20] org.springframework.beans.factory.annotation.AutowiredAnnotationBeanPostProcessor.<init> JSR-330 'javax.inject.Inject' annotation found and supported for autowiring
22-Oct-2018 09:36:10.568 INFO [http-nio-8080-exec-20] org.springframework.web.servlet.mvc.method.annotation.RequestMappingHandlerMapping.register Mapped "{[/ || /home],methods=[GET]}" onto public java.lang.String com.sg.garagesale.controller.HomeController.displayHomePage()
22-Oct-2018 09:36:10.569 INFO [http-nio-8080-exec-20] org.springframework.web.servlet.mvc.method.annotation.RequestMappingHandlerMapping.register Mapped "{[/Register],methods=[GET]}" onto public java.lang.String com.sg.garagesale.controller.HomeController.displayRegisterPage()
22-Oct-2018 09:36:10.629 INFO [http-nio-8080-exec-20] org.springframework.web.servlet.mvc.method.annotation.RequestMappingHandlerAdapter.initControllerAdviceCache Looking for @ControllerAdvice: WebApplicationContext for namespace 'spring-dispatcher-servlet': startup date [Mon Oct 22 09:36:10 CDT 2018]; parent: Root WebApplicationContext
22-Oct-2018 09:36:10.645 INFO [http-nio-8080-exec-20] org.springframework.web.servlet.mvc.method.annotation.RequestMappingHandlerAdapter.initControllerAdviceCache Looking for @ControllerAdvice: WebApplicationContext for namespace 'spring-dispatcher-servlet': startup date [Mon Oct 22 09:36:10 CDT 2018]; parent: Root WebApplicationContext
22-Oct-2018 09:36:10.769 INFO [http-nio-8080-exec-20] org.springframework.web.servlet.DispatcherServlet.initServletBean FrameworkServlet 'spring-dispatcher': initialization completed in 285 ms
22-Oct-2018 09:37:55.891 INFO [http-nio-8080-exec-32] org.springframework.web.context.support.XmlWebApplicationContext.doClose Closing WebApplicationContext for namespace 'spring-dispatcher-servlet': startup date [Mon Oct 22 09:36:10 CDT 2018]; parent: Root WebApplicationContext
22-Oct-2018 09:37:55.900 INFO [http-nio-8080-exec-32] org.springframework.web.context.support.XmlWebApplicationContext.doClose Closing Root WebApplicationContext: startup date [Mon Oct 22 09:36:08 CDT 2018]; root of context hierarchy
22-Oct-2018 09:37:56.414 INFO [http-nio-8080-exec-32] org.apache.catalina.startup.HostConfig.undeploy Undeploying context [/GarageSale]
22-Oct-2018 09:37:56.455 INFO [http-nio-8080-exec-29] org.apache.catalina.startup.HostConfig.deployDescriptor Deploying configuration descriptor [C:\Users\macam\Desktop\macameron-clark-individual-work\apache-tomcat-8.5.16\conf\Catalina\localhost\GarageSale.xml]
22-Oct-2018 09:37:57.730 INFO [http-nio-8080-exec-29] org.apache.jasper.servlet.TldScanner.scanJars At least one JAR was scanned for TLDs yet contained no TLDs. Enable debug logging for this logger for a complete list of JARs that were scanned but no TLDs were found in them. Skipping unneeded JARs during scanning can improve startup time and JSP compilation time.
22-Oct-2018 09:37:57.765 INFO [http-nio-8080-exec-29] org.springframework.web.context.ContextLoader.initWebApplicationContext Root WebApplicationContext: initialization started
22-Oct-2018 09:37:57.858 INFO [http-nio-8080-exec-29] org.springframework.web.context.support.XmlWebApplicationContext.prepareRefresh Refreshing Root WebApplicationContext: startup date [Mon Oct 22 09:37:57 CDT 2018]; root of context hierarchy
22-Oct-2018 09:37:57.927 INFO [http-nio-8080-exec-29] org.springframework.beans.factory.xml.XmlBeanDefinitionReader.loadBeanDefinitions Loading XML bean definitions from ServletContext resource [/WEB-INF/spring-dispatcher-servlet.xml]
22-Oct-2018 09:37:58.158 INFO [http-nio-8080-exec-29] org.springframework.beans.factory.xml.XmlBeanDefinitionReader.loadBeanDefinitions Loading XML bean definitions from class path resource [spring-persistence.xml]
22-Oct-2018 09:37:58.338 INFO [http-nio-8080-exec-29] org.springframework.beans.factory.annotation.AutowiredAnnotationBeanPostProcessor.<init> JSR-330 'javax.inject.Inject' annotation found and supported for autowiring
22-Oct-2018 09:37:58.665 INFO [http-nio-8080-exec-29] org.springframework.web.servlet.mvc.method.annotation.RequestMappingHandlerMapping.register Mapped "{[/ || /home],methods=[GET]}" onto public java.lang.String com.sg.garagesale.controller.HomeController.displayHomePage()
22-Oct-2018 09:37:58.669 INFO [http-nio-8080-exec-29] org.springframework.web.servlet.mvc.method.annotation.RequestMappingHandlerMapping.register Mapped "{[/Register],methods=[GET]}" onto public java.lang.String com.sg.garagesale.controller.HomeController.displayRegisterPage()
22-Oct-2018 09:37:58.746 INFO [http-nio-8080-exec-29] org.hibernate.validator.internal.util.Version.<clinit> HV000001: Hibernate Validator 5.2.2.Final
22-Oct-2018 09:37:59.279 INFO [http-nio-8080-exec-29] org.springframework.web.servlet.mvc.method.annotation.RequestMappingHandlerAdapter.initControllerAdviceCache Looking for @ControllerAdvice: Root WebApplicationContext: startup date [Mon Oct 22 09:37:57 CDT 2018]; root of context hierarchy
22-Oct-2018 09:37:59.349 INFO [http-nio-8080-exec-29] org.springframework.web.servlet.mvc.method.annotation.RequestMappingHandlerAdapter.initControllerAdviceCache Looking for @ControllerAdvice: Root WebApplicationContext: startup date [Mon Oct 22 09:37:57 CDT 2018]; root of context hierarchy
22-Oct-2018 09:37:59.489 INFO [http-nio-8080-exec-29] org.springframework.web.context.ContextLoader.initWebApplicationContext Root WebApplicationContext: initialization completed in 1724 ms
22-Oct-2018 09:37:59.493 INFO [http-nio-8080-exec-29] org.apache.catalina.startup.HostConfig.deployDescriptor Deployment of configuration descriptor [C:\Users\macam\Desktop\macameron-clark-individual-work\apache-tomcat-8.5.16\conf\Catalina\localhost\GarageSale.xml] has finished in [3,038] ms
22-Oct-2018 09:37:59.497 INFO [http-nio-8080-exec-35] org.apache.catalina.util.LifecycleBase.start The start() method was called on component [StandardEngine[Catalina].StandardHost[localhost].StandardContext[/GarageSale]] after start() had already been called. The second call will be ignored.
22-Oct-2018 09:38:05.928 INFO [http-nio-8080-exec-30] org.springframework.web.servlet.DispatcherServlet.initServletBean FrameworkServlet 'spring-dispatcher': initialization started
22-Oct-2018 09:38:05.938 INFO [http-nio-8080-exec-30] org.springframework.web.context.support.XmlWebApplicationContext.prepareRefresh Refreshing WebApplicationContext for namespace 'spring-dispatcher-servlet': startup date [Mon Oct 22 09:38:05 CDT 2018]; parent: Root WebApplicationContext
22-Oct-2018 09:38:05.940 INFO [http-nio-8080-exec-30] org.springframework.beans.factory.xml.XmlBeanDefinitionReader.loadBeanDefinitions Loading XML bean definitions from ServletContext resource [/WEB-INF/spring-dispatcher-servlet.xml]
22-Oct-2018 09:38:05.986 INFO [http-nio-8080-exec-30] org.springframework.beans.factory.annotation.AutowiredAnnotationBeanPostProcessor.<init> JSR-330 'javax.inject.Inject' annotation found and supported for autowiring
22-Oct-2018 09:38:06.022 INFO [http-nio-8080-exec-30] org.springframework.web.servlet.mvc.method.annotation.RequestMappingHandlerMapping.register Mapped "{[/ || /home],methods=[GET]}" onto public java.lang.String com.sg.garagesale.controller.HomeController.displayHomePage()
22-Oct-2018 09:38:06.023 INFO [http-nio-8080-exec-30] org.springframework.web.servlet.mvc.method.annotation.RequestMappingHandlerMapping.register Mapped "{[/Register],methods=[GET]}" onto public java.lang.String com.sg.garagesale.controller.HomeController.displayRegisterPage()
22-Oct-2018 09:38:06.074 INFO [http-nio-8080-exec-30] org.springframework.web.servlet.mvc.method.annotation.RequestMappingHandlerAdapter.initControllerAdviceCache Looking for @ControllerAdvice: WebApplicationContext for namespace 'spring-dispatcher-servlet': startup date [Mon Oct 22 09:38:05 CDT 2018]; parent: Root WebApplicationContext
22-Oct-2018 09:38:06.091 INFO [http-nio-8080-exec-30] org.springframework.web.servlet.mvc.method.annotation.RequestMappingHandlerAdapter.initControllerAdviceCache Looking for @ControllerAdvice: WebApplicationContext for namespace 'spring-dispatcher-servlet': startup date [Mon Oct 22 09:38:05 CDT 2018]; parent: Root WebApplicationContext
22-Oct-2018 09:38:06.184 INFO [http-nio-8080-exec-30] org.springframework.web.servlet.DispatcherServlet.initServletBean FrameworkServlet 'spring-dispatcher': initialization completed in 255 ms
22-Oct-2018 09:59:51.634 INFO [http-nio-8080-exec-40] org.springframework.web.context.support.XmlWebApplicationContext.doClose Closing WebApplicationContext for namespace 'spring-dispatcher-servlet': startup date [Mon Oct 22 09:38:05 CDT 2018]; parent: Root WebApplicationContext
22-Oct-2018 09:59:51.644 INFO [http-nio-8080-exec-40] org.springframework.web.context.support.XmlWebApplicationContext.doClose Closing Root WebApplicationContext: startup date [Mon Oct 22 09:37:57 CDT 2018]; root of context hierarchy
22-Oct-2018 09:59:52.171 INFO [http-nio-8080-exec-40] org.apache.catalina.startup.HostConfig.undeploy Undeploying context [/GarageSale]
22-Oct-2018 09:59:52.232 INFO [http-nio-8080-exec-45] org.apache.catalina.startup.HostConfig.deployDescriptor Deploying configuration descriptor [C:\Users\macam\Desktop\macameron-clark-individual-work\apache-tomcat-8.5.16\conf\Catalina\localhost\GarageSale.xml]
22-Oct-2018 09:59:53.549 INFO [http-nio-8080-exec-45] org.apache.jasper.servlet.TldScanner.scanJars At least one JAR was scanned for TLDs yet contained no TLDs. Enable debug logging for this logger for a complete list of JARs that were scanned but no TLDs were found in them. Skipping unneeded JARs during scanning can improve startup time and JSP compilation time.
22-Oct-2018 09:59:53.577 INFO [http-nio-8080-exec-45] org.springframework.web.context.ContextLoader.initWebApplicationContext Root WebApplicationContext: initialization started
22-Oct-2018 09:59:53.660 INFO [http-nio-8080-exec-45] org.springframework.web.context.support.XmlWebApplicationContext.prepareRefresh Refreshing Root WebApplicationContext: startup date [Mon Oct 22 09:59:53 CDT 2018]; root of context hierarchy
22-Oct-2018 09:59:53.727 INFO [http-nio-8080-exec-45] org.springframework.beans.factory.xml.XmlBeanDefinitionReader.loadBeanDefinitions Loading XML bean definitions from ServletContext resource [/WEB-INF/spring-dispatcher-servlet.xml]
22-Oct-2018 09:59:53.943 INFO [http-nio-8080-exec-45] org.springframework.beans.factory.xml.XmlBeanDefinitionReader.loadBeanDefinitions Loading XML bean definitions from class path resource [spring-persistence.xml]
22-Oct-2018 09:59:54.143 INFO [http-nio-8080-exec-45] org.springframework.beans.factory.annotation.AutowiredAnnotationBeanPostProcessor.<init> JSR-330 'javax.inject.Inject' annotation found and supported for autowiring
22-Oct-2018 09:59:54.440 INFO [http-nio-8080-exec-45] org.springframework.web.servlet.mvc.method.annotation.RequestMappingHandlerMapping.register Mapped "{[/ || /home],methods=[GET]}" onto public java.lang.String com.sg.garagesale.controller.HomeController.displayHomePage()
22-Oct-2018 09:59:54.441 INFO [http-nio-8080-exec-45] org.springframework.web.servlet.mvc.method.annotation.RequestMappingHandlerMapping.register Mapped "{[/Register],methods=[GET]}" onto public java.lang.String com.sg.garagesale.controller.HomeController.displayRegisterPage()
22-Oct-2018 09:59:54.530 INFO [http-nio-8080-exec-45] org.hibernate.validator.internal.util.Version.<clinit> HV000001: Hibernate Validator 5.2.2.Final
22-Oct-2018 09:59:55.032 INFO [http-nio-8080-exec-45] org.springframework.web.servlet.mvc.method.annotation.RequestMappingHandlerAdapter.initControllerAdviceCache Looking for @ControllerAdvice: Root WebApplicationContext: startup date [Mon Oct 22 09:59:53 CDT 2018]; root of context hierarchy
22-Oct-2018 09:59:55.106 INFO [http-nio-8080-exec-45] org.springframework.web.servlet.mvc.method.annotation.RequestMappingHandlerAdapter.initControllerAdviceCache Looking for @ControllerAdvice: Root WebApplicationContext: startup date [Mon Oct 22 09:59:53 CDT 2018]; root of context hierarchy
22-Oct-2018 09:59:55.269 INFO [http-nio-8080-exec-45] org.springframework.web.context.ContextLoader.initWebApplicationContext Root WebApplicationContext: initialization completed in 1692 ms
22-Oct-2018 09:59:55.272 INFO [http-nio-8080-exec-45] org.apache.catalina.startup.HostConfig.deployDescriptor Deployment of configuration descriptor [C:\Users\macam\Desktop\macameron-clark-individual-work\apache-tomcat-8.5.16\conf\Catalina\localhost\GarageSale.xml] has finished in [3,040] ms
22-Oct-2018 09:59:55.277 INFO [http-nio-8080-exec-37] org.apache.catalina.util.LifecycleBase.start The start() method was called on component [StandardEngine[Catalina].StandardHost[localhost].StandardContext[/GarageSale]] after start() had already been called. The second call will be ignored.
22-Oct-2018 09:59:55.557 INFO [http-nio-8080-exec-36] org.springframework.web.servlet.DispatcherServlet.initServletBean FrameworkServlet 'spring-dispatcher': initialization started
22-Oct-2018 09:59:55.564 INFO [http-nio-8080-exec-36] org.springframework.web.context.support.XmlWebApplicationContext.prepareRefresh Refreshing WebApplicationContext for namespace 'spring-dispatcher-servlet': startup date [Mon Oct 22 09:59:55 CDT 2018]; parent: Root WebApplicationContext
22-Oct-2018 09:59:55.567 INFO [http-nio-8080-exec-36] org.springframework.beans.factory.xml.XmlBeanDefinitionReader.loadBeanDefinitions Loading XML bean definitions from ServletContext resource [/WEB-INF/spring-dispatcher-servlet.xml]
22-Oct-2018 09:59:55.614 INFO [http-nio-8080-exec-36] org.springframework.beans.factory.annotation.AutowiredAnnotationBeanPostProcessor.<init> JSR-330 'javax.inject.Inject' annotation found and supported for autowiring
22-Oct-2018 09:59:55.676 INFO [http-nio-8080-exec-36] org.springframework.web.servlet.mvc.method.annotation.RequestMappingHandlerMapping.register Mapped "{[/ || /home],methods=[GET]}" onto public java.lang.String com.sg.garagesale.controller.HomeController.displayHomePage()
22-Oct-2018 09:59:55.677 INFO [http-nio-8080-exec-36] org.springframework.web.servlet.mvc.method.annotation.RequestMappingHandlerMapping.register Mapped "{[/Register],methods=[GET]}" onto public java.lang.String com.sg.garagesale.controller.HomeController.displayRegisterPage()
22-Oct-2018 09:59:55.750 INFO [http-nio-8080-exec-36] org.springframework.web.servlet.mvc.method.annotation.RequestMappingHandlerAdapter.initControllerAdviceCache Looking for @ControllerAdvice: WebApplicationContext for namespace 'spring-dispatcher-servlet': startup date [Mon Oct 22 09:59:55 CDT 2018]; parent: Root WebApplicationContext
22-Oct-2018 09:59:55.763 INFO [http-nio-8080-exec-36] org.springframework.web.servlet.mvc.method.annotation.RequestMappingHandlerAdapter.initControllerAdviceCache Looking for @ControllerAdvice: WebApplicationContext for namespace 'spring-dispatcher-servlet': startup date [Mon Oct 22 09:59:55 CDT 2018]; parent: Root WebApplicationContext
22-Oct-2018 09:59:55.861 INFO [http-nio-8080-exec-36] org.springframework.web.servlet.DispatcherServlet.initServletBean FrameworkServlet 'spring-dispatcher': initialization completed in 304 ms
22-Oct-2018 10:16:36.686 WARNING [http-nio-8080-exec-55] org.springframework.web.servlet.PageNotFound.noHandlerFound No mapping found for HTTP request with URI [/GarageSale/css/bootstrap.min.css.map] in DispatcherServlet with name 'spring-dispatcher'
22-Oct-2018 10:24:28.858 WARNING [http-nio-8080-exec-48] org.springframework.web.servlet.PageNotFound.noHandlerFound No mapping found for HTTP request with URI [/GarageSale/css/bootstrap.min.css.map] in DispatcherServlet with name 'spring-dispatcher'
22-Oct-2018 10:25:04.495 WARNING [http-nio-8080-exec-55] org.springframework.web.servlet.PageNotFound.noHandlerFound No mapping found for HTTP request with URI [/GarageSale/css/bootstrap.min.css.map] in DispatcherServlet with name 'spring-dispatcher'
22-Oct-2018 10:25:15.307 WARNING [http-nio-8080-exec-47] org.springframework.web.servlet.PageNotFound.noHandlerFound No mapping found for HTTP request with URI [/GarageSale/css/bootstrap.min.css.map] in DispatcherServlet with name 'spring-dispatcher'
