07-Dec-2018 17:18:58.309 INFO [main] org.apache.catalina.startup.VersionLoggerListener.log Server version:        Apache Tomcat/8.5.16
07-Dec-2018 17:18:58.311 INFO [main] org.apache.catalina.startup.VersionLoggerListener.log Server built:          Jun 21 2017 17:01:09 UTC
07-Dec-2018 17:18:58.311 INFO [main] org.apache.catalina.startup.VersionLoggerListener.log Server number:         8.5.16.0
07-Dec-2018 17:18:58.311 INFO [main] org.apache.catalina.startup.VersionLoggerListener.log OS Name:               Windows 10
07-Dec-2018 17:18:58.311 INFO [main] org.apache.catalina.startup.VersionLoggerListener.log OS Version:            10.0
07-Dec-2018 17:18:58.311 INFO [main] org.apache.catalina.startup.VersionLoggerListener.log Architecture:          amd64
07-Dec-2018 17:18:58.311 INFO [main] org.apache.catalina.startup.VersionLoggerListener.log Java Home:             C:\Program Files\Java\jdk1.8.0_181\jre
07-Dec-2018 17:18:58.311 INFO [main] org.apache.catalina.startup.VersionLoggerListener.log JVM Version:           1.8.0_181-b13
07-Dec-2018 17:18:58.311 INFO [main] org.apache.catalina.startup.VersionLoggerListener.log JVM Vendor:            Oracle Corporation
07-Dec-2018 17:18:58.311 INFO [main] org.apache.catalina.startup.VersionLoggerListener.log CATALINA_BASE:         C:\Users\macam\Desktop\macameron-clark-individual-work\apache-tomcat-8.5.16
07-Dec-2018 17:18:58.311 INFO [main] org.apache.catalina.startup.VersionLoggerListener.log CATALINA_HOME:         C:\Users\macam\Desktop\macameron-clark-individual-work\apache-tomcat-8.5.16
07-Dec-2018 17:18:58.312 INFO [main] org.apache.catalina.startup.VersionLoggerListener.log Command line argument: -Djava.util.logging.config.file=C:\Users\macam\Desktop\macameron-clark-individual-work\apache-tomcat-8.5.16\conf\logging.properties
07-Dec-2018 17:18:58.312 INFO [main] org.apache.catalina.startup.VersionLoggerListener.log Command line argument: -Djava.util.logging.manager=org.apache.juli.ClassLoaderLogManager
07-Dec-2018 17:18:58.312 INFO [main] org.apache.catalina.startup.VersionLoggerListener.log Command line argument: -Dhttp.nonProxyHosts=localhost|127.0.0.1|LAPTOP-1960114R
07-Dec-2018 17:18:58.312 INFO [main] org.apache.catalina.startup.VersionLoggerListener.log Command line argument: -Djdk.tls.ephemeralDHKeySize=2048
07-Dec-2018 17:18:58.312 INFO [main] org.apache.catalina.startup.VersionLoggerListener.log Command line argument: -Djava.protocol.handler.pkgs=org.apache.catalina.webresources
07-Dec-2018 17:18:58.312 INFO [main] org.apache.catalina.startup.VersionLoggerListener.log Command line argument: -Dcatalina.base=C:\Users\macam\Desktop\macameron-clark-individual-work\apache-tomcat-8.5.16
07-Dec-2018 17:18:58.312 INFO [main] org.apache.catalina.startup.VersionLoggerListener.log Command line argument: -Dcatalina.home=C:\Users\macam\Desktop\macameron-clark-individual-work\apache-tomcat-8.5.16
07-Dec-2018 17:18:58.312 INFO [main] org.apache.catalina.startup.VersionLoggerListener.log Command line argument: -Djava.io.tmpdir=C:\Users\macam\Desktop\macameron-clark-individual-work\apache-tomcat-8.5.16\temp
07-Dec-2018 17:18:58.312 INFO [main] org.apache.catalina.core.AprLifecycleListener.lifecycleEvent Loaded APR based Apache Tomcat Native library [1.2.12] using APR version [1.5.2].
07-Dec-2018 17:18:58.312 INFO [main] org.apache.catalina.core.AprLifecycleListener.lifecycleEvent APR capabilities: IPv6 [true], sendfile [true], accept filters [false], random [true].
07-Dec-2018 17:18:58.312 INFO [main] org.apache.catalina.core.AprLifecycleListener.lifecycleEvent APR/OpenSSL configuration: useAprConnector [false], useOpenSSL [true]
07-Dec-2018 17:18:58.911 INFO [main] org.apache.catalina.core.AprLifecycleListener.initializeSSL OpenSSL successfully initialized [OpenSSL 1.0.2k  26 Jan 2017]
07-Dec-2018 17:18:59.025 INFO [main] org.apache.coyote.AbstractProtocol.init Initializing ProtocolHandler ["http-nio-8080"]
07-Dec-2018 17:18:59.172 INFO [main] org.apache.tomcat.util.net.NioSelectorPool.getSharedSelector Using a shared selector for servlet write/read
07-Dec-2018 17:18:59.177 INFO [main] org.apache.coyote.AbstractProtocol.init Initializing ProtocolHandler ["ajp-nio-8009"]
07-Dec-2018 17:18:59.179 INFO [main] org.apache.tomcat.util.net.NioSelectorPool.getSharedSelector Using a shared selector for servlet write/read
07-Dec-2018 17:18:59.180 INFO [main] org.apache.catalina.startup.Catalina.load Initialization processed in 1422 ms
07-Dec-2018 17:18:59.212 INFO [main] org.apache.catalina.core.StandardService.startInternal Starting service [Catalina]
07-Dec-2018 17:18:59.213 INFO [main] org.apache.catalina.core.StandardEngine.startInternal Starting Servlet Engine: Apache Tomcat/8.5.16
07-Dec-2018 17:18:59.221 INFO [localhost-startStop-1] org.apache.catalina.startup.HostConfig.deployDescriptor Deploying configuration descriptor [C:\Users\macam\Desktop\macameron-clark-individual-work\apache-tomcat-8.5.16\conf\Catalina\localhost\FactorizorJspServlet.xml]
07-Dec-2018 17:18:59.268 SEVERE [localhost-startStop-1] org.apache.catalina.core.ContainerBase.addChildInternal ContainerBase.addChild: start: 
 org.apache.catalina.LifecycleException: Failed to start component [StandardEngine[Catalina].StandardHost[localhost].StandardContext[/FactorizorJspServlet]]
	at org.apache.catalina.util.LifecycleBase.start(LifecycleBase.java:167)
	at org.apache.catalina.core.ContainerBase.addChildInternal(ContainerBase.java:752)
	at org.apache.catalina.core.ContainerBase.addChild(ContainerBase.java:728)
	at org.apache.catalina.core.StandardHost.addChild(StandardHost.java:734)
	at org.apache.catalina.startup.HostConfig.deployDescriptor(HostConfig.java:630)
	at org.apache.catalina.startup.HostConfig$DeployDescriptor.run(HostConfig.java:1842)
	at java.util.concurrent.Executors$RunnableAdapter.call(Executors.java:511)
	at java.util.concurrent.FutureTask.run(FutureTask.java:266)
	at java.util.concurrent.ThreadPoolExecutor.runWorker(ThreadPoolExecutor.java:1149)
	at java.util.concurrent.ThreadPoolExecutor$Worker.run(ThreadPoolExecutor.java:624)
	at java.lang.Thread.run(Thread.java:748)
Caused by: org.apache.catalina.LifecycleException: Failed to start component [org.apache.catalina.webresources.StandardRoot@44530df2]
	at org.apache.catalina.util.LifecycleBase.start(LifecycleBase.java:167)
	at org.apache.catalina.core.StandardContext.resourcesStart(StandardContext.java:4860)
	at org.apache.catalina.core.StandardContext.startInternal(StandardContext.java:4992)
	at org.apache.catalina.util.LifecycleBase.start(LifecycleBase.java:150)
	... 10 more
Caused by: java.lang.IllegalArgumentException: The main resource set specified [C:\Users\macam\Desktop\macameron-clark-individual-work\New Folder\FactorizorJspServlet\target\FactorizorJspServlet-1.0-SNAPSHOT] is not valid
	at org.apache.catalina.webresources.StandardRoot.createMainResourceSet(StandardRoot.java:733)
	at org.apache.catalina.webresources.StandardRoot.startInternal(StandardRoot.java:691)
	at org.apache.catalina.util.LifecycleBase.start(LifecycleBase.java:150)
	... 13 more

07-Dec-2018 17:18:59.269 SEVERE [localhost-startStop-1] org.apache.catalina.startup.HostConfig.deployDescriptor Error deploying configuration descriptor [C:\Users\macam\Desktop\macameron-clark-individual-work\apache-tomcat-8.5.16\conf\Catalina\localhost\FactorizorJspServlet.xml]
 java.lang.IllegalStateException: ContainerBase.addChild: start: org.apache.catalina.LifecycleException: Failed to start component [StandardEngine[Catalina].StandardHost[localhost].StandardContext[/FactorizorJspServlet]]
	at org.apache.catalina.core.ContainerBase.addChildInternal(ContainerBase.java:756)
	at org.apache.catalina.core.ContainerBase.addChild(ContainerBase.java:728)
	at org.apache.catalina.core.StandardHost.addChild(StandardHost.java:734)
	at org.apache.catalina.startup.HostConfig.deployDescriptor(HostConfig.java:630)
	at org.apache.catalina.startup.HostConfig$DeployDescriptor.run(HostConfig.java:1842)
	at java.util.concurrent.Executors$RunnableAdapter.call(Executors.java:511)
	at java.util.concurrent.FutureTask.run(FutureTask.java:266)
	at java.util.concurrent.ThreadPoolExecutor.runWorker(ThreadPoolExecutor.java:1149)
	at java.util.concurrent.ThreadPoolExecutor$Worker.run(ThreadPoolExecutor.java:624)
	at java.lang.Thread.run(Thread.java:748)

07-Dec-2018 17:18:59.271 INFO [localhost-startStop-1] org.apache.catalina.startup.HostConfig.deployDescriptor Deployment of configuration descriptor [C:\Users\macam\Desktop\macameron-clark-individual-work\apache-tomcat-8.5.16\conf\Catalina\localhost\FactorizorJspServlet.xml] has finished in [49] ms
07-Dec-2018 17:18:59.271 INFO [localhost-startStop-1] org.apache.catalina.startup.HostConfig.deployDescriptor Deploying configuration descriptor [C:\Users\macam\Desktop\macameron-clark-individual-work\apache-tomcat-8.5.16\conf\Catalina\localhost\FactorizorSpringMVC.xml]
07-Dec-2018 17:19:02.088 INFO [localhost-startStop-1] org.apache.jasper.servlet.TldScanner.scanJars At least one JAR was scanned for TLDs yet contained no TLDs. Enable debug logging for this logger for a complete list of JARs that were scanned but no TLDs were found in them. Skipping unneeded JARs during scanning can improve startup time and JSP compilation time.
07-Dec-2018 17:19:02.162 INFO [localhost-startStop-1] org.springframework.web.context.ContextLoader.initWebApplicationContext Root WebApplicationContext: initialization started
07-Dec-2018 17:19:02.295 INFO [localhost-startStop-1] org.springframework.web.context.support.XmlWebApplicationContext.prepareRefresh Refreshing Root WebApplicationContext: startup date [Fri Dec 07 17:19:02 MST 2018]; root of context hierarchy
07-Dec-2018 17:19:02.384 INFO [localhost-startStop-1] org.springframework.beans.factory.xml.XmlBeanDefinitionReader.loadBeanDefinitions Loading XML bean definitions from ServletContext resource [/WEB-INF/spring-dispatcher-servlet.xml]
07-Dec-2018 17:19:02.773 INFO [localhost-startStop-1] org.springframework.beans.factory.xml.XmlBeanDefinitionReader.loadBeanDefinitions Loading XML bean definitions from class path resource [spring-persistence.xml]
07-Dec-2018 17:19:03.035 INFO [localhost-startStop-1] org.springframework.beans.factory.annotation.AutowiredAnnotationBeanPostProcessor.<init> JSR-330 'javax.inject.Inject' annotation found and supported for autowiring
07-Dec-2018 17:19:03.473 INFO [localhost-startStop-1] org.springframework.web.servlet.mvc.method.annotation.RequestMappingHandlerMapping.register Mapped "{[/factorNumber],methods=[POST]}" onto public java.lang.String com.sg.factorizorspringmvc.FactorizorController.factorNumber(javax.servlet.http.HttpServletRequest,java.util.Map<java.lang.String, java.lang.Object>)
07-Dec-2018 17:19:03.476 INFO [localhost-startStop-1] org.springframework.web.servlet.mvc.method.annotation.RequestMappingHandlerMapping.register Mapped "{[/hello/sayhi],methods=[GET]}" onto public java.lang.String com.sg.factorizorspringmvc.HelloController.sayHi(java.util.Map<java.lang.String, java.lang.Object>)
07-Dec-2018 17:19:03.555 INFO [localhost-startStop-1] org.hibernate.validator.internal.util.Version.<clinit> HV000001: Hibernate Validator 5.2.2.Final
07-Dec-2018 17:19:04.131 INFO [localhost-startStop-1] org.springframework.web.servlet.mvc.method.annotation.RequestMappingHandlerAdapter.initControllerAdviceCache Looking for @ControllerAdvice: Root WebApplicationContext: startup date [Fri Dec 07 17:19:02 MST 2018]; root of context hierarchy
07-Dec-2018 17:19:04.208 INFO [localhost-startStop-1] org.springframework.web.servlet.mvc.method.annotation.RequestMappingHandlerAdapter.initControllerAdviceCache Looking for @ControllerAdvice: Root WebApplicationContext: startup date [Fri Dec 07 17:19:02 MST 2018]; root of context hierarchy
07-Dec-2018 17:19:04.340 INFO [localhost-startStop-1] org.springframework.web.context.ContextLoader.initWebApplicationContext Root WebApplicationContext: initialization completed in 2178 ms
07-Dec-2018 17:19:04.360 INFO [localhost-startStop-1] org.apache.catalina.startup.HostConfig.deployDescriptor Deployment of configuration descriptor [C:\Users\macam\Desktop\macameron-clark-individual-work\apache-tomcat-8.5.16\conf\Catalina\localhost\FactorizorSpringMVC.xml] has finished in [5,088] ms
07-Dec-2018 17:19:04.360 INFO [localhost-startStop-1] org.apache.catalina.startup.HostConfig.deployDescriptor Deploying configuration descriptor [C:\Users\macam\Desktop\macameron-clark-individual-work\apache-tomcat-8.5.16\conf\Catalina\localhost\FlooringCalculator.xml]
07-Dec-2018 17:19:04.543 INFO [localhost-startStop-1] org.apache.catalina.startup.HostConfig.deployDescriptor Deployment of configuration descriptor [C:\Users\macam\Desktop\macameron-clark-individual-work\apache-tomcat-8.5.16\conf\Catalina\localhost\FlooringCalculator.xml] has finished in [183] ms
07-Dec-2018 17:19:04.544 INFO [localhost-startStop-1] org.apache.catalina.startup.HostConfig.deployDescriptor Deploying configuration descriptor [C:\Users\macam\Desktop\macameron-clark-individual-work\apache-tomcat-8.5.16\conf\Catalina\localhost\FlooringCalculatorSpringMVC.xml]
07-Dec-2018 17:19:07.024 INFO [localhost-startStop-1] org.apache.jasper.servlet.TldScanner.scanJars At least one JAR was scanned for TLDs yet contained no TLDs. Enable debug logging for this logger for a complete list of JARs that were scanned but no TLDs were found in them. Skipping unneeded JARs during scanning can improve startup time and JSP compilation time.
07-Dec-2018 17:19:07.080 INFO [localhost-startStop-1] org.springframework.web.context.ContextLoader.initWebApplicationContext Root WebApplicationContext: initialization started
07-Dec-2018 17:19:07.194 INFO [localhost-startStop-1] org.springframework.web.context.support.XmlWebApplicationContext.prepareRefresh Refreshing Root WebApplicationContext: startup date [Fri Dec 07 17:19:07 MST 2018]; root of context hierarchy
07-Dec-2018 17:19:07.270 INFO [localhost-startStop-1] org.springframework.beans.factory.xml.XmlBeanDefinitionReader.loadBeanDefinitions Loading XML bean definitions from ServletContext resource [/WEB-INF/spring-dispatcher-servlet.xml]
07-Dec-2018 17:19:07.533 INFO [localhost-startStop-1] org.springframework.beans.factory.xml.XmlBeanDefinitionReader.loadBeanDefinitions Loading XML bean definitions from class path resource [spring-persistence.xml]
07-Dec-2018 17:19:07.725 INFO [localhost-startStop-1] org.springframework.beans.factory.annotation.AutowiredAnnotationBeanPostProcessor.<init> JSR-330 'javax.inject.Inject' annotation found and supported for autowiring
07-Dec-2018 17:19:08.012 INFO [localhost-startStop-1] org.springframework.web.servlet.mvc.method.annotation.RequestMappingHandlerMapping.register Mapped "{[/calculateFloor],methods=[POST]}" onto public java.lang.String com.sg.flooringcalculatorspringmvc.FloooringCalculatorSpringMvc.returnValues(javax.servlet.http.HttpServletRequest,java.util.Map<java.lang.String, java.lang.Object>)
07-Dec-2018 17:19:08.015 INFO [localhost-startStop-1] org.springframework.web.servlet.mvc.method.annotation.RequestMappingHandlerMapping.register Mapped "{[/hello/sayhi],methods=[GET]}" onto public java.lang.String com.sg.flooringcalculatorspringmvc.HelloController.sayHi(java.util.Map<java.lang.String, java.lang.Object>)
07-Dec-2018 17:19:08.090 INFO [localhost-startStop-1] org.hibernate.validator.internal.util.Version.<clinit> HV000001: Hibernate Validator 5.2.2.Final
07-Dec-2018 17:19:08.716 INFO [localhost-startStop-1] org.springframework.web.servlet.mvc.method.annotation.RequestMappingHandlerAdapter.initControllerAdviceCache Looking for @ControllerAdvice: Root WebApplicationContext: startup date [Fri Dec 07 17:19:07 MST 2018]; root of context hierarchy
07-Dec-2018 17:19:08.794 INFO [localhost-startStop-1] org.springframework.web.servlet.mvc.method.annotation.RequestMappingHandlerAdapter.initControllerAdviceCache Looking for @ControllerAdvice: Root WebApplicationContext: startup date [Fri Dec 07 17:19:07 MST 2018]; root of context hierarchy
07-Dec-2018 17:19:08.910 INFO [localhost-startStop-1] org.springframework.web.context.ContextLoader.initWebApplicationContext Root WebApplicationContext: initialization completed in 1830 ms
07-Dec-2018 17:19:08.915 INFO [localhost-startStop-1] org.apache.catalina.startup.HostConfig.deployDescriptor Deployment of configuration descriptor [C:\Users\macam\Desktop\macameron-clark-individual-work\apache-tomcat-8.5.16\conf\Catalina\localhost\FlooringCalculatorSpringMVC.xml] has finished in [4,371] ms
07-Dec-2018 17:19:08.915 INFO [localhost-startStop-1] org.apache.catalina.startup.HostConfig.deployDescriptor Deploying configuration descriptor [C:\Users\macam\Desktop\macameron-clark-individual-work\apache-tomcat-8.5.16\conf\Catalina\localhost\GarageSale.xml]
07-Dec-2018 17:19:11.964 INFO [localhost-startStop-1] org.apache.jasper.servlet.TldScanner.scanJars At least one JAR was scanned for TLDs yet contained no TLDs. Enable debug logging for this logger for a complete list of JARs that were scanned but no TLDs were found in them. Skipping unneeded JARs during scanning can improve startup time and JSP compilation time.
07-Dec-2018 17:19:12.054 INFO [localhost-startStop-1] org.springframework.web.context.ContextLoader.initWebApplicationContext Root WebApplicationContext: initialization started
07-Dec-2018 17:19:12.121 INFO [localhost-startStop-1] org.springframework.web.context.support.XmlWebApplicationContext.prepareRefresh Refreshing Root WebApplicationContext: startup date [Fri Dec 07 17:19:12 MST 2018]; root of context hierarchy
07-Dec-2018 17:19:12.199 INFO [localhost-startStop-1] org.springframework.beans.factory.xml.XmlBeanDefinitionReader.loadBeanDefinitions Loading XML bean definitions from ServletContext resource [/WEB-INF/spring-dispatcher-servlet.xml]
07-Dec-2018 17:19:12.484 INFO [localhost-startStop-1] org.springframework.beans.factory.xml.XmlBeanDefinitionReader.loadBeanDefinitions Loading XML bean definitions from class path resource [spring-persistence.xml]
07-Dec-2018 17:19:12.961 INFO [localhost-startStop-1] org.springframework.beans.factory.annotation.AutowiredAnnotationBeanPostProcessor.<init> JSR-330 'javax.inject.Inject' annotation found and supported for autowiring
07-Dec-2018 17:19:13.355 INFO [localhost-startStop-1] org.springframework.web.servlet.mvc.method.annotation.RequestMappingHandlerMapping.register Mapped "{[/moderationpage],methods=[GET]}" onto public java.lang.String com.sg.garagesale.controller.AdminController.displayModerationPage(org.springframework.ui.Model)
07-Dec-2018 17:19:13.357 INFO [localhost-startStop-1] org.springframework.web.servlet.mvc.method.annotation.RequestMappingHandlerMapping.register Mapped "{[/deleteuser],methods=[GET]}" onto public java.lang.String com.sg.garagesale.controller.AdminController.deleteUser(javax.servlet.http.HttpServletRequest)
07-Dec-2018 17:19:13.357 INFO [localhost-startStop-1] org.springframework.web.servlet.mvc.method.annotation.RequestMappingHandlerMapping.register Mapped "{[/edituser],methods=[GET]}" onto public java.lang.String com.sg.garagesale.controller.AdminController.editUser(org.springframework.ui.Model,java.lang.Integer)
07-Dec-2018 17:19:13.357 INFO [localhost-startStop-1] org.springframework.web.servlet.mvc.method.annotation.RequestMappingHandlerMapping.register Mapped "{[/edituser],methods=[POST]}" onto public java.lang.String com.sg.garagesale.controller.AdminController.editUserAction(java.lang.String[],java.lang.Boolean,java.lang.Integer)
07-Dec-2018 17:19:13.360 INFO [localhost-startStop-1] org.springframework.web.servlet.mvc.method.annotation.RequestMappingHandlerMapping.register Mapped "{[/Garagesale],methods=[GET]}" onto public java.lang.String com.sg.garagesale.controller.CreateGarageSaleController.displayGarageSales(org.springframework.ui.Model)
07-Dec-2018 17:19:13.360 INFO [localhost-startStop-1] org.springframework.web.servlet.mvc.method.annotation.RequestMappingHandlerMapping.register Mapped "{[/CreateSale],methods=[POST]}" onto public java.lang.String com.sg.garagesale.controller.CreateGarageSaleController.createSaleResults(javax.servlet.http.HttpServletRequest)
07-Dec-2018 17:19:13.360 INFO [localhost-startStop-1] org.springframework.web.servlet.mvc.method.annotation.RequestMappingHandlerMapping.register Mapped "{[/displayEditGarageSale],methods=[GET]}" onto public java.lang.String com.sg.garagesale.controller.CreateGarageSaleController.displayEditGarageSale(javax.servlet.http.HttpServletRequest,org.springframework.ui.Model)
07-Dec-2018 17:19:13.360 INFO [localhost-startStop-1] org.springframework.web.servlet.mvc.method.annotation.RequestMappingHandlerMapping.register Mapped "{[/deleteGarageSale],methods=[GET]}" onto public java.lang.String com.sg.garagesale.controller.CreateGarageSaleController.deleteGarageSale(javax.servlet.http.HttpServletRequest)
07-Dec-2018 17:19:13.361 INFO [localhost-startStop-1] org.springframework.web.servlet.mvc.method.annotation.RequestMappingHandlerMapping.register Mapped "{[/ViewGarageSale],methods=[GET]}" onto public java.lang.String com.sg.garagesale.controller.CreateGarageSaleController.ViewGarageSale(javax.servlet.http.HttpServletRequest,org.springframework.ui.Model)
07-Dec-2018 17:19:13.361 INFO [localhost-startStop-1] org.springframework.web.servlet.mvc.method.annotation.RequestMappingHandlerMapping.register Mapped "{[/CreateSale],methods=[GET]}" onto public java.lang.String com.sg.garagesale.controller.CreateGarageSaleController.createSalePage(javax.servlet.http.HttpServletRequest)
07-Dec-2018 17:19:13.361 INFO [localhost-startStop-1] org.springframework.web.servlet.mvc.method.annotation.RequestMappingHandlerMapping.register Mapped "{[/editGarage],methods=[POST]}" onto public java.lang.String com.sg.garagesale.controller.CreateGarageSaleController.editGarage(com.sg.garagesale.model.GarageSale)
07-Dec-2018 17:19:13.362 INFO [localhost-startStop-1] org.springframework.web.servlet.mvc.method.annotation.RequestMappingHandlerMapping.register Mapped "{[/createUser],methods=[POST]}" onto public java.lang.String com.sg.garagesale.controller.HomeController.createUser(javax.servlet.http.HttpServletRequest)
07-Dec-2018 17:19:13.362 INFO [localhost-startStop-1] org.springframework.web.servlet.mvc.method.annotation.RequestMappingHandlerMapping.register Mapped "{[/Register],methods=[GET]}" onto public java.lang.String com.sg.garagesale.controller.HomeController.displayRegisterPage()
07-Dec-2018 17:19:13.391 INFO [localhost-startStop-1] org.springframework.web.servlet.mvc.method.annotation.RequestMappingHandlerMapping.register Mapped "{[/ || /Home],methods=[GET]}" onto public java.lang.String com.sg.garagesale.controller.HomeController.displayHomePage()
07-Dec-2018 17:19:13.394 INFO [localhost-startStop-1] org.springframework.web.servlet.mvc.method.annotation.RequestMappingHandlerMapping.register Mapped "{[/CreateItem],methods=[POST]}" onto public java.lang.String com.sg.garagesale.controller.ItemsController.createItem(javax.servlet.http.HttpServletRequest,org.springframework.ui.Model)
07-Dec-2018 17:19:13.395 INFO [localhost-startStop-1] org.springframework.web.servlet.mvc.method.annotation.RequestMappingHandlerMapping.register Mapped "{[/ViewItem],methods=[GET]}" onto public java.lang.String com.sg.garagesale.controller.ItemsController.ViewItems(org.springframework.ui.Model,javax.servlet.http.HttpServletRequest)
07-Dec-2018 17:19:13.395 INFO [localhost-startStop-1] org.springframework.web.servlet.mvc.method.annotation.RequestMappingHandlerMapping.register Mapped "{[/deleteItem],methods=[GET]}" onto public java.lang.String com.sg.garagesale.controller.ItemsController.deleteItem(javax.servlet.http.HttpServletRequest,org.springframework.ui.Model)
07-Dec-2018 17:19:13.396 INFO [localhost-startStop-1] org.springframework.web.servlet.mvc.method.annotation.RequestMappingHandlerMapping.register Mapped "{[/login],methods=[GET]}" onto public java.lang.String com.sg.garagesale.controller.LoginController.showLoginForm()
07-Dec-2018 17:19:13.396 INFO [localhost-startStop-1] org.springframework.web.servlet.mvc.method.annotation.RequestMappingHandlerMapping.register Mapped "{[/],methods=[POST]}" onto public java.lang.String com.sg.garagesale.controller.LoginController.afterLogin()
07-Dec-2018 17:19:13.486 INFO [localhost-startStop-1] org.hibernate.validator.internal.util.Version.<clinit> HV000001: Hibernate Validator 5.2.2.Final
07-Dec-2018 17:19:14.083 INFO [localhost-startStop-1] org.springframework.web.servlet.mvc.method.annotation.RequestMappingHandlerAdapter.initControllerAdviceCache Looking for @ControllerAdvice: Root WebApplicationContext: startup date [Fri Dec 07 17:19:12 MST 2018]; root of context hierarchy
07-Dec-2018 17:19:14.151 INFO [localhost-startStop-1] org.springframework.web.servlet.mvc.method.annotation.RequestMappingHandlerAdapter.initControllerAdviceCache Looking for @ControllerAdvice: Root WebApplicationContext: startup date [Fri Dec 07 17:19:12 MST 2018]; root of context hierarchy
07-Dec-2018 17:19:14.964 INFO [localhost-startStop-1] org.springframework.security.web.DefaultSecurityFilterChain.<init> Creating filter chain: org.springframework.security.web.util.matcher.AnyRequestMatcher@1, [org.springframework.security.web.context.request.async.WebAsyncManagerIntegrationFilter@a6e852, org.springframework.security.web.context.SecurityContextPersistenceFilter@7ae2c9ef, org.springframework.security.web.header.HeaderWriterFilter@22771564, org.springframework.security.web.csrf.CsrfFilter@38fc76f2, org.springframework.security.web.authentication.logout.LogoutFilter@4e2ffd82, org.springframework.security.web.authentication.UsernamePasswordAuthenticationFilter@33924be2, org.springframework.security.web.savedrequest.RequestCacheAwareFilter@2230cb32, org.springframework.security.web.servletapi.SecurityContextHolderAwareRequestFilter@2b3844be, org.springframework.security.web.authentication.AnonymousAuthenticationFilter@4b1c4317, org.springframework.security.web.session.SessionManagementFilter@1be3d460, org.springframework.security.web.access.ExceptionTranslationFilter@2ae163df, org.springframework.security.web.access.intercept.FilterSecurityInterceptor@5399d874]
07-Dec-2018 17:19:15.023 INFO [localhost-startStop-1] org.springframework.web.context.ContextLoader.initWebApplicationContext Root WebApplicationContext: initialization completed in 2969 ms
07-Dec-2018 17:19:15.030 INFO [localhost-startStop-1] org.apache.catalina.startup.HostConfig.deployDescriptor Deployment of configuration descriptor [C:\Users\macam\Desktop\macameron-clark-individual-work\apache-tomcat-8.5.16\conf\Catalina\localhost\GarageSale.xml] has finished in [6,115] ms
07-Dec-2018 17:19:15.030 INFO [localhost-startStop-1] org.apache.catalina.startup.HostConfig.deployDescriptor Deploying configuration descriptor [C:\Users\macam\Desktop\macameron-clark-individual-work\apache-tomcat-8.5.16\conf\Catalina\localhost\HangmanSpringMVC.xml]
07-Dec-2018 17:19:15.039 SEVERE [localhost-startStop-1] org.apache.catalina.core.ContainerBase.addChildInternal ContainerBase.addChild: start: 
 org.apache.catalina.LifecycleException: Failed to start component [StandardEngine[Catalina].StandardHost[localhost].StandardContext[/HangmanSpringMVC]]
	at org.apache.catalina.util.LifecycleBase.start(LifecycleBase.java:167)
	at org.apache.catalina.core.ContainerBase.addChildInternal(ContainerBase.java:752)
	at org.apache.catalina.core.ContainerBase.addChild(ContainerBase.java:728)
	at org.apache.catalina.core.StandardHost.addChild(StandardHost.java:734)
	at org.apache.catalina.startup.HostConfig.deployDescriptor(HostConfig.java:630)
	at org.apache.catalina.startup.HostConfig$DeployDescriptor.run(HostConfig.java:1842)
	at java.util.concurrent.Executors$RunnableAdapter.call(Executors.java:511)
	at java.util.concurrent.FutureTask.run(FutureTask.java:266)
	at java.util.concurrent.ThreadPoolExecutor.runWorker(ThreadPoolExecutor.java:1149)
	at java.util.concurrent.ThreadPoolExecutor$Worker.run(ThreadPoolExecutor.java:624)
	at java.lang.Thread.run(Thread.java:748)
Caused by: org.apache.catalina.LifecycleException: Failed to start component [org.apache.catalina.webresources.StandardRoot@6fb7e435]
	at org.apache.catalina.util.LifecycleBase.start(LifecycleBase.java:167)
	at org.apache.catalina.core.StandardContext.resourcesStart(StandardContext.java:4860)
	at org.apache.catalina.core.StandardContext.startInternal(StandardContext.java:4992)
	at org.apache.catalina.util.LifecycleBase.start(LifecycleBase.java:150)
	... 10 more
Caused by: java.lang.IllegalArgumentException: The main resource set specified [C:\Users\macam\Desktop\macameron-clark-individual-work\HangmanSpringMVC\target\spring-mvc-webapp] is not valid
	at org.apache.catalina.webresources.StandardRoot.createMainResourceSet(StandardRoot.java:733)
	at org.apache.catalina.webresources.StandardRoot.startInternal(StandardRoot.java:691)
	at org.apache.catalina.util.LifecycleBase.start(LifecycleBase.java:150)
	... 13 more

07-Dec-2018 17:19:15.040 SEVERE [localhost-startStop-1] org.apache.catalina.startup.HostConfig.deployDescriptor Error deploying configuration descriptor [C:\Users\macam\Desktop\macameron-clark-individual-work\apache-tomcat-8.5.16\conf\Catalina\localhost\HangmanSpringMVC.xml]
 java.lang.IllegalStateException: ContainerBase.addChild: start: org.apache.catalina.LifecycleException: Failed to start component [StandardEngine[Catalina].StandardHost[localhost].StandardContext[/HangmanSpringMVC]]
	at org.apache.catalina.core.ContainerBase.addChildInternal(ContainerBase.java:756)
	at org.apache.catalina.core.ContainerBase.addChild(ContainerBase.java:728)
	at org.apache.catalina.core.StandardHost.addChild(StandardHost.java:734)
	at org.apache.catalina.startup.HostConfig.deployDescriptor(HostConfig.java:630)
	at org.apache.catalina.startup.HostConfig$DeployDescriptor.run(HostConfig.java:1842)
	at java.util.concurrent.Executors$RunnableAdapter.call(Executors.java:511)
	at java.util.concurrent.FutureTask.run(FutureTask.java:266)
	at java.util.concurrent.ThreadPoolExecutor.runWorker(ThreadPoolExecutor.java:1149)
	at java.util.concurrent.ThreadPoolExecutor$Worker.run(ThreadPoolExecutor.java:624)
	at java.lang.Thread.run(Thread.java:748)

07-Dec-2018 17:19:15.064 INFO [localhost-startStop-1] org.apache.catalina.startup.HostConfig.deployDescriptor Deployment of configuration descriptor [C:\Users\macam\Desktop\macameron-clark-individual-work\apache-tomcat-8.5.16\conf\Catalina\localhost\HangmanSpringMVC.xml] has finished in [34] ms
07-Dec-2018 17:19:15.064 INFO [localhost-startStop-1] org.apache.catalina.startup.HostConfig.deployDescriptor Deploying configuration descriptor [C:\Users\macam\Desktop\macameron-clark-individual-work\apache-tomcat-8.5.16\conf\Catalina\localhost\HelloSecurity.xml]
07-Dec-2018 17:19:17.907 INFO [localhost-startStop-1] org.apache.jasper.servlet.TldScanner.scanJars At least one JAR was scanned for TLDs yet contained no TLDs. Enable debug logging for this logger for a complete list of JARs that were scanned but no TLDs were found in them. Skipping unneeded JARs during scanning can improve startup time and JSP compilation time.
07-Dec-2018 17:19:17.976 INFO [localhost-startStop-1] org.springframework.web.context.ContextLoader.initWebApplicationContext Root WebApplicationContext: initialization started
07-Dec-2018 17:19:18.035 INFO [localhost-startStop-1] org.springframework.web.context.support.XmlWebApplicationContext.prepareRefresh Refreshing Root WebApplicationContext: startup date [Fri Dec 07 17:19:18 MST 2018]; root of context hierarchy
07-Dec-2018 17:19:18.104 INFO [localhost-startStop-1] org.springframework.beans.factory.xml.XmlBeanDefinitionReader.loadBeanDefinitions Loading XML bean definitions from ServletContext resource [/WEB-INF/spring-dispatcher-servlet.xml]
07-Dec-2018 17:19:18.368 INFO [localhost-startStop-1] org.springframework.beans.factory.xml.XmlBeanDefinitionReader.loadBeanDefinitions Loading XML bean definitions from class path resource [spring-persistence.xml]
07-Dec-2018 17:19:18.790 INFO [localhost-startStop-1] org.springframework.beans.factory.annotation.AutowiredAnnotationBeanPostProcessor.<init> JSR-330 'javax.inject.Inject' annotation found and supported for autowiring
07-Dec-2018 17:19:19.148 INFO [localhost-startStop-1] org.springframework.web.servlet.mvc.method.annotation.RequestMappingHandlerMapping.register Mapped "{[/admin],methods=[GET]}" onto public java.lang.String com.sg.hellosecurity.controller.AdminController.displayAdminPage(org.springframework.ui.Model)
07-Dec-2018 17:19:19.149 INFO [localhost-startStop-1] org.springframework.web.servlet.mvc.method.annotation.RequestMappingHandlerMapping.register Mapped "{[/editPassword],methods=[POST]}" onto public java.lang.String com.sg.hellosecurity.controller.AdminController.editPassword(java.lang.Integer,java.lang.String,java.lang.String)
07-Dec-2018 17:19:19.149 INFO [localhost-startStop-1] org.springframework.web.servlet.mvc.method.annotation.RequestMappingHandlerMapping.register Mapped "{[/editUser],methods=[GET]}" onto public java.lang.String com.sg.hellosecurity.controller.AdminController.editUserDisplay(org.springframework.ui.Model,java.lang.Integer)
07-Dec-2018 17:19:19.150 WARNING [localhost-startStop-1] org.springframework.web.context.support.XmlWebApplicationContext.refresh Exception encountered during context initialization - cancelling refresh attempt: org.springframework.beans.factory.BeanCreationException: Error creating bean with name 'org.springframework.web.servlet.mvc.method.annotation.RequestMappingHandlerMapping': Invocation of init method failed; nested exception is java.lang.IllegalStateException: Ambiguous mapping. Cannot map 'adminController' method 
public java.lang.String com.sg.hellosecurity.controller.AdminController.editUserDisplay(org.springframework.ui.Model,java.lang.Integer,java.lang.Integer)
to {[/editUser],methods=[GET]}: There is already 'adminController' bean method
public java.lang.String com.sg.hellosecurity.controller.AdminController.editUserDisplay(org.springframework.ui.Model,java.lang.Integer) mapped.
07-Dec-2018 17:19:19.152 SEVERE [localhost-startStop-1] org.springframework.web.context.ContextLoader.initWebApplicationContext Context initialization failed
 org.springframework.beans.factory.BeanCreationException: Error creating bean with name 'org.springframework.web.servlet.mvc.method.annotation.RequestMappingHandlerMapping': Invocation of init method failed; nested exception is java.lang.IllegalStateException: Ambiguous mapping. Cannot map 'adminController' method 
public java.lang.String com.sg.hellosecurity.controller.AdminController.editUserDisplay(org.springframework.ui.Model,java.lang.Integer,java.lang.Integer)
to {[/editUser],methods=[GET]}: There is already 'adminController' bean method
public java.lang.String com.sg.hellosecurity.controller.AdminController.editUserDisplay(org.springframework.ui.Model,java.lang.Integer) mapped.
	at org.springframework.beans.factory.support.AbstractAutowireCapableBeanFactory.initializeBean(AbstractAutowireCapableBeanFactory.java:1628)
	at org.springframework.beans.factory.support.AbstractAutowireCapableBeanFactory.doCreateBean(AbstractAutowireCapableBeanFactory.java:555)
	at org.springframework.beans.factory.support.AbstractAutowireCapableBeanFactory.createBean(AbstractAutowireCapableBeanFactory.java:483)
	at org.springframework.beans.factory.support.AbstractBeanFactory$1.getObject(AbstractBeanFactory.java:306)
	at org.springframework.beans.factory.support.DefaultSingletonBeanRegistry.getSingleton(DefaultSingletonBeanRegistry.java:230)
	at org.springframework.beans.factory.support.AbstractBeanFactory.doGetBean(AbstractBeanFactory.java:302)
	at org.springframework.beans.factory.support.AbstractBeanFactory.getBean(AbstractBeanFactory.java:197)
	at org.springframework.beans.factory.support.DefaultListableBeanFactory.preInstantiateSingletons(DefaultListableBeanFactory.java:761)
	at org.springframework.context.support.AbstractApplicationContext.finishBeanFactoryInitialization(AbstractApplicationContext.java:866)
	at org.springframework.context.support.AbstractApplicationContext.refresh(AbstractApplicationContext.java:542)
	at org.springframework.web.context.ContextLoader.configureAndRefreshWebApplicationContext(ContextLoader.java:444)
	at org.springframework.web.context.ContextLoader.initWebApplicationContext(ContextLoader.java:326)
	at org.springframework.web.context.ContextLoaderListener.contextInitialized(ContextLoaderListener.java:107)
	at org.apache.catalina.core.StandardContext.listenerStart(StandardContext.java:4745)
	at org.apache.catalina.core.StandardContext.startInternal(StandardContext.java:5207)
	at org.apache.catalina.util.LifecycleBase.start(LifecycleBase.java:150)
	at org.apache.catalina.core.ContainerBase.addChildInternal(ContainerBase.java:752)
	at org.apache.catalina.core.ContainerBase.addChild(ContainerBase.java:728)
	at org.apache.catalina.core.StandardHost.addChild(StandardHost.java:734)
	at org.apache.catalina.startup.HostConfig.deployDescriptor(HostConfig.java:630)
	at org.apache.catalina.startup.HostConfig$DeployDescriptor.run(HostConfig.java:1842)
	at java.util.concurrent.Executors$RunnableAdapter.call(Executors.java:511)
	at java.util.concurrent.FutureTask.run(FutureTask.java:266)
	at java.util.concurrent.ThreadPoolExecutor.runWorker(ThreadPoolExecutor.java:1149)
	at java.util.concurrent.ThreadPoolExecutor$Worker.run(ThreadPoolExecutor.java:624)
	at java.lang.Thread.run(Thread.java:748)
Caused by: java.lang.IllegalStateException: Ambiguous mapping. Cannot map 'adminController' method 
public java.lang.String com.sg.hellosecurity.controller.AdminController.editUserDisplay(org.springframework.ui.Model,java.lang.Integer,java.lang.Integer)
to {[/editUser],methods=[GET]}: There is already 'adminController' bean method
public java.lang.String com.sg.hellosecurity.controller.AdminController.editUserDisplay(org.springframework.ui.Model,java.lang.Integer) mapped.
	at org.springframework.web.servlet.handler.AbstractHandlerMethodMapping$MappingRegistry.assertUniqueMethodMapping(AbstractHandlerMethodMapping.java:576)
	at org.springframework.web.servlet.handler.AbstractHandlerMethodMapping$MappingRegistry.register(AbstractHandlerMethodMapping.java:540)
	at org.springframework.web.servlet.handler.AbstractHandlerMethodMapping.registerHandlerMethod(AbstractHandlerMethodMapping.java:264)
	at org.springframework.web.servlet.handler.AbstractHandlerMethodMapping.detectHandlerMethods(AbstractHandlerMethodMapping.java:250)
	at org.springframework.web.servlet.handler.AbstractHandlerMethodMapping.initHandlerMethods(AbstractHandlerMethodMapping.java:214)
	at org.springframework.web.servlet.handler.AbstractHandlerMethodMapping.afterPropertiesSet(AbstractHandlerMethodMapping.java:184)
	at org.springframework.web.servlet.mvc.method.annotation.RequestMappingHandlerMapping.afterPropertiesSet(RequestMappingHandlerMapping.java:127)
	at org.springframework.beans.factory.support.AbstractAutowireCapableBeanFactory.invokeInitMethods(AbstractAutowireCapableBeanFactory.java:1687)
	at org.springframework.beans.factory.support.AbstractAutowireCapableBeanFactory.initializeBean(AbstractAutowireCapableBeanFactory.java:1624)
	... 25 more

07-Dec-2018 17:19:19.174 SEVERE [localhost-startStop-1] org.apache.catalina.core.StandardContext.startInternal One or more listeners failed to start. Full details will be found in the appropriate container log file
07-Dec-2018 17:19:19.175 SEVERE [localhost-startStop-1] org.apache.catalina.core.StandardContext.startInternal Context [/HelloSecurity] startup failed due to previous errors
07-Dec-2018 17:19:19.228 INFO [localhost-startStop-1] org.apache.catalina.startup.HostConfig.deployDescriptor Deployment of configuration descriptor [C:\Users\macam\Desktop\macameron-clark-individual-work\apache-tomcat-8.5.16\conf\Catalina\localhost\HelloSecurity.xml] has finished in [4,163] ms
07-Dec-2018 17:19:19.228 INFO [localhost-startStop-1] org.apache.catalina.startup.HostConfig.deployDescriptor Deploying configuration descriptor [C:\Users\macam\Desktop\macameron-clark-individual-work\apache-tomcat-8.5.16\conf\Catalina\localhost\SuperHeroSightings.xml]
07-Dec-2018 17:19:21.881 INFO [localhost-startStop-1] org.apache.jasper.servlet.TldScanner.scanJars At least one JAR was scanned for TLDs yet contained no TLDs. Enable debug logging for this logger for a complete list of JARs that were scanned but no TLDs were found in them. Skipping unneeded JARs during scanning can improve startup time and JSP compilation time.
07-Dec-2018 17:19:21.919 INFO [localhost-startStop-1] org.springframework.web.context.ContextLoader.initWebApplicationContext Root WebApplicationContext: initialization started
07-Dec-2018 17:19:22.008 INFO [localhost-startStop-1] org.springframework.web.context.support.XmlWebApplicationContext.prepareRefresh Refreshing Root WebApplicationContext: startup date [Fri Dec 07 17:19:22 MST 2018]; root of context hierarchy
07-Dec-2018 17:19:22.076 INFO [localhost-startStop-1] org.springframework.beans.factory.xml.XmlBeanDefinitionReader.loadBeanDefinitions Loading XML bean definitions from ServletContext resource [/WEB-INF/spring-dispatcher-servlet.xml]
07-Dec-2018 17:19:22.327 INFO [localhost-startStop-1] org.springframework.beans.factory.xml.XmlBeanDefinitionReader.loadBeanDefinitions Loading XML bean definitions from class path resource [spring-persistence.xml]
07-Dec-2018 17:19:22.784 INFO [localhost-startStop-1] org.springframework.beans.factory.annotation.AutowiredAnnotationBeanPostProcessor.<init> JSR-330 'javax.inject.Inject' annotation found and supported for autowiring
07-Dec-2018 17:19:23.113 INFO [localhost-startStop-1] org.springframework.web.servlet.mvc.method.annotation.RequestMappingHandlerMapping.register Mapped "{[/home || /],methods=[GET]}" onto public java.lang.String com.sg.superherosightings.controller.HomeController.displayHomePage()
07-Dec-2018 17:19:23.116 INFO [localhost-startStop-1] org.springframework.web.servlet.mvc.method.annotation.RequestMappingHandlerMapping.register Mapped "{[/addlocation],methods=[POST]}" onto public java.lang.String com.sg.superherosightings.controller.LocationController.addLocation(javax.servlet.http.HttpServletRequest)
07-Dec-2018 17:19:23.116 INFO [localhost-startStop-1] org.springframework.web.servlet.mvc.method.annotation.RequestMappingHandlerMapping.register Mapped "{[/displaylocationdetails],methods=[GET]}" onto public java.lang.String com.sg.superherosightings.controller.LocationController.displayLocationDetails(javax.servlet.http.HttpServletRequest,org.springframework.ui.Model)
07-Dec-2018 17:19:23.117 INFO [localhost-startStop-1] org.springframework.web.servlet.mvc.method.annotation.RequestMappingHandlerMapping.register Mapped "{[/locations],methods=[GET]}" onto public java.lang.String com.sg.superherosightings.controller.LocationController.displayLocationPage(org.springframework.ui.Model)
07-Dec-2018 17:19:23.117 INFO [localhost-startStop-1] org.springframework.web.servlet.mvc.method.annotation.RequestMappingHandlerMapping.register Mapped "{[/createlocation],methods=[GET]}" onto public java.lang.String com.sg.superherosightings.controller.LocationController.displayCreateLocationPage()
07-Dec-2018 17:19:23.117 INFO [localhost-startStop-1] org.springframework.web.servlet.mvc.method.annotation.RequestMappingHandlerMapping.register Mapped "{[/deletelocation],methods=[GET]}" onto public java.lang.String com.sg.superherosightings.controller.LocationController.deleteLocation(javax.servlet.http.HttpServletRequest)
07-Dec-2018 17:19:23.118 INFO [localhost-startStop-1] org.springframework.web.servlet.mvc.method.annotation.RequestMappingHandlerMapping.register Mapped "{[/displayorganizationdetails],methods=[GET]}" onto public java.lang.String com.sg.superherosightings.controller.OrganizationController.displayOrganizationDetails(javax.servlet.http.HttpServletRequest,org.springframework.ui.Model)
07-Dec-2018 17:19:23.118 INFO [localhost-startStop-1] org.springframework.web.servlet.mvc.method.annotation.RequestMappingHandlerMapping.register Mapped "{[/organizations],methods=[GET]}" onto public java.lang.String com.sg.superherosightings.controller.OrganizationController.displayOrganizationsPage(org.springframework.ui.Model)
07-Dec-2018 17:19:23.118 INFO [localhost-startStop-1] org.springframework.web.servlet.mvc.method.annotation.RequestMappingHandlerMapping.register Mapped "{[/deleteorganization],methods=[GET]}" onto public java.lang.String com.sg.superherosightings.controller.OrganizationController.deleteOrganization(javax.servlet.http.HttpServletRequest)
07-Dec-2018 17:19:23.118 INFO [localhost-startStop-1] org.springframework.web.servlet.mvc.method.annotation.RequestMappingHandlerMapping.register Mapped "{[/createorganization],methods=[GET]}" onto public java.lang.String com.sg.superherosightings.controller.OrganizationController.displayCreateOrganizationPage()
07-Dec-2018 17:19:23.118 INFO [localhost-startStop-1] org.springframework.web.servlet.mvc.method.annotation.RequestMappingHandlerMapping.register Mapped "{[/addorganization],methods=[POST]}" onto public java.lang.String com.sg.superherosightings.controller.OrganizationController.addOrganization(javax.servlet.http.HttpServletRequest)
07-Dec-2018 17:19:23.122 INFO [localhost-startStop-1] org.springframework.web.servlet.mvc.method.annotation.RequestMappingHandlerMapping.register Mapped "{[/powerlist],methods=[GET]}" onto public java.lang.String com.sg.superherosightings.controller.PowerController.displayPowerlistPage(org.springframework.ui.Model)
07-Dec-2018 17:19:23.123 INFO [localhost-startStop-1] org.springframework.web.servlet.mvc.method.annotation.RequestMappingHandlerMapping.register Mapped "{[/createpower],methods=[GET]}" onto public java.lang.String com.sg.superherosightings.controller.PowerController.displayCreatePowerPage()
07-Dec-2018 17:19:23.123 INFO [localhost-startStop-1] org.springframework.web.servlet.mvc.method.annotation.RequestMappingHandlerMapping.register Mapped "{[/editpowerform],methods=[GET]}" onto public java.lang.String com.sg.superherosightings.controller.PowerController.displayEditPowerForm(javax.servlet.http.HttpServletRequest,org.springframework.ui.Model)
07-Dec-2018 17:19:23.123 INFO [localhost-startStop-1] org.springframework.web.servlet.mvc.method.annotation.RequestMappingHandlerMapping.register Mapped "{[/editpower],methods=[POST]}" onto public java.lang.String com.sg.superherosightings.controller.PowerController.editPower(com.sg.superherosightings.model.Power)
07-Dec-2018 17:19:23.124 INFO [localhost-startStop-1] org.springframework.web.servlet.mvc.method.annotation.RequestMappingHandlerMapping.register Mapped "{[/addpower],methods=[POST]}" onto public java.lang.String com.sg.superherosightings.controller.PowerController.addPower(javax.servlet.http.HttpServletRequest)
07-Dec-2018 17:19:23.124 INFO [localhost-startStop-1] org.springframework.web.servlet.mvc.method.annotation.RequestMappingHandlerMapping.register Mapped "{[/deletepower],methods=[GET]}" onto public java.lang.String com.sg.superherosightings.controller.PowerController.deletePower(javax.servlet.http.HttpServletRequest)
07-Dec-2018 17:19:23.125 INFO [localhost-startStop-1] org.springframework.web.servlet.mvc.method.annotation.RequestMappingHandlerMapping.register Mapped "{[/createsighting],methods=[GET]}" onto public java.lang.String com.sg.superherosightings.controller.SightingController.displayCreateSightingPage(org.springframework.ui.Model)
07-Dec-2018 17:19:23.125 INFO [localhost-startStop-1] org.springframework.web.servlet.mvc.method.annotation.RequestMappingHandlerMapping.register Mapped "{[/sightings],methods=[GET]}" onto public java.lang.String com.sg.superherosightings.controller.SightingController.displaySightingsPage(org.springframework.ui.Model)
07-Dec-2018 17:19:23.125 INFO [localhost-startStop-1] org.springframework.web.servlet.mvc.method.annotation.RequestMappingHandlerMapping.register Mapped "{[/addsighting],methods=[POST]}" onto public java.lang.String com.sg.superherosightings.controller.SightingController.addSighting(javax.servlet.http.HttpServletRequest,org.springframework.ui.Model,int,int)
07-Dec-2018 17:19:23.126 INFO [localhost-startStop-1] org.springframework.web.servlet.mvc.method.annotation.RequestMappingHandlerMapping.register Mapped "{[/roguesgallery],methods=[GET]}" onto public java.lang.String com.sg.superherosightings.controller.SuperhumanController.displayRoguesGallery(org.springframework.ui.Model)
07-Dec-2018 17:19:23.127 INFO [localhost-startStop-1] org.springframework.web.servlet.mvc.method.annotation.RequestMappingHandlerMapping.register Mapped "{[/createsuperhuman],methods=[GET]}" onto public java.lang.String com.sg.superherosightings.controller.SuperhumanController.displayCreateSuperhumanPage(org.springframework.ui.Model)
07-Dec-2018 17:19:23.127 INFO [localhost-startStop-1] org.springframework.web.servlet.mvc.method.annotation.RequestMappingHandlerMapping.register Mapped "{[/displayherodetails],methods=[GET]}" onto public java.lang.String com.sg.superherosightings.controller.SuperhumanController.displayHeroDetails(javax.servlet.http.HttpServletRequest,org.springframework.ui.Model)
07-Dec-2018 17:19:23.127 INFO [localhost-startStop-1] org.springframework.web.servlet.mvc.method.annotation.RequestMappingHandlerMapping.register Mapped "{[/deletehero],methods=[GET]}" onto public java.lang.String com.sg.superherosightings.controller.SuperhumanController.deleteHero(javax.servlet.http.HttpServletRequest)
07-Dec-2018 17:19:23.172 INFO [localhost-startStop-1] org.springframework.web.servlet.mvc.method.annotation.RequestMappingHandlerMapping.register Mapped "{[/addsuperhuman],methods=[POST]}" onto public java.lang.String com.sg.superherosightings.controller.SuperhumanController.addSuperhuman(javax.servlet.http.HttpServletRequest,int[],int[],org.springframework.ui.Model)
07-Dec-2018 17:19:23.262 INFO [localhost-startStop-1] org.hibernate.validator.internal.util.Version.<clinit> HV000001: Hibernate Validator 5.2.2.Final
07-Dec-2018 17:19:23.795 INFO [localhost-startStop-1] org.springframework.web.servlet.mvc.method.annotation.RequestMappingHandlerAdapter.initControllerAdviceCache Looking for @ControllerAdvice: Root WebApplicationContext: startup date [Fri Dec 07 17:19:22 MST 2018]; root of context hierarchy
07-Dec-2018 17:19:23.863 INFO [localhost-startStop-1] org.springframework.web.servlet.mvc.method.annotation.RequestMappingHandlerAdapter.initControllerAdviceCache Looking for @ControllerAdvice: Root WebApplicationContext: startup date [Fri Dec 07 17:19:22 MST 2018]; root of context hierarchy
07-Dec-2018 17:19:24.132 INFO [localhost-startStop-1] org.springframework.web.context.ContextLoader.initWebApplicationContext Root WebApplicationContext: initialization completed in 2213 ms
07-Dec-2018 17:19:24.164 INFO [localhost-startStop-1] org.apache.catalina.startup.HostConfig.deployDescriptor Deployment of configuration descriptor [C:\Users\macam\Desktop\macameron-clark-individual-work\apache-tomcat-8.5.16\conf\Catalina\localhost\SuperHeroSightings.xml] has finished in [4,936] ms
07-Dec-2018 17:19:24.165 INFO [localhost-startStop-1] org.apache.catalina.startup.HostConfig.deployDescriptor Deploying configuration descriptor [C:\Users\macam\Desktop\macameron-clark-individual-work\apache-tomcat-8.5.16\conf\Catalina\localhost\VendingMachineSpringMVC.xml]
07-Dec-2018 17:19:24.178 SEVERE [localhost-startStop-1] org.apache.catalina.core.ContainerBase.addChildInternal ContainerBase.addChild: start: 
 org.apache.catalina.LifecycleException: Failed to start component [StandardEngine[Catalina].StandardHost[localhost].StandardContext[/VendingMachineSpringMVC]]
	at org.apache.catalina.util.LifecycleBase.start(LifecycleBase.java:167)
	at org.apache.catalina.core.ContainerBase.addChildInternal(ContainerBase.java:752)
	at org.apache.catalina.core.ContainerBase.addChild(ContainerBase.java:728)
	at org.apache.catalina.core.StandardHost.addChild(StandardHost.java:734)
	at org.apache.catalina.startup.HostConfig.deployDescriptor(HostConfig.java:630)
	at org.apache.catalina.startup.HostConfig$DeployDescriptor.run(HostConfig.java:1842)
	at java.util.concurrent.Executors$RunnableAdapter.call(Executors.java:511)
	at java.util.concurrent.FutureTask.run(FutureTask.java:266)
	at java.util.concurrent.ThreadPoolExecutor.runWorker(ThreadPoolExecutor.java:1149)
	at java.util.concurrent.ThreadPoolExecutor$Worker.run(ThreadPoolExecutor.java:624)
	at java.lang.Thread.run(Thread.java:748)
Caused by: org.apache.catalina.LifecycleException: Failed to start component [org.apache.catalina.webresources.StandardRoot@3dae761]
	at org.apache.catalina.util.LifecycleBase.start(LifecycleBase.java:167)
	at org.apache.catalina.core.StandardContext.resourcesStart(StandardContext.java:4860)
	at org.apache.catalina.core.StandardContext.startInternal(StandardContext.java:4992)
	at org.apache.catalina.util.LifecycleBase.start(LifecycleBase.java:150)
	... 10 more
Caused by: java.lang.IllegalArgumentException: The main resource set specified [C:\Users\macam\Desktop\macameron-clark-individual-work\VendingMachineSpringMVC\target\spring-mvc-webapp] is not valid
	at org.apache.catalina.webresources.StandardRoot.createMainResourceSet(StandardRoot.java:733)
	at org.apache.catalina.webresources.StandardRoot.startInternal(StandardRoot.java:691)
	at org.apache.catalina.util.LifecycleBase.start(LifecycleBase.java:150)
	... 13 more

07-Dec-2018 17:19:24.179 SEVERE [localhost-startStop-1] org.apache.catalina.startup.HostConfig.deployDescriptor Error deploying configuration descriptor [C:\Users\macam\Desktop\macameron-clark-individual-work\apache-tomcat-8.5.16\conf\Catalina\localhost\VendingMachineSpringMVC.xml]
 java.lang.IllegalStateException: ContainerBase.addChild: start: org.apache.catalina.LifecycleException: Failed to start component [StandardEngine[Catalina].StandardHost[localhost].StandardContext[/VendingMachineSpringMVC]]
	at org.apache.catalina.core.ContainerBase.addChildInternal(ContainerBase.java:756)
	at org.apache.catalina.core.ContainerBase.addChild(ContainerBase.java:728)
	at org.apache.catalina.core.StandardHost.addChild(StandardHost.java:734)
	at org.apache.catalina.startup.HostConfig.deployDescriptor(HostConfig.java:630)
	at org.apache.catalina.startup.HostConfig$DeployDescriptor.run(HostConfig.java:1842)
	at java.util.concurrent.Executors$RunnableAdapter.call(Executors.java:511)
	at java.util.concurrent.FutureTask.run(FutureTask.java:266)
	at java.util.concurrent.ThreadPoolExecutor.runWorker(ThreadPoolExecutor.java:1149)
	at java.util.concurrent.ThreadPoolExecutor$Worker.run(ThreadPoolExecutor.java:624)
	at java.lang.Thread.run(Thread.java:748)

07-Dec-2018 17:19:24.179 INFO [localhost-startStop-1] org.apache.catalina.startup.HostConfig.deployDescriptor Deployment of configuration descriptor [C:\Users\macam\Desktop\macameron-clark-individual-work\apache-tomcat-8.5.16\conf\Catalina\localhost\VendingMachineSpringMVC.xml] has finished in [14] ms
07-Dec-2018 17:19:24.190 INFO [localhost-startStop-1] org.apache.catalina.startup.HostConfig.deployDescriptor Deploying configuration descriptor [C:\Users\macam\Desktop\macameron-clark-individual-work\apache-tomcat-8.5.16\conf\Catalina\localhost\VendingMachineSpringMVCRevised.xml]
07-Dec-2018 17:19:26.716 INFO [localhost-startStop-1] org.apache.jasper.servlet.TldScanner.scanJars At least one JAR was scanned for TLDs yet contained no TLDs. Enable debug logging for this logger for a complete list of JARs that were scanned but no TLDs were found in them. Skipping unneeded JARs during scanning can improve startup time and JSP compilation time.
07-Dec-2018 17:19:26.752 INFO [localhost-startStop-1] org.springframework.web.context.ContextLoader.initWebApplicationContext Root WebApplicationContext: initialization started
07-Dec-2018 17:19:26.834 INFO [localhost-startStop-1] org.springframework.web.context.support.XmlWebApplicationContext.prepareRefresh Refreshing Root WebApplicationContext: startup date [Fri Dec 07 17:19:26 MST 2018]; root of context hierarchy
07-Dec-2018 17:19:26.903 INFO [localhost-startStop-1] org.springframework.beans.factory.xml.XmlBeanDefinitionReader.loadBeanDefinitions Loading XML bean definitions from ServletContext resource [/WEB-INF/spring-dispatcher-servlet.xml]
07-Dec-2018 17:19:27.150 INFO [localhost-startStop-1] org.springframework.beans.factory.xml.XmlBeanDefinitionReader.loadBeanDefinitions Loading XML bean definitions from class path resource [spring-persistence.xml]
07-Dec-2018 17:19:27.348 INFO [localhost-startStop-1] org.springframework.beans.factory.annotation.AutowiredAnnotationBeanPostProcessor.<init> JSR-330 'javax.inject.Inject' annotation found and supported for autowiring
07-Dec-2018 17:19:27.631 INFO [localhost-startStop-1] org.springframework.web.servlet.mvc.method.annotation.RequestMappingHandlerMapping.register Mapped "{[/ || /index],methods=[GET]}" onto public java.lang.String com.sg.vendingmachinespringmvcrevised.controller.VmController.displayAllItems(org.springframework.ui.Model)
07-Dec-2018 17:19:27.632 INFO [localhost-startStop-1] org.springframework.web.servlet.mvc.method.annotation.RequestMappingHandlerMapping.register Mapped "{[/venditem],methods=[POST]}" onto public java.lang.String com.sg.vendingmachinespringmvcrevised.controller.VmController.vendItem(javax.servlet.http.HttpServletRequest,org.springframework.ui.Model) throws com.sg.vendingmachinespringmvcrevised.service.InsufficentFundsException,com.sg.vendingmachinespringmvcrevised.service.NoItemInventoryException
07-Dec-2018 17:19:27.707 INFO [localhost-startStop-1] org.hibernate.validator.internal.util.Version.<clinit> HV000001: Hibernate Validator 5.2.2.Final
07-Dec-2018 17:19:28.222 INFO [localhost-startStop-1] org.springframework.web.servlet.mvc.method.annotation.RequestMappingHandlerAdapter.initControllerAdviceCache Looking for @ControllerAdvice: Root WebApplicationContext: startup date [Fri Dec 07 17:19:26 MST 2018]; root of context hierarchy
07-Dec-2018 17:19:28.295 INFO [localhost-startStop-1] org.springframework.web.servlet.mvc.method.annotation.RequestMappingHandlerAdapter.initControllerAdviceCache Looking for @ControllerAdvice: Root WebApplicationContext: startup date [Fri Dec 07 17:19:26 MST 2018]; root of context hierarchy
07-Dec-2018 17:19:28.421 INFO [localhost-startStop-1] org.springframework.web.context.ContextLoader.initWebApplicationContext Root WebApplicationContext: initialization completed in 1669 ms
07-Dec-2018 17:19:28.424 INFO [localhost-startStop-1] org.apache.catalina.startup.HostConfig.deployDescriptor Deployment of configuration descriptor [C:\Users\macam\Desktop\macameron-clark-individual-work\apache-tomcat-8.5.16\conf\Catalina\localhost\VendingMachineSpringMVCRevised.xml] has finished in [4,234] ms
07-Dec-2018 17:19:28.425 INFO [localhost-startStop-1] org.apache.catalina.startup.HostConfig.deployDirectory Deploying web application directory [C:\Users\macam\Desktop\macameron-clark-individual-work\apache-tomcat-8.5.16\webapps\docs]
07-Dec-2018 17:19:28.448 INFO [localhost-startStop-1] org.apache.catalina.startup.HostConfig.deployDirectory Deployment of web application directory [C:\Users\macam\Desktop\macameron-clark-individual-work\apache-tomcat-8.5.16\webapps\docs] has finished in [23] ms
07-Dec-2018 17:19:28.448 INFO [localhost-startStop-1] org.apache.catalina.startup.HostConfig.deployDirectory Deploying web application directory [C:\Users\macam\Desktop\macameron-clark-individual-work\apache-tomcat-8.5.16\webapps\examples]
07-Dec-2018 17:19:29.788 INFO [localhost-startStop-1] org.apache.catalina.startup.HostConfig.deployDirectory Deployment of web application directory [C:\Users\macam\Desktop\macameron-clark-individual-work\apache-tomcat-8.5.16\webapps\examples] has finished in [1,340] ms
07-Dec-2018 17:19:29.788 INFO [localhost-startStop-1] org.apache.catalina.startup.HostConfig.deployDirectory Deploying web application directory [C:\Users\macam\Desktop\macameron-clark-individual-work\apache-tomcat-8.5.16\webapps\host-manager]
07-Dec-2018 17:19:29.865 INFO [localhost-startStop-1] org.apache.catalina.startup.HostConfig.deployDirectory Deployment of web application directory [C:\Users\macam\Desktop\macameron-clark-individual-work\apache-tomcat-8.5.16\webapps\host-manager] has finished in [77] ms
07-Dec-2018 17:19:29.865 INFO [localhost-startStop-1] org.apache.catalina.startup.HostConfig.deployDirectory Deploying web application directory [C:\Users\macam\Desktop\macameron-clark-individual-work\apache-tomcat-8.5.16\webapps\manager]
07-Dec-2018 17:19:29.895 INFO [localhost-startStop-1] org.apache.catalina.startup.HostConfig.deployDirectory Deployment of web application directory [C:\Users\macam\Desktop\macameron-clark-individual-work\apache-tomcat-8.5.16\webapps\manager] has finished in [30] ms
07-Dec-2018 17:19:29.895 INFO [localhost-startStop-1] org.apache.catalina.startup.HostConfig.deployDirectory Deploying web application directory [C:\Users\macam\Desktop\macameron-clark-individual-work\apache-tomcat-8.5.16\webapps\ROOT]
07-Dec-2018 17:19:29.915 INFO [localhost-startStop-1] org.apache.catalina.startup.HostConfig.deployDirectory Deployment of web application directory [C:\Users\macam\Desktop\macameron-clark-individual-work\apache-tomcat-8.5.16\webapps\ROOT] has finished in [20] ms
07-Dec-2018 17:19:29.920 INFO [main] org.apache.coyote.AbstractProtocol.start Starting ProtocolHandler ["http-nio-8080"]
07-Dec-2018 17:19:29.932 INFO [main] org.apache.coyote.AbstractProtocol.start Starting ProtocolHandler ["ajp-nio-8009"]
07-Dec-2018 17:19:29.935 INFO [main] org.apache.catalina.startup.Catalina.start Server startup in 30755 ms
07-Dec-2018 17:19:32.898 INFO [http-nio-8080-exec-9] org.springframework.web.context.support.XmlWebApplicationContext.doClose Closing Root WebApplicationContext: startup date [Fri Dec 07 17:19:22 MST 2018]; root of context hierarchy
07-Dec-2018 17:19:33.416 INFO [http-nio-8080-exec-9] org.apache.catalina.startup.HostConfig.undeploy Undeploying context [/SuperHeroSightings]
07-Dec-2018 17:19:33.454 INFO [http-nio-8080-exec-6] org.apache.catalina.startup.HostConfig.deployDescriptor Deploying configuration descriptor [C:\Users\macam\Desktop\macameron-clark-individual-work\apache-tomcat-8.5.16\conf\Catalina\localhost\SuperHeroSightings.xml]
07-Dec-2018 17:19:34.900 INFO [http-nio-8080-exec-6] org.apache.jasper.servlet.TldScanner.scanJars At least one JAR was scanned for TLDs yet contained no TLDs. Enable debug logging for this logger for a complete list of JARs that were scanned but no TLDs were found in them. Skipping unneeded JARs during scanning can improve startup time and JSP compilation time.
07-Dec-2018 17:19:34.938 INFO [http-nio-8080-exec-6] org.springframework.web.context.ContextLoader.initWebApplicationContext Root WebApplicationContext: initialization started
07-Dec-2018 17:19:35.035 INFO [http-nio-8080-exec-6] org.springframework.web.context.support.XmlWebApplicationContext.prepareRefresh Refreshing Root WebApplicationContext: startup date [Fri Dec 07 17:19:35 MST 2018]; root of context hierarchy
07-Dec-2018 17:19:35.112 INFO [http-nio-8080-exec-6] org.springframework.beans.factory.xml.XmlBeanDefinitionReader.loadBeanDefinitions Loading XML bean definitions from ServletContext resource [/WEB-INF/spring-dispatcher-servlet.xml]
07-Dec-2018 17:19:35.371 INFO [http-nio-8080-exec-6] org.springframework.beans.factory.xml.XmlBeanDefinitionReader.loadBeanDefinitions Loading XML bean definitions from class path resource [spring-persistence.xml]
07-Dec-2018 17:19:35.686 INFO [http-nio-8080-exec-6] org.springframework.beans.factory.annotation.AutowiredAnnotationBeanPostProcessor.<init> JSR-330 'javax.inject.Inject' annotation found and supported for autowiring
07-Dec-2018 17:19:36.028 INFO [http-nio-8080-exec-6] org.springframework.web.servlet.mvc.method.annotation.RequestMappingHandlerMapping.register Mapped "{[/home || /],methods=[GET]}" onto public java.lang.String com.sg.superherosightings.controller.HomeController.displayHomePage()
07-Dec-2018 17:19:36.031 INFO [http-nio-8080-exec-6] org.springframework.web.servlet.mvc.method.annotation.RequestMappingHandlerMapping.register Mapped "{[/addlocation],methods=[POST]}" onto public java.lang.String com.sg.superherosightings.controller.LocationController.addLocation(javax.servlet.http.HttpServletRequest)
07-Dec-2018 17:19:36.031 INFO [http-nio-8080-exec-6] org.springframework.web.servlet.mvc.method.annotation.RequestMappingHandlerMapping.register Mapped "{[/displaylocationdetails],methods=[GET]}" onto public java.lang.String com.sg.superherosightings.controller.LocationController.displayLocationDetails(javax.servlet.http.HttpServletRequest,org.springframework.ui.Model)
07-Dec-2018 17:19:36.032 INFO [http-nio-8080-exec-6] org.springframework.web.servlet.mvc.method.annotation.RequestMappingHandlerMapping.register Mapped "{[/locations],methods=[GET]}" onto public java.lang.String com.sg.superherosightings.controller.LocationController.displayLocationPage(org.springframework.ui.Model)
07-Dec-2018 17:19:36.032 INFO [http-nio-8080-exec-6] org.springframework.web.servlet.mvc.method.annotation.RequestMappingHandlerMapping.register Mapped "{[/createlocation],methods=[GET]}" onto public java.lang.String com.sg.superherosightings.controller.LocationController.displayCreateLocationPage()
07-Dec-2018 17:19:36.032 INFO [http-nio-8080-exec-6] org.springframework.web.servlet.mvc.method.annotation.RequestMappingHandlerMapping.register Mapped "{[/deletelocation],methods=[GET]}" onto public java.lang.String com.sg.superherosightings.controller.LocationController.deleteLocation(javax.servlet.http.HttpServletRequest)
07-Dec-2018 17:19:36.032 INFO [http-nio-8080-exec-6] org.springframework.web.servlet.mvc.method.annotation.RequestMappingHandlerMapping.register Mapped "{[/displayorganizationdetails],methods=[GET]}" onto public java.lang.String com.sg.superherosightings.controller.OrganizationController.displayOrganizationDetails(javax.servlet.http.HttpServletRequest,org.springframework.ui.Model)
07-Dec-2018 17:19:36.032 INFO [http-nio-8080-exec-6] org.springframework.web.servlet.mvc.method.annotation.RequestMappingHandlerMapping.register Mapped "{[/organizations],methods=[GET]}" onto public java.lang.String com.sg.superherosightings.controller.OrganizationController.displayOrganizationsPage(org.springframework.ui.Model)
07-Dec-2018 17:19:36.032 INFO [http-nio-8080-exec-6] org.springframework.web.servlet.mvc.method.annotation.RequestMappingHandlerMapping.register Mapped "{[/deleteorganization],methods=[GET]}" onto public java.lang.String com.sg.superherosightings.controller.OrganizationController.deleteOrganization(javax.servlet.http.HttpServletRequest)
07-Dec-2018 17:19:36.033 INFO [http-nio-8080-exec-6] org.springframework.web.servlet.mvc.method.annotation.RequestMappingHandlerMapping.register Mapped "{[/createorganization],methods=[GET]}" onto public java.lang.String com.sg.superherosightings.controller.OrganizationController.displayCreateOrganizationPage()
07-Dec-2018 17:19:36.033 INFO [http-nio-8080-exec-6] org.springframework.web.servlet.mvc.method.annotation.RequestMappingHandlerMapping.register Mapped "{[/addorganization],methods=[POST]}" onto public java.lang.String com.sg.superherosightings.controller.OrganizationController.addOrganization(javax.servlet.http.HttpServletRequest)
07-Dec-2018 17:19:36.036 INFO [http-nio-8080-exec-6] org.springframework.web.servlet.mvc.method.annotation.RequestMappingHandlerMapping.register Mapped "{[/powerlist],methods=[GET]}" onto public java.lang.String com.sg.superherosightings.controller.PowerController.displayPowerlistPage(org.springframework.ui.Model)
07-Dec-2018 17:19:36.036 INFO [http-nio-8080-exec-6] org.springframework.web.servlet.mvc.method.annotation.RequestMappingHandlerMapping.register Mapped "{[/createpower],methods=[GET]}" onto public java.lang.String com.sg.superherosightings.controller.PowerController.displayCreatePowerPage()
07-Dec-2018 17:19:36.065 INFO [http-nio-8080-exec-6] org.springframework.web.servlet.mvc.method.annotation.RequestMappingHandlerMapping.register Mapped "{[/editpowerform],methods=[GET]}" onto public java.lang.String com.sg.superherosightings.controller.PowerController.displayEditPowerForm(javax.servlet.http.HttpServletRequest,org.springframework.ui.Model)
07-Dec-2018 17:19:36.066 INFO [http-nio-8080-exec-6] org.springframework.web.servlet.mvc.method.annotation.RequestMappingHandlerMapping.register Mapped "{[/editpower],methods=[POST]}" onto public java.lang.String com.sg.superherosightings.controller.PowerController.editPower(com.sg.superherosightings.model.Power)
07-Dec-2018 17:19:36.066 INFO [http-nio-8080-exec-6] org.springframework.web.servlet.mvc.method.annotation.RequestMappingHandlerMapping.register Mapped "{[/addpower],methods=[POST]}" onto public java.lang.String com.sg.superherosightings.controller.PowerController.addPower(javax.servlet.http.HttpServletRequest)
07-Dec-2018 17:19:36.066 INFO [http-nio-8080-exec-6] org.springframework.web.servlet.mvc.method.annotation.RequestMappingHandlerMapping.register Mapped "{[/deletepower],methods=[GET]}" onto public java.lang.String com.sg.superherosightings.controller.PowerController.deletePower(javax.servlet.http.HttpServletRequest)
07-Dec-2018 17:19:36.067 INFO [http-nio-8080-exec-6] org.springframework.web.servlet.mvc.method.annotation.RequestMappingHandlerMapping.register Mapped "{[/createsighting],methods=[GET]}" onto public java.lang.String com.sg.superherosightings.controller.SightingController.displayCreateSightingPage(org.springframework.ui.Model)
07-Dec-2018 17:19:36.068 INFO [http-nio-8080-exec-6] org.springframework.web.servlet.mvc.method.annotation.RequestMappingHandlerMapping.register Mapped "{[/sightings],methods=[GET]}" onto public java.lang.String com.sg.superherosightings.controller.SightingController.displaySightingsPage(org.springframework.ui.Model)
07-Dec-2018 17:19:36.068 INFO [http-nio-8080-exec-6] org.springframework.web.servlet.mvc.method.annotation.RequestMappingHandlerMapping.register Mapped "{[/addsighting],methods=[POST]}" onto public java.lang.String com.sg.superherosightings.controller.SightingController.addSighting(javax.servlet.http.HttpServletRequest,org.springframework.ui.Model,int,int)
07-Dec-2018 17:19:36.069 INFO [http-nio-8080-exec-6] org.springframework.web.servlet.mvc.method.annotation.RequestMappingHandlerMapping.register Mapped "{[/roguesgallery],methods=[GET]}" onto public java.lang.String com.sg.superherosightings.controller.SuperhumanController.displayRoguesGallery(org.springframework.ui.Model)
07-Dec-2018 17:19:36.070 INFO [http-nio-8080-exec-6] org.springframework.web.servlet.mvc.method.annotation.RequestMappingHandlerMapping.register Mapped "{[/createsuperhuman],methods=[GET]}" onto public java.lang.String com.sg.superherosightings.controller.SuperhumanController.displayCreateSuperhumanPage(org.springframework.ui.Model)
07-Dec-2018 17:19:36.070 INFO [http-nio-8080-exec-6] org.springframework.web.servlet.mvc.method.annotation.RequestMappingHandlerMapping.register Mapped "{[/displayherodetails],methods=[GET]}" onto public java.lang.String com.sg.superherosightings.controller.SuperhumanController.displayHeroDetails(javax.servlet.http.HttpServletRequest,org.springframework.ui.Model)
07-Dec-2018 17:19:36.070 INFO [http-nio-8080-exec-6] org.springframework.web.servlet.mvc.method.annotation.RequestMappingHandlerMapping.register Mapped "{[/deletehero],methods=[GET]}" onto public java.lang.String com.sg.superherosightings.controller.SuperhumanController.deleteHero(javax.servlet.http.HttpServletRequest)
07-Dec-2018 17:19:36.070 INFO [http-nio-8080-exec-6] org.springframework.web.servlet.mvc.method.annotation.RequestMappingHandlerMapping.register Mapped "{[/addsuperhuman],methods=[POST]}" onto public java.lang.String com.sg.superherosightings.controller.SuperhumanController.addSuperhuman(javax.servlet.http.HttpServletRequest,int[],int[],org.springframework.ui.Model)
07-Dec-2018 17:19:36.137 INFO [http-nio-8080-exec-6] org.hibernate.validator.internal.util.Version.<clinit> HV000001: Hibernate Validator 5.2.2.Final
07-Dec-2018 17:19:36.682 INFO [http-nio-8080-exec-6] org.springframework.web.servlet.mvc.method.annotation.RequestMappingHandlerAdapter.initControllerAdviceCache Looking for @ControllerAdvice: Root WebApplicationContext: startup date [Fri Dec 07 17:19:35 MST 2018]; root of context hierarchy
07-Dec-2018 17:19:36.765 INFO [http-nio-8080-exec-6] org.springframework.web.servlet.mvc.method.annotation.RequestMappingHandlerAdapter.initControllerAdviceCache Looking for @ControllerAdvice: Root WebApplicationContext: startup date [Fri Dec 07 17:19:35 MST 2018]; root of context hierarchy
07-Dec-2018 17:19:37.025 INFO [http-nio-8080-exec-6] org.springframework.web.context.ContextLoader.initWebApplicationContext Root WebApplicationContext: initialization completed in 2087 ms
07-Dec-2018 17:19:37.030 INFO [http-nio-8080-exec-6] org.apache.catalina.startup.HostConfig.deployDescriptor Deployment of configuration descriptor [C:\Users\macam\Desktop\macameron-clark-individual-work\apache-tomcat-8.5.16\conf\Catalina\localhost\SuperHeroSightings.xml] has finished in [3,575] ms
07-Dec-2018 17:19:37.036 INFO [http-nio-8080-exec-1] org.apache.catalina.util.LifecycleBase.start The start() method was called on component [StandardEngine[Catalina].StandardHost[localhost].StandardContext[/SuperHeroSightings]] after start() had already been called. The second call will be ignored.
07-Dec-2018 17:19:37.766 INFO [http-nio-8080-exec-5] org.springframework.web.servlet.DispatcherServlet.initServletBean FrameworkServlet 'spring-dispatcher': initialization started
07-Dec-2018 17:19:37.776 INFO [http-nio-8080-exec-5] org.springframework.web.context.support.XmlWebApplicationContext.prepareRefresh Refreshing WebApplicationContext for namespace 'spring-dispatcher-servlet': startup date [Fri Dec 07 17:19:37 MST 2018]; parent: Root WebApplicationContext
07-Dec-2018 17:19:37.777 INFO [http-nio-8080-exec-5] org.springframework.beans.factory.xml.XmlBeanDefinitionReader.loadBeanDefinitions Loading XML bean definitions from ServletContext resource [/WEB-INF/spring-dispatcher-servlet.xml]
07-Dec-2018 17:19:37.876 INFO [http-nio-8080-exec-5] org.springframework.beans.factory.annotation.AutowiredAnnotationBeanPostProcessor.<init> JSR-330 'javax.inject.Inject' annotation found and supported for autowiring
07-Dec-2018 17:19:37.949 INFO [http-nio-8080-exec-5] org.springframework.web.servlet.mvc.method.annotation.RequestMappingHandlerMapping.register Mapped "{[/home || /],methods=[GET]}" onto public java.lang.String com.sg.superherosightings.controller.HomeController.displayHomePage()
07-Dec-2018 17:19:37.951 INFO [http-nio-8080-exec-5] org.springframework.web.servlet.mvc.method.annotation.RequestMappingHandlerMapping.register Mapped "{[/addlocation],methods=[POST]}" onto public java.lang.String com.sg.superherosightings.controller.LocationController.addLocation(javax.servlet.http.HttpServletRequest)
07-Dec-2018 17:19:37.953 INFO [http-nio-8080-exec-5] org.springframework.web.servlet.mvc.method.annotation.RequestMappingHandlerMapping.register Mapped "{[/displaylocationdetails],methods=[GET]}" onto public java.lang.String com.sg.superherosightings.controller.LocationController.displayLocationDetails(javax.servlet.http.HttpServletRequest,org.springframework.ui.Model)
07-Dec-2018 17:19:37.954 INFO [http-nio-8080-exec-5] org.springframework.web.servlet.mvc.method.annotation.RequestMappingHandlerMapping.register Mapped "{[/locations],methods=[GET]}" onto public java.lang.String com.sg.superherosightings.controller.LocationController.displayLocationPage(org.springframework.ui.Model)
07-Dec-2018 17:19:37.954 INFO [http-nio-8080-exec-5] org.springframework.web.servlet.mvc.method.annotation.RequestMappingHandlerMapping.register Mapped "{[/createlocation],methods=[GET]}" onto public java.lang.String com.sg.superherosightings.controller.LocationController.displayCreateLocationPage()
07-Dec-2018 17:19:37.955 INFO [http-nio-8080-exec-5] org.springframework.web.servlet.mvc.method.annotation.RequestMappingHandlerMapping.register Mapped "{[/deletelocation],methods=[GET]}" onto public java.lang.String com.sg.superherosightings.controller.LocationController.deleteLocation(javax.servlet.http.HttpServletRequest)
07-Dec-2018 17:19:37.958 INFO [http-nio-8080-exec-5] org.springframework.web.servlet.mvc.method.annotation.RequestMappingHandlerMapping.register Mapped "{[/displayorganizationdetails],methods=[GET]}" onto public java.lang.String com.sg.superherosightings.controller.OrganizationController.displayOrganizationDetails(javax.servlet.http.HttpServletRequest,org.springframework.ui.Model)
07-Dec-2018 17:19:37.958 INFO [http-nio-8080-exec-5] org.springframework.web.servlet.mvc.method.annotation.RequestMappingHandlerMapping.register Mapped "{[/organizations],methods=[GET]}" onto public java.lang.String com.sg.superherosightings.controller.OrganizationController.displayOrganizationsPage(org.springframework.ui.Model)
07-Dec-2018 17:19:37.959 INFO [http-nio-8080-exec-5] org.springframework.web.servlet.mvc.method.annotation.RequestMappingHandlerMapping.register Mapped "{[/deleteorganization],methods=[GET]}" onto public java.lang.String com.sg.superherosightings.controller.OrganizationController.deleteOrganization(javax.servlet.http.HttpServletRequest)
07-Dec-2018 17:19:37.960 INFO [http-nio-8080-exec-5] org.springframework.web.servlet.mvc.method.annotation.RequestMappingHandlerMapping.register Mapped "{[/createorganization],methods=[GET]}" onto public java.lang.String com.sg.superherosightings.controller.OrganizationController.displayCreateOrganizationPage()
07-Dec-2018 17:19:37.960 INFO [http-nio-8080-exec-5] org.springframework.web.servlet.mvc.method.annotation.RequestMappingHandlerMapping.register Mapped "{[/addorganization],methods=[POST]}" onto public java.lang.String com.sg.superherosightings.controller.OrganizationController.addOrganization(javax.servlet.http.HttpServletRequest)
07-Dec-2018 17:19:37.962 INFO [http-nio-8080-exec-5] org.springframework.web.servlet.mvc.method.annotation.RequestMappingHandlerMapping.register Mapped "{[/powerlist],methods=[GET]}" onto public java.lang.String com.sg.superherosightings.controller.PowerController.displayPowerlistPage(org.springframework.ui.Model)
07-Dec-2018 17:19:37.962 INFO [http-nio-8080-exec-5] org.springframework.web.servlet.mvc.method.annotation.RequestMappingHandlerMapping.register Mapped "{[/createpower],methods=[GET]}" onto public java.lang.String com.sg.superherosightings.controller.PowerController.displayCreatePowerPage()
07-Dec-2018 17:19:37.996 INFO [http-nio-8080-exec-5] org.springframework.web.servlet.mvc.method.annotation.RequestMappingHandlerMapping.register Mapped "{[/editpowerform],methods=[GET]}" onto public java.lang.String com.sg.superherosightings.controller.PowerController.displayEditPowerForm(javax.servlet.http.HttpServletRequest,org.springframework.ui.Model)
07-Dec-2018 17:19:37.996 INFO [http-nio-8080-exec-5] org.springframework.web.servlet.mvc.method.annotation.RequestMappingHandlerMapping.register Mapped "{[/editpower],methods=[POST]}" onto public java.lang.String com.sg.superherosightings.controller.PowerController.editPower(com.sg.superherosightings.model.Power)
07-Dec-2018 17:19:37.997 INFO [http-nio-8080-exec-5] org.springframework.web.servlet.mvc.method.annotation.RequestMappingHandlerMapping.register Mapped "{[/addpower],methods=[POST]}" onto public java.lang.String com.sg.superherosightings.controller.PowerController.addPower(javax.servlet.http.HttpServletRequest)
07-Dec-2018 17:19:37.997 INFO [http-nio-8080-exec-5] org.springframework.web.servlet.mvc.method.annotation.RequestMappingHandlerMapping.register Mapped "{[/deletepower],methods=[GET]}" onto public java.lang.String com.sg.superherosightings.controller.PowerController.deletePower(javax.servlet.http.HttpServletRequest)
07-Dec-2018 17:19:37.998 INFO [http-nio-8080-exec-5] org.springframework.web.servlet.mvc.method.annotation.RequestMappingHandlerMapping.register Mapped "{[/createsighting],methods=[GET]}" onto public java.lang.String com.sg.superherosightings.controller.SightingController.displayCreateSightingPage(org.springframework.ui.Model)
07-Dec-2018 17:19:37.998 INFO [http-nio-8080-exec-5] org.springframework.web.servlet.mvc.method.annotation.RequestMappingHandlerMapping.register Mapped "{[/sightings],methods=[GET]}" onto public java.lang.String com.sg.superherosightings.controller.SightingController.displaySightingsPage(org.springframework.ui.Model)
07-Dec-2018 17:19:37.998 INFO [http-nio-8080-exec-5] org.springframework.web.servlet.mvc.method.annotation.RequestMappingHandlerMapping.register Mapped "{[/addsighting],methods=[POST]}" onto public java.lang.String com.sg.superherosightings.controller.SightingController.addSighting(javax.servlet.http.HttpServletRequest,org.springframework.ui.Model,int,int)
07-Dec-2018 17:19:37.999 INFO [http-nio-8080-exec-5] org.springframework.web.servlet.mvc.method.annotation.RequestMappingHandlerMapping.register Mapped "{[/roguesgallery],methods=[GET]}" onto public java.lang.String com.sg.superherosightings.controller.SuperhumanController.displayRoguesGallery(org.springframework.ui.Model)
07-Dec-2018 17:19:38.000 INFO [http-nio-8080-exec-5] org.springframework.web.servlet.mvc.method.annotation.RequestMappingHandlerMapping.register Mapped "{[/createsuperhuman],methods=[GET]}" onto public java.lang.String com.sg.superherosightings.controller.SuperhumanController.displayCreateSuperhumanPage(org.springframework.ui.Model)
07-Dec-2018 17:19:38.000 INFO [http-nio-8080-exec-5] org.springframework.web.servlet.mvc.method.annotation.RequestMappingHandlerMapping.register Mapped "{[/displayherodetails],methods=[GET]}" onto public java.lang.String com.sg.superherosightings.controller.SuperhumanController.displayHeroDetails(javax.servlet.http.HttpServletRequest,org.springframework.ui.Model)
07-Dec-2018 17:19:38.000 INFO [http-nio-8080-exec-5] org.springframework.web.servlet.mvc.method.annotation.RequestMappingHandlerMapping.register Mapped "{[/deletehero],methods=[GET]}" onto public java.lang.String com.sg.superherosightings.controller.SuperhumanController.deleteHero(javax.servlet.http.HttpServletRequest)
07-Dec-2018 17:19:38.000 INFO [http-nio-8080-exec-5] org.springframework.web.servlet.mvc.method.annotation.RequestMappingHandlerMapping.register Mapped "{[/addsuperhuman],methods=[POST]}" onto public java.lang.String com.sg.superherosightings.controller.SuperhumanController.addSuperhuman(javax.servlet.http.HttpServletRequest,int[],int[],org.springframework.ui.Model)
07-Dec-2018 17:19:38.072 INFO [http-nio-8080-exec-5] org.springframework.web.servlet.mvc.method.annotation.RequestMappingHandlerAdapter.initControllerAdviceCache Looking for @ControllerAdvice: WebApplicationContext for namespace 'spring-dispatcher-servlet': startup date [Fri Dec 07 17:19:37 MST 2018]; parent: Root WebApplicationContext
07-Dec-2018 17:19:38.092 INFO [http-nio-8080-exec-5] org.springframework.web.servlet.mvc.method.annotation.RequestMappingHandlerAdapter.initControllerAdviceCache Looking for @ControllerAdvice: WebApplicationContext for namespace 'spring-dispatcher-servlet': startup date [Fri Dec 07 17:19:37 MST 2018]; parent: Root WebApplicationContext
07-Dec-2018 17:19:38.257 INFO [http-nio-8080-exec-5] org.springframework.web.servlet.DispatcherServlet.initServletBean FrameworkServlet 'spring-dispatcher': initialization completed in 491 ms
07-Dec-2018 17:32:57.149 INFO [http-nio-8080-exec-18] org.apache.catalina.core.StandardContext.reload Reloading Context with name [/SuperHeroSightings] has started
07-Dec-2018 17:32:57.149 INFO [http-nio-8080-exec-18] org.springframework.web.context.support.XmlWebApplicationContext.doClose Closing WebApplicationContext for namespace 'spring-dispatcher-servlet': startup date [Fri Dec 07 17:19:37 MST 2018]; parent: Root WebApplicationContext
07-Dec-2018 17:32:57.165 INFO [http-nio-8080-exec-18] org.springframework.web.context.support.XmlWebApplicationContext.doClose Closing Root WebApplicationContext: startup date [Fri Dec 07 17:19:35 MST 2018]; root of context hierarchy
07-Dec-2018 17:32:57.180 WARNING [http-nio-8080-exec-18] org.apache.catalina.loader.WebappClassLoaderBase.clearReferencesJdbc The web application [SuperHeroSightings] registered the JDBC driver [com.mysql.cj.jdbc.Driver] but failed to unregister it when the web application was stopped. To prevent a memory leak, the JDBC Driver has been forcibly unregistered.
07-Dec-2018 17:32:57.180 WARNING [http-nio-8080-exec-18] org.apache.catalina.loader.WebappClassLoaderBase.clearReferencesThreads The web application [SuperHeroSightings] appears to have started a thread named [Abandoned connection cleanup thread] but has failed to stop it. This is very likely to create a memory leak. Stack trace of thread:
 java.lang.Object.wait(Native Method)
 java.lang.ref.ReferenceQueue.remove(ReferenceQueue.java:144)
 com.mysql.cj.jdbc.AbandonedConnectionCleanupThread.run(AbandonedConnectionCleanupThread.java:70)
 java.util.concurrent.ThreadPoolExecutor.runWorker(ThreadPoolExecutor.java:1149)
 java.util.concurrent.ThreadPoolExecutor$Worker.run(ThreadPoolExecutor.java:624)
 java.lang.Thread.run(Thread.java:748)
07-Dec-2018 17:32:59.452 INFO [Abandoned connection cleanup thread] org.apache.catalina.loader.WebappClassLoaderBase.checkStateForResourceLoading Illegal access: this web application instance has been stopped already. Could not load []. The following stack trace is thrown for debugging purposes as well as to attempt to terminate the thread which caused the illegal access.
 java.lang.IllegalStateException: Illegal access: this web application instance has been stopped already. Could not load []. The following stack trace is thrown for debugging purposes as well as to attempt to terminate the thread which caused the illegal access.
	at org.apache.catalina.loader.WebappClassLoaderBase.checkStateForResourceLoading(WebappClassLoaderBase.java:1305)
	at org.apache.catalina.loader.WebappClassLoaderBase.getResource(WebappClassLoaderBase.java:986)
	at com.mysql.cj.jdbc.AbandonedConnectionCleanupThread.checkContextClassLoaders(AbandonedConnectionCleanupThread.java:96)
	at com.mysql.cj.jdbc.AbandonedConnectionCleanupThread.run(AbandonedConnectionCleanupThread.java:69)
	at java.util.concurrent.ThreadPoolExecutor.runWorker(ThreadPoolExecutor.java:1149)
	at java.util.concurrent.ThreadPoolExecutor$Worker.run(ThreadPoolExecutor.java:624)
	at java.lang.Thread.run(Thread.java:748)

07-Dec-2018 17:32:59.915 INFO [http-nio-8080-exec-18] org.apache.jasper.servlet.TldScanner.scanJars At least one JAR was scanned for TLDs yet contained no TLDs. Enable debug logging for this logger for a complete list of JARs that were scanned but no TLDs were found in them. Skipping unneeded JARs during scanning can improve startup time and JSP compilation time.
07-Dec-2018 17:32:59.993 INFO [http-nio-8080-exec-18] org.springframework.web.context.ContextLoader.initWebApplicationContext Root WebApplicationContext: initialization started
07-Dec-2018 17:33:00.212 INFO [http-nio-8080-exec-18] org.springframework.web.context.support.XmlWebApplicationContext.prepareRefresh Refreshing Root WebApplicationContext: startup date [Fri Dec 07 17:33:00 MST 2018]; root of context hierarchy
07-Dec-2018 17:33:00.305 INFO [http-nio-8080-exec-18] org.springframework.beans.factory.xml.XmlBeanDefinitionReader.loadBeanDefinitions Loading XML bean definitions from ServletContext resource [/WEB-INF/spring-dispatcher-servlet.xml]
07-Dec-2018 17:33:00.658 INFO [http-nio-8080-exec-18] org.springframework.beans.factory.xml.XmlBeanDefinitionReader.loadBeanDefinitions Loading XML bean definitions from class path resource [spring-persistence.xml]
07-Dec-2018 17:33:01.071 INFO [http-nio-8080-exec-18] org.springframework.beans.factory.annotation.AutowiredAnnotationBeanPostProcessor.<init> JSR-330 'javax.inject.Inject' annotation found and supported for autowiring
07-Dec-2018 17:33:01.790 INFO [http-nio-8080-exec-18] org.springframework.web.servlet.mvc.method.annotation.RequestMappingHandlerMapping.register Mapped "{[/home || /],methods=[GET]}" onto public java.lang.String com.sg.superherosightings.controller.HomeController.displayHomePage()
07-Dec-2018 17:33:01.790 INFO [http-nio-8080-exec-18] org.springframework.web.servlet.mvc.method.annotation.RequestMappingHandlerMapping.register Mapped "{[/addlocation],methods=[POST]}" onto public java.lang.String com.sg.superherosightings.controller.LocationController.addLocation(javax.servlet.http.HttpServletRequest)
07-Dec-2018 17:33:01.790 INFO [http-nio-8080-exec-18] org.springframework.web.servlet.mvc.method.annotation.RequestMappingHandlerMapping.register Mapped "{[/displaylocationdetails],methods=[GET]}" onto public java.lang.String com.sg.superherosightings.controller.LocationController.displayLocationDetails(javax.servlet.http.HttpServletRequest,org.springframework.ui.Model)
07-Dec-2018 17:33:01.790 INFO [http-nio-8080-exec-18] org.springframework.web.servlet.mvc.method.annotation.RequestMappingHandlerMapping.register Mapped "{[/locations],methods=[GET]}" onto public java.lang.String com.sg.superherosightings.controller.LocationController.displayLocationPage(org.springframework.ui.Model)
07-Dec-2018 17:33:01.790 INFO [http-nio-8080-exec-18] org.springframework.web.servlet.mvc.method.annotation.RequestMappingHandlerMapping.register Mapped "{[/createlocation],methods=[GET]}" onto public java.lang.String com.sg.superherosightings.controller.LocationController.displayCreateLocationPage()
07-Dec-2018 17:33:01.805 INFO [http-nio-8080-exec-18] org.springframework.web.servlet.mvc.method.annotation.RequestMappingHandlerMapping.register Mapped "{[/deletelocation],methods=[GET]}" onto public java.lang.String com.sg.superherosightings.controller.LocationController.deleteLocation(javax.servlet.http.HttpServletRequest)
07-Dec-2018 17:33:01.805 INFO [http-nio-8080-exec-18] org.springframework.web.servlet.mvc.method.annotation.RequestMappingHandlerMapping.register Mapped "{[/displayorganizationdetails],methods=[GET]}" onto public java.lang.String com.sg.superherosightings.controller.OrganizationController.displayOrganizationDetails(javax.servlet.http.HttpServletRequest,org.springframework.ui.Model)
07-Dec-2018 17:33:01.805 INFO [http-nio-8080-exec-18] org.springframework.web.servlet.mvc.method.annotation.RequestMappingHandlerMapping.register Mapped "{[/organizations],methods=[GET]}" onto public java.lang.String com.sg.superherosightings.controller.OrganizationController.displayOrganizationsPage(org.springframework.ui.Model)
07-Dec-2018 17:33:01.805 INFO [http-nio-8080-exec-18] org.springframework.web.servlet.mvc.method.annotation.RequestMappingHandlerMapping.register Mapped "{[/deleteorganization],methods=[GET]}" onto public java.lang.String com.sg.superherosightings.controller.OrganizationController.deleteOrganization(javax.servlet.http.HttpServletRequest)
07-Dec-2018 17:33:01.805 INFO [http-nio-8080-exec-18] org.springframework.web.servlet.mvc.method.annotation.RequestMappingHandlerMapping.register Mapped "{[/createorganization],methods=[GET]}" onto public java.lang.String com.sg.superherosightings.controller.OrganizationController.displayCreateOrganizationPage()
07-Dec-2018 17:33:01.805 INFO [http-nio-8080-exec-18] org.springframework.web.servlet.mvc.method.annotation.RequestMappingHandlerMapping.register Mapped "{[/addorganization],methods=[POST]}" onto public java.lang.String com.sg.superherosightings.controller.OrganizationController.addOrganization(javax.servlet.http.HttpServletRequest)
07-Dec-2018 17:33:01.805 INFO [http-nio-8080-exec-18] org.springframework.web.servlet.mvc.method.annotation.RequestMappingHandlerMapping.register Mapped "{[/powerlist],methods=[GET]}" onto public java.lang.String com.sg.superherosightings.controller.PowerController.displayPowerlistPage(org.springframework.ui.Model)
07-Dec-2018 17:33:01.805 INFO [http-nio-8080-exec-18] org.springframework.web.servlet.mvc.method.annotation.RequestMappingHandlerMapping.register Mapped "{[/createpower],methods=[GET]}" onto public java.lang.String com.sg.superherosightings.controller.PowerController.displayCreatePowerPage()
07-Dec-2018 17:33:01.821 INFO [http-nio-8080-exec-18] org.springframework.web.servlet.mvc.method.annotation.RequestMappingHandlerMapping.register Mapped "{[/editpowerform],methods=[GET]}" onto public java.lang.String com.sg.superherosightings.controller.PowerController.displayEditPowerForm(javax.servlet.http.HttpServletRequest,org.springframework.ui.Model)
07-Dec-2018 17:33:01.821 INFO [http-nio-8080-exec-18] org.springframework.web.servlet.mvc.method.annotation.RequestMappingHandlerMapping.register Mapped "{[/editpower],methods=[POST]}" onto public java.lang.String com.sg.superherosightings.controller.PowerController.editPower(com.sg.superherosightings.model.Power)
07-Dec-2018 17:33:01.821 INFO [http-nio-8080-exec-18] org.springframework.web.servlet.mvc.method.annotation.RequestMappingHandlerMapping.register Mapped "{[/addpower],methods=[POST]}" onto public java.lang.String com.sg.superherosightings.controller.PowerController.addPower(javax.servlet.http.HttpServletRequest)
07-Dec-2018 17:33:01.821 INFO [http-nio-8080-exec-18] org.springframework.web.servlet.mvc.method.annotation.RequestMappingHandlerMapping.register Mapped "{[/deletepower],methods=[GET]}" onto public java.lang.String com.sg.superherosightings.controller.PowerController.deletePower(javax.servlet.http.HttpServletRequest)
07-Dec-2018 17:33:01.821 INFO [http-nio-8080-exec-18] org.springframework.web.servlet.mvc.method.annotation.RequestMappingHandlerMapping.register Mapped "{[/createsighting],methods=[GET]}" onto public java.lang.String com.sg.superherosightings.controller.SightingController.displayCreateSightingPage(org.springframework.ui.Model)
07-Dec-2018 17:33:01.821 INFO [http-nio-8080-exec-18] org.springframework.web.servlet.mvc.method.annotation.RequestMappingHandlerMapping.register Mapped "{[/sightings],methods=[GET]}" onto public java.lang.String com.sg.superherosightings.controller.SightingController.displaySightingsPage(org.springframework.ui.Model)
07-Dec-2018 17:33:01.821 INFO [http-nio-8080-exec-18] org.springframework.web.servlet.mvc.method.annotation.RequestMappingHandlerMapping.register Mapped "{[/addsighting],methods=[POST]}" onto public java.lang.String com.sg.superherosightings.controller.SightingController.addSighting(javax.servlet.http.HttpServletRequest,org.springframework.ui.Model,int,int)
07-Dec-2018 17:33:01.821 INFO [http-nio-8080-exec-18] org.springframework.web.servlet.mvc.method.annotation.RequestMappingHandlerMapping.register Mapped "{[/roguesgallery],methods=[GET]}" onto public java.lang.String com.sg.superherosightings.controller.SuperhumanController.displayRoguesGallery(org.springframework.ui.Model)
07-Dec-2018 17:33:01.821 INFO [http-nio-8080-exec-18] org.springframework.web.servlet.mvc.method.annotation.RequestMappingHandlerMapping.register Mapped "{[/createsuperhuman],methods=[GET]}" onto public java.lang.String com.sg.superherosightings.controller.SuperhumanController.displayCreateSuperhumanPage(org.springframework.ui.Model)
07-Dec-2018 17:33:01.821 INFO [http-nio-8080-exec-18] org.springframework.web.servlet.mvc.method.annotation.RequestMappingHandlerMapping.register Mapped "{[/displayherodetails],methods=[GET]}" onto public java.lang.String com.sg.superherosightings.controller.SuperhumanController.displayHeroDetails(javax.servlet.http.HttpServletRequest,org.springframework.ui.Model)
07-Dec-2018 17:33:01.821 INFO [http-nio-8080-exec-18] org.springframework.web.servlet.mvc.method.annotation.RequestMappingHandlerMapping.register Mapped "{[/deletehero],methods=[GET]}" onto public java.lang.String com.sg.superherosightings.controller.SuperhumanController.deleteHero(javax.servlet.http.HttpServletRequest)
07-Dec-2018 17:33:01.821 INFO [http-nio-8080-exec-18] org.springframework.web.servlet.mvc.method.annotation.RequestMappingHandlerMapping.register Mapped "{[/addsuperhuman],methods=[POST]}" onto public java.lang.String com.sg.superherosightings.controller.SuperhumanController.addSuperhuman(javax.servlet.http.HttpServletRequest,int[],int[],org.springframework.ui.Model)
07-Dec-2018 17:33:01.899 INFO [http-nio-8080-exec-18] org.hibernate.validator.internal.util.Version.<clinit> HV000001: Hibernate Validator 5.2.2.Final
07-Dec-2018 17:33:02.477 INFO [http-nio-8080-exec-18] org.springframework.web.servlet.mvc.method.annotation.RequestMappingHandlerAdapter.initControllerAdviceCache Looking for @ControllerAdvice: Root WebApplicationContext: startup date [Fri Dec 07 17:33:00 MST 2018]; root of context hierarchy
07-Dec-2018 17:33:02.555 INFO [http-nio-8080-exec-18] org.springframework.web.servlet.mvc.method.annotation.RequestMappingHandlerAdapter.initControllerAdviceCache Looking for @ControllerAdvice: Root WebApplicationContext: startup date [Fri Dec 07 17:33:00 MST 2018]; root of context hierarchy
07-Dec-2018 17:33:02.848 INFO [http-nio-8080-exec-18] org.springframework.web.context.ContextLoader.initWebApplicationContext Root WebApplicationContext: initialization completed in 2855 ms
07-Dec-2018 17:33:02.864 INFO [http-nio-8080-exec-18] org.apache.catalina.core.StandardContext.reload Reloading Context with name [/SuperHeroSightings] is completed
07-Dec-2018 17:48:54.949 INFO [main] org.apache.catalina.core.StandardServer.await A valid shutdown command was received via the shutdown port. Stopping the Server instance.
07-Dec-2018 17:48:54.950 INFO [main] org.apache.coyote.AbstractProtocol.pause Pausing ProtocolHandler ["http-nio-8080"]
07-Dec-2018 17:48:55.070 INFO [main] org.apache.coyote.AbstractProtocol.pause Pausing ProtocolHandler ["ajp-nio-8009"]
07-Dec-2018 17:48:55.249 INFO [main] org.apache.catalina.core.StandardService.stopInternal Stopping service [Catalina]
07-Dec-2018 17:48:55.274 INFO [localhost-startStop-2] org.springframework.web.context.support.XmlWebApplicationContext.doClose Closing Root WebApplicationContext: startup date [Fri Dec 07 17:19:07 MST 2018]; root of context hierarchy
07-Dec-2018 17:48:56.380 INFO [localhost-startStop-2] org.springframework.web.context.support.XmlWebApplicationContext.doClose Closing Root WebApplicationContext: startup date [Fri Dec 07 17:19:02 MST 2018]; root of context hierarchy
07-Dec-2018 17:48:57.334 INFO [localhost-startStop-2] org.springframework.web.context.support.XmlWebApplicationContext.doClose Closing Root WebApplicationContext: startup date [Fri Dec 07 17:19:12 MST 2018]; root of context hierarchy
07-Dec-2018 17:48:58.628 INFO [localhost-startStop-2] org.springframework.web.context.support.XmlWebApplicationContext.doClose Closing Root WebApplicationContext: startup date [Fri Dec 07 17:33:00 MST 2018]; root of context hierarchy
07-Dec-2018 17:48:59.734 INFO [localhost-startStop-2] org.springframework.web.context.support.XmlWebApplicationContext.doClose Closing Root WebApplicationContext: startup date [Fri Dec 07 17:19:26 MST 2018]; root of context hierarchy
07-Dec-2018 17:49:00.820 INFO [main] org.apache.coyote.AbstractProtocol.stop Stopping ProtocolHandler ["http-nio-8080"]
07-Dec-2018 17:49:00.825 INFO [main] org.apache.coyote.AbstractProtocol.stop Stopping ProtocolHandler ["ajp-nio-8009"]
07-Dec-2018 17:49:00.827 INFO [main] org.apache.coyote.AbstractProtocol.destroy Destroying ProtocolHandler ["http-nio-8080"]
07-Dec-2018 17:49:00.828 INFO [main] org.apache.coyote.AbstractProtocol.destroy Destroying ProtocolHandler ["ajp-nio-8009"]
