16-Nov-2018 14:06:48.707 INFO [main] org.apache.catalina.startup.VersionLoggerListener.log Server version:        Apache Tomcat/8.5.16
16-Nov-2018 14:06:48.710 INFO [main] org.apache.catalina.startup.VersionLoggerListener.log Server built:          Jun 21 2017 17:01:09 UTC
16-Nov-2018 14:06:48.710 INFO [main] org.apache.catalina.startup.VersionLoggerListener.log Server number:         8.5.16.0
16-Nov-2018 14:06:48.711 INFO [main] org.apache.catalina.startup.VersionLoggerListener.log OS Name:               Windows 10
16-Nov-2018 14:06:48.711 INFO [main] org.apache.catalina.startup.VersionLoggerListener.log OS Version:            10.0
16-Nov-2018 14:06:48.711 INFO [main] org.apache.catalina.startup.VersionLoggerListener.log Architecture:          amd64
16-Nov-2018 14:06:48.711 INFO [main] org.apache.catalina.startup.VersionLoggerListener.log Java Home:             C:\Program Files\Java\jdk1.8.0_181\jre
16-Nov-2018 14:06:48.711 INFO [main] org.apache.catalina.startup.VersionLoggerListener.log JVM Version:           1.8.0_181-b13
16-Nov-2018 14:06:48.711 INFO [main] org.apache.catalina.startup.VersionLoggerListener.log JVM Vendor:            Oracle Corporation
16-Nov-2018 14:06:48.711 INFO [main] org.apache.catalina.startup.VersionLoggerListener.log CATALINA_BASE:         C:\Users\macam\Desktop\macameron-clark-individual-work\apache-tomcat-8.5.16
16-Nov-2018 14:06:48.711 INFO [main] org.apache.catalina.startup.VersionLoggerListener.log CATALINA_HOME:         C:\Users\macam\Desktop\macameron-clark-individual-work\apache-tomcat-8.5.16
16-Nov-2018 14:06:48.712 INFO [main] org.apache.catalina.startup.VersionLoggerListener.log Command line argument: -Djava.util.logging.config.file=C:\Users\macam\Desktop\macameron-clark-individual-work\apache-tomcat-8.5.16\conf\logging.properties
16-Nov-2018 14:06:48.712 INFO [main] org.apache.catalina.startup.VersionLoggerListener.log Command line argument: -Djava.util.logging.manager=org.apache.juli.ClassLoaderLogManager
16-Nov-2018 14:06:48.712 INFO [main] org.apache.catalina.startup.VersionLoggerListener.log Command line argument: -Dhttp.nonProxyHosts=localhost|127.0.0.1|LAPTOP-1960114R
16-Nov-2018 14:06:48.712 INFO [main] org.apache.catalina.startup.VersionLoggerListener.log Command line argument: -Djdk.tls.ephemeralDHKeySize=2048
16-Nov-2018 14:06:48.712 INFO [main] org.apache.catalina.startup.VersionLoggerListener.log Command line argument: -Djava.protocol.handler.pkgs=org.apache.catalina.webresources
16-Nov-2018 14:06:48.712 INFO [main] org.apache.catalina.startup.VersionLoggerListener.log Command line argument: -Dcatalina.base=C:\Users\macam\Desktop\macameron-clark-individual-work\apache-tomcat-8.5.16
16-Nov-2018 14:06:48.712 INFO [main] org.apache.catalina.startup.VersionLoggerListener.log Command line argument: -Dcatalina.home=C:\Users\macam\Desktop\macameron-clark-individual-work\apache-tomcat-8.5.16
16-Nov-2018 14:06:48.712 INFO [main] org.apache.catalina.startup.VersionLoggerListener.log Command line argument: -Djava.io.tmpdir=C:\Users\macam\Desktop\macameron-clark-individual-work\apache-tomcat-8.5.16\temp
16-Nov-2018 14:06:48.713 INFO [main] org.apache.catalina.core.AprLifecycleListener.lifecycleEvent Loaded APR based Apache Tomcat Native library [1.2.12] using APR version [1.5.2].
16-Nov-2018 14:06:48.713 INFO [main] org.apache.catalina.core.AprLifecycleListener.lifecycleEvent APR capabilities: IPv6 [true], sendfile [true], accept filters [false], random [true].
16-Nov-2018 14:06:48.713 INFO [main] org.apache.catalina.core.AprLifecycleListener.lifecycleEvent APR/OpenSSL configuration: useAprConnector [false], useOpenSSL [true]
16-Nov-2018 14:06:49.350 INFO [main] org.apache.catalina.core.AprLifecycleListener.initializeSSL OpenSSL successfully initialized [OpenSSL 1.0.2k  26 Jan 2017]
16-Nov-2018 14:06:49.527 INFO [main] org.apache.coyote.AbstractProtocol.init Initializing ProtocolHandler ["http-nio-8080"]
16-Nov-2018 14:06:49.680 INFO [main] org.apache.tomcat.util.net.NioSelectorPool.getSharedSelector Using a shared selector for servlet write/read
16-Nov-2018 14:06:49.683 INFO [main] org.apache.coyote.AbstractProtocol.init Initializing ProtocolHandler ["ajp-nio-8009"]
16-Nov-2018 14:06:49.687 INFO [main] org.apache.tomcat.util.net.NioSelectorPool.getSharedSelector Using a shared selector for servlet write/read
16-Nov-2018 14:06:49.688 INFO [main] org.apache.catalina.startup.Catalina.load Initialization processed in 1465 ms
16-Nov-2018 14:06:49.728 INFO [main] org.apache.catalina.core.StandardService.startInternal Starting service [Catalina]
16-Nov-2018 14:06:49.729 INFO [main] org.apache.catalina.core.StandardEngine.startInternal Starting Servlet Engine: Apache Tomcat/8.5.16
16-Nov-2018 14:06:49.742 INFO [localhost-startStop-1] org.apache.catalina.startup.HostConfig.deployDescriptor Deploying configuration descriptor [C:\Users\macam\Desktop\macameron-clark-individual-work\apache-tomcat-8.5.16\conf\Catalina\localhost\FactorizorJspServlet.xml]
16-Nov-2018 14:06:49.835 SEVERE [localhost-startStop-1] org.apache.catalina.core.ContainerBase.addChildInternal ContainerBase.addChild: start: 
 org.apache.catalina.LifecycleException: Failed to start component [StandardEngine[Catalina].StandardHost[localhost].StandardContext[/FactorizorJspServlet]]
	at org.apache.catalina.util.LifecycleBase.start(LifecycleBase.java:167)
	at org.apache.catalina.core.ContainerBase.addChildInternal(ContainerBase.java:752)
	at org.apache.catalina.core.ContainerBase.addChild(ContainerBase.java:728)
	at org.apache.catalina.core.StandardHost.addChild(StandardHost.java:734)
	at org.apache.catalina.startup.HostConfig.deployDescriptor(HostConfig.java:630)
	at org.apache.catalina.startup.HostConfig$DeployDescriptor.run(HostConfig.java:1842)
	at java.util.concurrent.Executors$RunnableAdapter.call(Executors.java:511)
	at java.util.concurrent.FutureTask.run(FutureTask.java:266)
	at java.util.concurrent.ThreadPoolExecutor.runWorker(ThreadPoolExecutor.java:1149)
	at java.util.concurrent.ThreadPoolExecutor$Worker.run(ThreadPoolExecutor.java:624)
	at java.lang.Thread.run(Thread.java:748)
Caused by: org.apache.catalina.LifecycleException: Failed to start component [org.apache.catalina.webresources.StandardRoot@12d6b9e8]
	at org.apache.catalina.util.LifecycleBase.start(LifecycleBase.java:167)
	at org.apache.catalina.core.StandardContext.resourcesStart(StandardContext.java:4860)
	at org.apache.catalina.core.StandardContext.startInternal(StandardContext.java:4992)
	at org.apache.catalina.util.LifecycleBase.start(LifecycleBase.java:150)
	... 10 more
Caused by: java.lang.IllegalArgumentException: The main resource set specified [C:\Users\macam\Desktop\macameron-clark-individual-work\New Folder\FactorizorJspServlet\target\FactorizorJspServlet-1.0-SNAPSHOT] is not valid
	at org.apache.catalina.webresources.StandardRoot.createMainResourceSet(StandardRoot.java:733)
	at org.apache.catalina.webresources.StandardRoot.startInternal(StandardRoot.java:691)
	at org.apache.catalina.util.LifecycleBase.start(LifecycleBase.java:150)
	... 13 more

16-Nov-2018 14:06:49.836 SEVERE [localhost-startStop-1] org.apache.catalina.startup.HostConfig.deployDescriptor Error deploying configuration descriptor [C:\Users\macam\Desktop\macameron-clark-individual-work\apache-tomcat-8.5.16\conf\Catalina\localhost\FactorizorJspServlet.xml]
 java.lang.IllegalStateException: ContainerBase.addChild: start: org.apache.catalina.LifecycleException: Failed to start component [StandardEngine[Catalina].StandardHost[localhost].StandardContext[/FactorizorJspServlet]]
	at org.apache.catalina.core.ContainerBase.addChildInternal(ContainerBase.java:756)
	at org.apache.catalina.core.ContainerBase.addChild(ContainerBase.java:728)
	at org.apache.catalina.core.StandardHost.addChild(StandardHost.java:734)
	at org.apache.catalina.startup.HostConfig.deployDescriptor(HostConfig.java:630)
	at org.apache.catalina.startup.HostConfig$DeployDescriptor.run(HostConfig.java:1842)
	at java.util.concurrent.Executors$RunnableAdapter.call(Executors.java:511)
	at java.util.concurrent.FutureTask.run(FutureTask.java:266)
	at java.util.concurrent.ThreadPoolExecutor.runWorker(ThreadPoolExecutor.java:1149)
	at java.util.concurrent.ThreadPoolExecutor$Worker.run(ThreadPoolExecutor.java:624)
	at java.lang.Thread.run(Thread.java:748)

16-Nov-2018 14:06:49.840 INFO [localhost-startStop-1] org.apache.catalina.startup.HostConfig.deployDescriptor Deployment of configuration descriptor [C:\Users\macam\Desktop\macameron-clark-individual-work\apache-tomcat-8.5.16\conf\Catalina\localhost\FactorizorJspServlet.xml] has finished in [97] ms
16-Nov-2018 14:06:49.841 INFO [localhost-startStop-1] org.apache.catalina.startup.HostConfig.deployDescriptor Deploying configuration descriptor [C:\Users\macam\Desktop\macameron-clark-individual-work\apache-tomcat-8.5.16\conf\Catalina\localhost\FactorizorSpringMVC.xml]
16-Nov-2018 14:06:53.689 INFO [localhost-startStop-1] org.apache.jasper.servlet.TldScanner.scanJars At least one JAR was scanned for TLDs yet contained no TLDs. Enable debug logging for this logger for a complete list of JARs that were scanned but no TLDs were found in them. Skipping unneeded JARs during scanning can improve startup time and JSP compilation time.
16-Nov-2018 14:06:53.767 INFO [localhost-startStop-1] org.springframework.web.context.ContextLoader.initWebApplicationContext Root WebApplicationContext: initialization started
16-Nov-2018 14:06:53.909 INFO [localhost-startStop-1] org.springframework.web.context.support.XmlWebApplicationContext.prepareRefresh Refreshing Root WebApplicationContext: startup date [Fri Nov 16 14:06:53 CST 2018]; root of context hierarchy
16-Nov-2018 14:06:54.011 INFO [localhost-startStop-1] org.springframework.beans.factory.xml.XmlBeanDefinitionReader.loadBeanDefinitions Loading XML bean definitions from ServletContext resource [/WEB-INF/spring-dispatcher-servlet.xml]
16-Nov-2018 14:06:54.457 INFO [localhost-startStop-1] org.springframework.beans.factory.xml.XmlBeanDefinitionReader.loadBeanDefinitions Loading XML bean definitions from class path resource [spring-persistence.xml]
16-Nov-2018 14:06:54.723 INFO [localhost-startStop-1] org.springframework.beans.factory.annotation.AutowiredAnnotationBeanPostProcessor.<init> JSR-330 'javax.inject.Inject' annotation found and supported for autowiring
16-Nov-2018 14:06:55.273 INFO [localhost-startStop-1] org.springframework.web.servlet.mvc.method.annotation.RequestMappingHandlerMapping.register Mapped "{[/factorNumber],methods=[POST]}" onto public java.lang.String com.sg.factorizorspringmvc.FactorizorController.factorNumber(javax.servlet.http.HttpServletRequest,java.util.Map<java.lang.String, java.lang.Object>)
16-Nov-2018 14:06:55.278 INFO [localhost-startStop-1] org.springframework.web.servlet.mvc.method.annotation.RequestMappingHandlerMapping.register Mapped "{[/hello/sayhi],methods=[GET]}" onto public java.lang.String com.sg.factorizorspringmvc.HelloController.sayHi(java.util.Map<java.lang.String, java.lang.Object>)
16-Nov-2018 14:06:55.360 INFO [localhost-startStop-1] org.hibernate.validator.internal.util.Version.<clinit> HV000001: Hibernate Validator 5.2.2.Final
16-Nov-2018 14:06:56.150 INFO [localhost-startStop-1] org.springframework.web.servlet.mvc.method.annotation.RequestMappingHandlerAdapter.initControllerAdviceCache Looking for @ControllerAdvice: Root WebApplicationContext: startup date [Fri Nov 16 14:06:53 CST 2018]; root of context hierarchy
16-Nov-2018 14:06:56.239 INFO [localhost-startStop-1] org.springframework.web.servlet.mvc.method.annotation.RequestMappingHandlerAdapter.initControllerAdviceCache Looking for @ControllerAdvice: Root WebApplicationContext: startup date [Fri Nov 16 14:06:53 CST 2018]; root of context hierarchy
16-Nov-2018 14:06:56.384 INFO [localhost-startStop-1] org.springframework.web.context.ContextLoader.initWebApplicationContext Root WebApplicationContext: initialization completed in 2617 ms
16-Nov-2018 14:06:56.401 INFO [localhost-startStop-1] org.apache.catalina.startup.HostConfig.deployDescriptor Deployment of configuration descriptor [C:\Users\macam\Desktop\macameron-clark-individual-work\apache-tomcat-8.5.16\conf\Catalina\localhost\FactorizorSpringMVC.xml] has finished in [6,561] ms
16-Nov-2018 14:06:56.405 INFO [localhost-startStop-1] org.apache.catalina.startup.HostConfig.deployDescriptor Deploying configuration descriptor [C:\Users\macam\Desktop\macameron-clark-individual-work\apache-tomcat-8.5.16\conf\Catalina\localhost\FlooringCalculator.xml]
16-Nov-2018 14:06:56.611 INFO [localhost-startStop-1] org.apache.catalina.startup.HostConfig.deployDescriptor Deployment of configuration descriptor [C:\Users\macam\Desktop\macameron-clark-individual-work\apache-tomcat-8.5.16\conf\Catalina\localhost\FlooringCalculator.xml] has finished in [210] ms
16-Nov-2018 14:06:56.611 INFO [localhost-startStop-1] org.apache.catalina.startup.HostConfig.deployDescriptor Deploying configuration descriptor [C:\Users\macam\Desktop\macameron-clark-individual-work\apache-tomcat-8.5.16\conf\Catalina\localhost\FlooringCalculatorSpringMVC.xml]
16-Nov-2018 14:06:59.300 INFO [localhost-startStop-1] org.apache.jasper.servlet.TldScanner.scanJars At least one JAR was scanned for TLDs yet contained no TLDs. Enable debug logging for this logger for a complete list of JARs that were scanned but no TLDs were found in them. Skipping unneeded JARs during scanning can improve startup time and JSP compilation time.
16-Nov-2018 14:06:59.345 INFO [localhost-startStop-1] org.springframework.web.context.ContextLoader.initWebApplicationContext Root WebApplicationContext: initialization started
16-Nov-2018 14:06:59.446 INFO [localhost-startStop-1] org.springframework.web.context.support.XmlWebApplicationContext.prepareRefresh Refreshing Root WebApplicationContext: startup date [Fri Nov 16 14:06:59 CST 2018]; root of context hierarchy
16-Nov-2018 14:06:59.528 INFO [localhost-startStop-1] org.springframework.beans.factory.xml.XmlBeanDefinitionReader.loadBeanDefinitions Loading XML bean definitions from ServletContext resource [/WEB-INF/spring-dispatcher-servlet.xml]
16-Nov-2018 14:06:59.823 INFO [localhost-startStop-1] org.springframework.beans.factory.xml.XmlBeanDefinitionReader.loadBeanDefinitions Loading XML bean definitions from class path resource [spring-persistence.xml]
16-Nov-2018 14:07:00.032 INFO [localhost-startStop-1] org.springframework.beans.factory.annotation.AutowiredAnnotationBeanPostProcessor.<init> JSR-330 'javax.inject.Inject' annotation found and supported for autowiring
16-Nov-2018 14:07:00.356 INFO [localhost-startStop-1] org.springframework.web.servlet.mvc.method.annotation.RequestMappingHandlerMapping.register Mapped "{[/calculateFloor],methods=[POST]}" onto public java.lang.String com.sg.flooringcalculatorspringmvc.FloooringCalculatorSpringMvc.returnValues(javax.servlet.http.HttpServletRequest,java.util.Map<java.lang.String, java.lang.Object>)
16-Nov-2018 14:07:00.367 INFO [localhost-startStop-1] org.springframework.web.servlet.mvc.method.annotation.RequestMappingHandlerMapping.register Mapped "{[/hello/sayhi],methods=[GET]}" onto public java.lang.String com.sg.flooringcalculatorspringmvc.HelloController.sayHi(java.util.Map<java.lang.String, java.lang.Object>)
16-Nov-2018 14:07:00.451 INFO [localhost-startStop-1] org.hibernate.validator.internal.util.Version.<clinit> HV000001: Hibernate Validator 5.2.2.Final
16-Nov-2018 14:07:01.156 INFO [localhost-startStop-1] org.springframework.web.servlet.mvc.method.annotation.RequestMappingHandlerAdapter.initControllerAdviceCache Looking for @ControllerAdvice: Root WebApplicationContext: startup date [Fri Nov 16 14:06:59 CST 2018]; root of context hierarchy
16-Nov-2018 14:07:01.228 INFO [localhost-startStop-1] org.springframework.web.servlet.mvc.method.annotation.RequestMappingHandlerAdapter.initControllerAdviceCache Looking for @ControllerAdvice: Root WebApplicationContext: startup date [Fri Nov 16 14:06:59 CST 2018]; root of context hierarchy
16-Nov-2018 14:07:01.471 INFO [localhost-startStop-1] org.springframework.web.context.ContextLoader.initWebApplicationContext Root WebApplicationContext: initialization completed in 2126 ms
16-Nov-2018 14:07:01.471 INFO [localhost-startStop-1] org.apache.catalina.startup.HostConfig.deployDescriptor Deployment of configuration descriptor [C:\Users\macam\Desktop\macameron-clark-individual-work\apache-tomcat-8.5.16\conf\Catalina\localhost\FlooringCalculatorSpringMVC.xml] has finished in [4,860] ms
16-Nov-2018 14:07:01.471 INFO [localhost-startStop-1] org.apache.catalina.startup.HostConfig.deployDescriptor Deploying configuration descriptor [C:\Users\macam\Desktop\macameron-clark-individual-work\apache-tomcat-8.5.16\conf\Catalina\localhost\GarageSale.xml]
16-Nov-2018 14:07:07.712 INFO [localhost-startStop-1] org.apache.jasper.servlet.TldScanner.scanJars At least one JAR was scanned for TLDs yet contained no TLDs. Enable debug logging for this logger for a complete list of JARs that were scanned but no TLDs were found in them. Skipping unneeded JARs during scanning can improve startup time and JSP compilation time.
16-Nov-2018 14:07:07.868 INFO [localhost-startStop-1] org.springframework.web.context.ContextLoader.initWebApplicationContext Root WebApplicationContext: initialization started
16-Nov-2018 14:07:08.012 INFO [localhost-startStop-1] org.springframework.web.context.support.XmlWebApplicationContext.prepareRefresh Refreshing Root WebApplicationContext: startup date [Fri Nov 16 14:07:08 CST 2018]; root of context hierarchy
16-Nov-2018 14:07:08.187 INFO [localhost-startStop-1] org.springframework.beans.factory.xml.XmlBeanDefinitionReader.loadBeanDefinitions Loading XML bean definitions from ServletContext resource [/WEB-INF/spring-dispatcher-servlet.xml]
16-Nov-2018 14:07:08.882 INFO [localhost-startStop-1] org.springframework.beans.factory.xml.XmlBeanDefinitionReader.loadBeanDefinitions Loading XML bean definitions from class path resource [spring-persistence.xml]
16-Nov-2018 14:07:10.041 INFO [localhost-startStop-1] org.springframework.beans.factory.annotation.AutowiredAnnotationBeanPostProcessor.<init> JSR-330 'javax.inject.Inject' annotation found and supported for autowiring
16-Nov-2018 14:07:10.780 INFO [localhost-startStop-1] org.springframework.web.servlet.mvc.method.annotation.RequestMappingHandlerMapping.register Mapped "{[/deleteuser],methods=[GET]}" onto public java.lang.String com.sg.garagesale.controller.AdminController.deleteUser(javax.servlet.http.HttpServletRequest)
16-Nov-2018 14:07:10.782 INFO [localhost-startStop-1] org.springframework.web.servlet.mvc.method.annotation.RequestMappingHandlerMapping.register Mapped "{[/edituser],methods=[POST]}" onto public java.lang.String com.sg.garagesale.controller.AdminController.editUserAction(java.lang.String[],java.lang.Boolean,java.lang.Integer)
16-Nov-2018 14:07:10.784 INFO [localhost-startStop-1] org.springframework.web.servlet.mvc.method.annotation.RequestMappingHandlerMapping.register Mapped "{[/edituser],methods=[GET]}" onto public java.lang.String com.sg.garagesale.controller.AdminController.editUser(org.springframework.ui.Model,java.lang.Integer)
16-Nov-2018 14:07:10.784 INFO [localhost-startStop-1] org.springframework.web.servlet.mvc.method.annotation.RequestMappingHandlerMapping.register Mapped "{[/moderationpage],methods=[GET]}" onto public java.lang.String com.sg.garagesale.controller.AdminController.displayModerationPage(org.springframework.ui.Model)
16-Nov-2018 14:07:10.789 INFO [localhost-startStop-1] org.springframework.web.servlet.mvc.method.annotation.RequestMappingHandlerMapping.register Mapped "{[/ViewGarageSale],methods=[GET]}" onto public java.lang.String com.sg.garagesale.controller.CreateGarageSaleController.ViewGarageSale(javax.servlet.http.HttpServletRequest,org.springframework.ui.Model)
16-Nov-2018 14:07:10.790 INFO [localhost-startStop-1] org.springframework.web.servlet.mvc.method.annotation.RequestMappingHandlerMapping.register Mapped "{[/CreateSale],methods=[GET]}" onto public java.lang.String com.sg.garagesale.controller.CreateGarageSaleController.createSalePage(javax.servlet.http.HttpServletRequest)
16-Nov-2018 14:07:10.790 INFO [localhost-startStop-1] org.springframework.web.servlet.mvc.method.annotation.RequestMappingHandlerMapping.register Mapped "{[/deleteGarageSale],methods=[GET]}" onto public java.lang.String com.sg.garagesale.controller.CreateGarageSaleController.deleteGarageSale(javax.servlet.http.HttpServletRequest)
16-Nov-2018 14:07:10.794 INFO [localhost-startStop-1] org.springframework.web.servlet.mvc.method.annotation.RequestMappingHandlerMapping.register Mapped "{[/editGarage],methods=[POST]}" onto public java.lang.String com.sg.garagesale.controller.CreateGarageSaleController.editGarage(com.sg.garagesale.model.GarageSale)
16-Nov-2018 14:07:10.795 INFO [localhost-startStop-1] org.springframework.web.servlet.mvc.method.annotation.RequestMappingHandlerMapping.register Mapped "{[/displayEditGarageSale],methods=[GET]}" onto public java.lang.String com.sg.garagesale.controller.CreateGarageSaleController.displayEditGarageSale(javax.servlet.http.HttpServletRequest,org.springframework.ui.Model)
16-Nov-2018 14:07:10.795 INFO [localhost-startStop-1] org.springframework.web.servlet.mvc.method.annotation.RequestMappingHandlerMapping.register Mapped "{[/Garagesale],methods=[GET]}" onto public java.lang.String com.sg.garagesale.controller.CreateGarageSaleController.displayGarageSales(org.springframework.ui.Model)
16-Nov-2018 14:07:10.796 INFO [localhost-startStop-1] org.springframework.web.servlet.mvc.method.annotation.RequestMappingHandlerMapping.register Mapped "{[/CreateSale],methods=[POST]}" onto public java.lang.String com.sg.garagesale.controller.CreateGarageSaleController.createSaleResults(javax.servlet.http.HttpServletRequest)
16-Nov-2018 14:07:10.799 INFO [localhost-startStop-1] org.springframework.web.servlet.mvc.method.annotation.RequestMappingHandlerMapping.register Mapped "{[/createUser],methods=[POST]}" onto public java.lang.String com.sg.garagesale.controller.HomeController.createUser(javax.servlet.http.HttpServletRequest)
16-Nov-2018 14:07:10.799 INFO [localhost-startStop-1] org.springframework.web.servlet.mvc.method.annotation.RequestMappingHandlerMapping.register Mapped "{[/ || /Home],methods=[GET]}" onto public java.lang.String com.sg.garagesale.controller.HomeController.displayHomePage()
16-Nov-2018 14:07:10.851 INFO [localhost-startStop-1] org.springframework.web.servlet.mvc.method.annotation.RequestMappingHandlerMapping.register Mapped "{[/Register],methods=[GET]}" onto public java.lang.String com.sg.garagesale.controller.HomeController.displayRegisterPage()
16-Nov-2018 14:07:10.857 INFO [localhost-startStop-1] org.springframework.web.servlet.mvc.method.annotation.RequestMappingHandlerMapping.register Mapped "{[/ViewItem],methods=[GET]}" onto public java.lang.String com.sg.garagesale.controller.ItemsController.ViewItems(org.springframework.ui.Model,javax.servlet.http.HttpServletRequest)
16-Nov-2018 14:07:10.857 INFO [localhost-startStop-1] org.springframework.web.servlet.mvc.method.annotation.RequestMappingHandlerMapping.register Mapped "{[/CreateItem],methods=[POST]}" onto public java.lang.String com.sg.garagesale.controller.ItemsController.createItem(javax.servlet.http.HttpServletRequest,org.springframework.ui.Model)
16-Nov-2018 14:07:10.858 INFO [localhost-startStop-1] org.springframework.web.servlet.mvc.method.annotation.RequestMappingHandlerMapping.register Mapped "{[/deleteItem],methods=[GET]}" onto public java.lang.String com.sg.garagesale.controller.ItemsController.deleteItem(javax.servlet.http.HttpServletRequest,org.springframework.ui.Model)
16-Nov-2018 14:07:10.859 INFO [localhost-startStop-1] org.springframework.web.servlet.mvc.method.annotation.RequestMappingHandlerMapping.register Mapped "{[/],methods=[POST]}" onto public java.lang.String com.sg.garagesale.controller.LoginController.afterLogin()
16-Nov-2018 14:07:10.860 INFO [localhost-startStop-1] org.springframework.web.servlet.mvc.method.annotation.RequestMappingHandlerMapping.register Mapped "{[/login],methods=[GET]}" onto public java.lang.String com.sg.garagesale.controller.LoginController.showLoginForm()
16-Nov-2018 14:07:11.069 INFO [localhost-startStop-1] org.hibernate.validator.internal.util.Version.<clinit> HV000001: Hibernate Validator 5.2.2.Final
16-Nov-2018 14:07:12.250 INFO [localhost-startStop-1] org.springframework.web.servlet.mvc.method.annotation.RequestMappingHandlerAdapter.initControllerAdviceCache Looking for @ControllerAdvice: Root WebApplicationContext: startup date [Fri Nov 16 14:07:08 CST 2018]; root of context hierarchy
16-Nov-2018 14:07:12.362 INFO [localhost-startStop-1] org.springframework.web.servlet.mvc.method.annotation.RequestMappingHandlerAdapter.initControllerAdviceCache Looking for @ControllerAdvice: Root WebApplicationContext: startup date [Fri Nov 16 14:07:08 CST 2018]; root of context hierarchy
16-Nov-2018 14:07:14.034 INFO [localhost-startStop-1] org.springframework.security.web.DefaultSecurityFilterChain.<init> Creating filter chain: org.springframework.security.web.util.matcher.AnyRequestMatcher@1, [org.springframework.security.web.context.request.async.WebAsyncManagerIntegrationFilter@73942d6f, org.springframework.security.web.context.SecurityContextPersistenceFilter@1f5388e9, org.springframework.security.web.header.HeaderWriterFilter@5544f073, org.springframework.security.web.csrf.CsrfFilter@b43e91c, org.springframework.security.web.authentication.logout.LogoutFilter@1666aac9, org.springframework.security.web.authentication.UsernamePasswordAuthenticationFilter@ddf352b, org.springframework.security.web.savedrequest.RequestCacheAwareFilter@7aaf2290, org.springframework.security.web.servletapi.SecurityContextHolderAwareRequestFilter@2d956c5e, org.springframework.security.web.authentication.AnonymousAuthenticationFilter@2a041585, org.springframework.security.web.session.SessionManagementFilter@20241e48, org.springframework.security.web.access.ExceptionTranslationFilter@12b1cb3, org.springframework.security.web.access.intercept.FilterSecurityInterceptor@90e63ca]
16-Nov-2018 14:07:14.186 INFO [localhost-startStop-1] org.springframework.web.context.ContextLoader.initWebApplicationContext Root WebApplicationContext: initialization completed in 6318 ms
16-Nov-2018 14:07:14.199 INFO [localhost-startStop-1] org.apache.catalina.startup.HostConfig.deployDescriptor Deployment of configuration descriptor [C:\Users\macam\Desktop\macameron-clark-individual-work\apache-tomcat-8.5.16\conf\Catalina\localhost\GarageSale.xml] has finished in [12,728] ms
16-Nov-2018 14:07:14.200 INFO [localhost-startStop-1] org.apache.catalina.startup.HostConfig.deployDescriptor Deploying configuration descriptor [C:\Users\macam\Desktop\macameron-clark-individual-work\apache-tomcat-8.5.16\conf\Catalina\localhost\HangmanSpringMVC.xml]
16-Nov-2018 14:07:14.213 SEVERE [localhost-startStop-1] org.apache.catalina.core.ContainerBase.addChildInternal ContainerBase.addChild: start: 
 org.apache.catalina.LifecycleException: Failed to start component [StandardEngine[Catalina].StandardHost[localhost].StandardContext[/HangmanSpringMVC]]
	at org.apache.catalina.util.LifecycleBase.start(LifecycleBase.java:167)
	at org.apache.catalina.core.ContainerBase.addChildInternal(ContainerBase.java:752)
	at org.apache.catalina.core.ContainerBase.addChild(ContainerBase.java:728)
	at org.apache.catalina.core.StandardHost.addChild(StandardHost.java:734)
	at org.apache.catalina.startup.HostConfig.deployDescriptor(HostConfig.java:630)
	at org.apache.catalina.startup.HostConfig$DeployDescriptor.run(HostConfig.java:1842)
	at java.util.concurrent.Executors$RunnableAdapter.call(Executors.java:511)
	at java.util.concurrent.FutureTask.run(FutureTask.java:266)
	at java.util.concurrent.ThreadPoolExecutor.runWorker(ThreadPoolExecutor.java:1149)
	at java.util.concurrent.ThreadPoolExecutor$Worker.run(ThreadPoolExecutor.java:624)
	at java.lang.Thread.run(Thread.java:748)
Caused by: org.apache.catalina.LifecycleException: Failed to start component [org.apache.catalina.webresources.StandardRoot@310dcd4f]
	at org.apache.catalina.util.LifecycleBase.start(LifecycleBase.java:167)
	at org.apache.catalina.core.StandardContext.resourcesStart(StandardContext.java:4860)
	at org.apache.catalina.core.StandardContext.startInternal(StandardContext.java:4992)
	at org.apache.catalina.util.LifecycleBase.start(LifecycleBase.java:150)
	... 10 more
Caused by: java.lang.IllegalArgumentException: The main resource set specified [C:\Users\macam\Desktop\macameron-clark-individual-work\HangmanSpringMVC\target\spring-mvc-webapp] is not valid
	at org.apache.catalina.webresources.StandardRoot.createMainResourceSet(StandardRoot.java:733)
	at org.apache.catalina.webresources.StandardRoot.startInternal(StandardRoot.java:691)
	at org.apache.catalina.util.LifecycleBase.start(LifecycleBase.java:150)
	... 13 more

16-Nov-2018 14:07:14.214 SEVERE [localhost-startStop-1] org.apache.catalina.startup.HostConfig.deployDescriptor Error deploying configuration descriptor [C:\Users\macam\Desktop\macameron-clark-individual-work\apache-tomcat-8.5.16\conf\Catalina\localhost\HangmanSpringMVC.xml]
 java.lang.IllegalStateException: ContainerBase.addChild: start: org.apache.catalina.LifecycleException: Failed to start component [StandardEngine[Catalina].StandardHost[localhost].StandardContext[/HangmanSpringMVC]]
	at org.apache.catalina.core.ContainerBase.addChildInternal(ContainerBase.java:756)
	at org.apache.catalina.core.ContainerBase.addChild(ContainerBase.java:728)
	at org.apache.catalina.core.StandardHost.addChild(StandardHost.java:734)
	at org.apache.catalina.startup.HostConfig.deployDescriptor(HostConfig.java:630)
	at org.apache.catalina.startup.HostConfig$DeployDescriptor.run(HostConfig.java:1842)
	at java.util.concurrent.Executors$RunnableAdapter.call(Executors.java:511)
	at java.util.concurrent.FutureTask.run(FutureTask.java:266)
	at java.util.concurrent.ThreadPoolExecutor.runWorker(ThreadPoolExecutor.java:1149)
	at java.util.concurrent.ThreadPoolExecutor$Worker.run(ThreadPoolExecutor.java:624)
	at java.lang.Thread.run(Thread.java:748)

16-Nov-2018 14:07:14.214 INFO [localhost-startStop-1] org.apache.catalina.startup.HostConfig.deployDescriptor Deployment of configuration descriptor [C:\Users\macam\Desktop\macameron-clark-individual-work\apache-tomcat-8.5.16\conf\Catalina\localhost\HangmanSpringMVC.xml] has finished in [15] ms
16-Nov-2018 14:07:14.236 INFO [localhost-startStop-1] org.apache.catalina.startup.HostConfig.deployDescriptor Deploying configuration descriptor [C:\Users\macam\Desktop\macameron-clark-individual-work\apache-tomcat-8.5.16\conf\Catalina\localhost\HelloSecurity.xml]
16-Nov-2018 14:07:19.968 INFO [localhost-startStop-1] org.apache.jasper.servlet.TldScanner.scanJars At least one JAR was scanned for TLDs yet contained no TLDs. Enable debug logging for this logger for a complete list of JARs that were scanned but no TLDs were found in them. Skipping unneeded JARs during scanning can improve startup time and JSP compilation time.
16-Nov-2018 14:07:20.080 INFO [localhost-startStop-1] org.springframework.web.context.ContextLoader.initWebApplicationContext Root WebApplicationContext: initialization started
16-Nov-2018 14:07:20.157 INFO [localhost-startStop-1] org.springframework.web.context.support.XmlWebApplicationContext.prepareRefresh Refreshing Root WebApplicationContext: startup date [Fri Nov 16 14:07:20 CST 2018]; root of context hierarchy
16-Nov-2018 14:07:20.233 INFO [localhost-startStop-1] org.springframework.beans.factory.xml.XmlBeanDefinitionReader.loadBeanDefinitions Loading XML bean definitions from ServletContext resource [/WEB-INF/spring-dispatcher-servlet.xml]
16-Nov-2018 14:07:20.532 INFO [localhost-startStop-1] org.springframework.beans.factory.xml.XmlBeanDefinitionReader.loadBeanDefinitions Loading XML bean definitions from class path resource [spring-persistence.xml]
16-Nov-2018 14:07:21.157 INFO [localhost-startStop-1] org.springframework.beans.factory.annotation.AutowiredAnnotationBeanPostProcessor.<init> JSR-330 'javax.inject.Inject' annotation found and supported for autowiring
16-Nov-2018 14:07:21.598 INFO [localhost-startStop-1] org.springframework.web.servlet.mvc.method.annotation.RequestMappingHandlerMapping.register Mapped "{[/editUser],methods=[GET]}" onto public java.lang.String com.sg.hellosecurity.controller.AdminController.editUserDisplay(org.springframework.ui.Model,java.lang.Integer,java.lang.Integer)
16-Nov-2018 14:07:21.601 WARNING [localhost-startStop-1] org.springframework.web.context.support.XmlWebApplicationContext.refresh Exception encountered during context initialization - cancelling refresh attempt: org.springframework.beans.factory.BeanCreationException: Error creating bean with name 'org.springframework.web.servlet.mvc.method.annotation.RequestMappingHandlerMapping': Invocation of init method failed; nested exception is java.lang.IllegalStateException: Ambiguous mapping. Cannot map 'adminController' method 
public java.lang.String com.sg.hellosecurity.controller.AdminController.editUserDisplay(org.springframework.ui.Model,java.lang.Integer)
to {[/editUser],methods=[GET]}: There is already 'adminController' bean method
public java.lang.String com.sg.hellosecurity.controller.AdminController.editUserDisplay(org.springframework.ui.Model,java.lang.Integer,java.lang.Integer) mapped.
16-Nov-2018 14:07:21.604 SEVERE [localhost-startStop-1] org.springframework.web.context.ContextLoader.initWebApplicationContext Context initialization failed
 org.springframework.beans.factory.BeanCreationException: Error creating bean with name 'org.springframework.web.servlet.mvc.method.annotation.RequestMappingHandlerMapping': Invocation of init method failed; nested exception is java.lang.IllegalStateException: Ambiguous mapping. Cannot map 'adminController' method 
public java.lang.String com.sg.hellosecurity.controller.AdminController.editUserDisplay(org.springframework.ui.Model,java.lang.Integer)
to {[/editUser],methods=[GET]}: There is already 'adminController' bean method
public java.lang.String com.sg.hellosecurity.controller.AdminController.editUserDisplay(org.springframework.ui.Model,java.lang.Integer,java.lang.Integer) mapped.
	at org.springframework.beans.factory.support.AbstractAutowireCapableBeanFactory.initializeBean(AbstractAutowireCapableBeanFactory.java:1628)
	at org.springframework.beans.factory.support.AbstractAutowireCapableBeanFactory.doCreateBean(AbstractAutowireCapableBeanFactory.java:555)
	at org.springframework.beans.factory.support.AbstractAutowireCapableBeanFactory.createBean(AbstractAutowireCapableBeanFactory.java:483)
	at org.springframework.beans.factory.support.AbstractBeanFactory$1.getObject(AbstractBeanFactory.java:306)
	at org.springframework.beans.factory.support.DefaultSingletonBeanRegistry.getSingleton(DefaultSingletonBeanRegistry.java:230)
	at org.springframework.beans.factory.support.AbstractBeanFactory.doGetBean(AbstractBeanFactory.java:302)
	at org.springframework.beans.factory.support.AbstractBeanFactory.getBean(AbstractBeanFactory.java:197)
	at org.springframework.beans.factory.support.DefaultListableBeanFactory.preInstantiateSingletons(DefaultListableBeanFactory.java:761)
	at org.springframework.context.support.AbstractApplicationContext.finishBeanFactoryInitialization(AbstractApplicationContext.java:866)
	at org.springframework.context.support.AbstractApplicationContext.refresh(AbstractApplicationContext.java:542)
	at org.springframework.web.context.ContextLoader.configureAndRefreshWebApplicationContext(ContextLoader.java:444)
	at org.springframework.web.context.ContextLoader.initWebApplicationContext(ContextLoader.java:326)
	at org.springframework.web.context.ContextLoaderListener.contextInitialized(ContextLoaderListener.java:107)
	at org.apache.catalina.core.StandardContext.listenerStart(StandardContext.java:4745)
	at org.apache.catalina.core.StandardContext.startInternal(StandardContext.java:5207)
	at org.apache.catalina.util.LifecycleBase.start(LifecycleBase.java:150)
	at org.apache.catalina.core.ContainerBase.addChildInternal(ContainerBase.java:752)
	at org.apache.catalina.core.ContainerBase.addChild(ContainerBase.java:728)
	at org.apache.catalina.core.StandardHost.addChild(StandardHost.java:734)
	at org.apache.catalina.startup.HostConfig.deployDescriptor(HostConfig.java:630)
	at org.apache.catalina.startup.HostConfig$DeployDescriptor.run(HostConfig.java:1842)
	at java.util.concurrent.Executors$RunnableAdapter.call(Executors.java:511)
	at java.util.concurrent.FutureTask.run(FutureTask.java:266)
	at java.util.concurrent.ThreadPoolExecutor.runWorker(ThreadPoolExecutor.java:1149)
	at java.util.concurrent.ThreadPoolExecutor$Worker.run(ThreadPoolExecutor.java:624)
	at java.lang.Thread.run(Thread.java:748)
Caused by: java.lang.IllegalStateException: Ambiguous mapping. Cannot map 'adminController' method 
public java.lang.String com.sg.hellosecurity.controller.AdminController.editUserDisplay(org.springframework.ui.Model,java.lang.Integer)
to {[/editUser],methods=[GET]}: There is already 'adminController' bean method
public java.lang.String com.sg.hellosecurity.controller.AdminController.editUserDisplay(org.springframework.ui.Model,java.lang.Integer,java.lang.Integer) mapped.
	at org.springframework.web.servlet.handler.AbstractHandlerMethodMapping$MappingRegistry.assertUniqueMethodMapping(AbstractHandlerMethodMapping.java:576)
	at org.springframework.web.servlet.handler.AbstractHandlerMethodMapping$MappingRegistry.register(AbstractHandlerMethodMapping.java:540)
	at org.springframework.web.servlet.handler.AbstractHandlerMethodMapping.registerHandlerMethod(AbstractHandlerMethodMapping.java:264)
	at org.springframework.web.servlet.handler.AbstractHandlerMethodMapping.detectHandlerMethods(AbstractHandlerMethodMapping.java:250)
	at org.springframework.web.servlet.handler.AbstractHandlerMethodMapping.initHandlerMethods(AbstractHandlerMethodMapping.java:214)
	at org.springframework.web.servlet.handler.AbstractHandlerMethodMapping.afterPropertiesSet(AbstractHandlerMethodMapping.java:184)
	at org.springframework.web.servlet.mvc.method.annotation.RequestMappingHandlerMapping.afterPropertiesSet(RequestMappingHandlerMapping.java:127)
	at org.springframework.beans.factory.support.AbstractAutowireCapableBeanFactory.invokeInitMethods(AbstractAutowireCapableBeanFactory.java:1687)
	at org.springframework.beans.factory.support.AbstractAutowireCapableBeanFactory.initializeBean(AbstractAutowireCapableBeanFactory.java:1624)
	... 25 more

16-Nov-2018 14:07:21.691 SEVERE [localhost-startStop-1] org.apache.catalina.core.StandardContext.startInternal One or more listeners failed to start. Full details will be found in the appropriate container log file
16-Nov-2018 14:07:21.692 SEVERE [localhost-startStop-1] org.apache.catalina.core.StandardContext.startInternal Context [/HelloSecurity] startup failed due to previous errors
16-Nov-2018 14:07:21.719 INFO [localhost-startStop-1] org.apache.catalina.startup.HostConfig.deployDescriptor Deployment of configuration descriptor [C:\Users\macam\Desktop\macameron-clark-individual-work\apache-tomcat-8.5.16\conf\Catalina\localhost\HelloSecurity.xml] has finished in [7,483] ms
16-Nov-2018 14:07:21.719 INFO [localhost-startStop-1] org.apache.catalina.startup.HostConfig.deployDescriptor Deploying configuration descriptor [C:\Users\macam\Desktop\macameron-clark-individual-work\apache-tomcat-8.5.16\conf\Catalina\localhost\SuperHeroSightings.xml]
16-Nov-2018 14:07:25.242 INFO [localhost-startStop-1] org.apache.jasper.servlet.TldScanner.scanJars At least one JAR was scanned for TLDs yet contained no TLDs. Enable debug logging for this logger for a complete list of JARs that were scanned but no TLDs were found in them. Skipping unneeded JARs during scanning can improve startup time and JSP compilation time.
16-Nov-2018 14:07:25.287 INFO [localhost-startStop-1] org.springframework.web.context.ContextLoader.initWebApplicationContext Root WebApplicationContext: initialization started
16-Nov-2018 14:07:25.386 INFO [localhost-startStop-1] org.springframework.web.context.support.XmlWebApplicationContext.prepareRefresh Refreshing Root WebApplicationContext: startup date [Fri Nov 16 14:07:25 CST 2018]; root of context hierarchy
16-Nov-2018 14:07:25.461 INFO [localhost-startStop-1] org.springframework.beans.factory.xml.XmlBeanDefinitionReader.loadBeanDefinitions Loading XML bean definitions from ServletContext resource [/WEB-INF/spring-dispatcher-servlet.xml]
16-Nov-2018 14:07:25.753 INFO [localhost-startStop-1] org.springframework.beans.factory.xml.XmlBeanDefinitionReader.loadBeanDefinitions Loading XML bean definitions from class path resource [spring-persistence.xml]
16-Nov-2018 14:07:26.236 INFO [localhost-startStop-1] org.springframework.beans.factory.annotation.AutowiredAnnotationBeanPostProcessor.<init> JSR-330 'javax.inject.Inject' annotation found and supported for autowiring
16-Nov-2018 14:07:26.602 INFO [localhost-startStop-1] org.springframework.web.servlet.mvc.method.annotation.RequestMappingHandlerMapping.register Mapped "{[/home || /],methods=[GET]}" onto public java.lang.String com.sg.superherosightings.controller.HomeController.displayHomePage()
16-Nov-2018 14:07:26.605 INFO [localhost-startStop-1] org.springframework.web.servlet.mvc.method.annotation.RequestMappingHandlerMapping.register Mapped "{[/deletelocation],methods=[GET]}" onto public java.lang.String com.sg.superherosightings.controller.LocationController.deleteLocation(javax.servlet.http.HttpServletRequest)
16-Nov-2018 14:07:26.605 INFO [localhost-startStop-1] org.springframework.web.servlet.mvc.method.annotation.RequestMappingHandlerMapping.register Mapped "{[/locations],methods=[GET]}" onto public java.lang.String com.sg.superherosightings.controller.LocationController.displayLocationPage(org.springframework.ui.Model)
16-Nov-2018 14:07:26.605 INFO [localhost-startStop-1] org.springframework.web.servlet.mvc.method.annotation.RequestMappingHandlerMapping.register Mapped "{[/createlocation],methods=[GET]}" onto public java.lang.String com.sg.superherosightings.controller.LocationController.displayCreateLocationPage()
16-Nov-2018 14:07:26.606 INFO [localhost-startStop-1] org.springframework.web.servlet.mvc.method.annotation.RequestMappingHandlerMapping.register Mapped "{[/displaylocationdetails],methods=[GET]}" onto public java.lang.String com.sg.superherosightings.controller.LocationController.displayLocationDetails(javax.servlet.http.HttpServletRequest,org.springframework.ui.Model)
16-Nov-2018 14:07:26.606 INFO [localhost-startStop-1] org.springframework.web.servlet.mvc.method.annotation.RequestMappingHandlerMapping.register Mapped "{[/addlocation],methods=[POST]}" onto public java.lang.String com.sg.superherosightings.controller.LocationController.addLocation(javax.servlet.http.HttpServletRequest)
16-Nov-2018 14:07:26.607 INFO [localhost-startStop-1] org.springframework.web.servlet.mvc.method.annotation.RequestMappingHandlerMapping.register Mapped "{[/addorganization],methods=[POST]}" onto public java.lang.String com.sg.superherosightings.controller.OrganizationController.addOrganization(javax.servlet.http.HttpServletRequest)
16-Nov-2018 14:07:26.607 INFO [localhost-startStop-1] org.springframework.web.servlet.mvc.method.annotation.RequestMappingHandlerMapping.register Mapped "{[/displayorganizationdetails],methods=[GET]}" onto public java.lang.String com.sg.superherosightings.controller.OrganizationController.displayOrganizationDetails(javax.servlet.http.HttpServletRequest,org.springframework.ui.Model)
16-Nov-2018 14:07:26.607 INFO [localhost-startStop-1] org.springframework.web.servlet.mvc.method.annotation.RequestMappingHandlerMapping.register Mapped "{[/deleteorganization],methods=[GET]}" onto public java.lang.String com.sg.superherosightings.controller.OrganizationController.deleteOrganization(javax.servlet.http.HttpServletRequest)
16-Nov-2018 14:07:26.607 INFO [localhost-startStop-1] org.springframework.web.servlet.mvc.method.annotation.RequestMappingHandlerMapping.register Mapped "{[/organizations],methods=[GET]}" onto public java.lang.String com.sg.superherosightings.controller.OrganizationController.displayOrganizationsPage(org.springframework.ui.Model)
16-Nov-2018 14:07:26.607 INFO [localhost-startStop-1] org.springframework.web.servlet.mvc.method.annotation.RequestMappingHandlerMapping.register Mapped "{[/createorganization],methods=[GET]}" onto public java.lang.String com.sg.superherosightings.controller.OrganizationController.displayCreateOrganizationPage()
16-Nov-2018 14:07:26.610 INFO [localhost-startStop-1] org.springframework.web.servlet.mvc.method.annotation.RequestMappingHandlerMapping.register Mapped "{[/addpower],methods=[POST]}" onto public java.lang.String com.sg.superherosightings.controller.PowerController.addPower(javax.servlet.http.HttpServletRequest)
16-Nov-2018 14:07:26.610 INFO [localhost-startStop-1] org.springframework.web.servlet.mvc.method.annotation.RequestMappingHandlerMapping.register Mapped "{[/deletepower],methods=[GET]}" onto public java.lang.String com.sg.superherosightings.controller.PowerController.deletePower(javax.servlet.http.HttpServletRequest)
16-Nov-2018 14:07:26.653 INFO [localhost-startStop-1] org.springframework.web.servlet.mvc.method.annotation.RequestMappingHandlerMapping.register Mapped "{[/editpower],methods=[POST]}" onto public java.lang.String com.sg.superherosightings.controller.PowerController.editPower(com.sg.superherosightings.model.Power)
16-Nov-2018 14:07:26.654 INFO [localhost-startStop-1] org.springframework.web.servlet.mvc.method.annotation.RequestMappingHandlerMapping.register Mapped "{[/editpowerform],methods=[GET]}" onto public java.lang.String com.sg.superherosightings.controller.PowerController.displayEditPowerForm(javax.servlet.http.HttpServletRequest,org.springframework.ui.Model)
16-Nov-2018 14:07:26.655 INFO [localhost-startStop-1] org.springframework.web.servlet.mvc.method.annotation.RequestMappingHandlerMapping.register Mapped "{[/createpower],methods=[GET]}" onto public java.lang.String com.sg.superherosightings.controller.PowerController.displayCreatePowerPage()
16-Nov-2018 14:07:26.656 INFO [localhost-startStop-1] org.springframework.web.servlet.mvc.method.annotation.RequestMappingHandlerMapping.register Mapped "{[/powerlist],methods=[GET]}" onto public java.lang.String com.sg.superherosightings.controller.PowerController.displayPowerlistPage(org.springframework.ui.Model)
16-Nov-2018 14:07:26.658 INFO [localhost-startStop-1] org.springframework.web.servlet.mvc.method.annotation.RequestMappingHandlerMapping.register Mapped "{[/addsighting],methods=[POST]}" onto public java.lang.String com.sg.superherosightings.controller.SightingController.addSighting(javax.servlet.http.HttpServletRequest,org.springframework.ui.Model,int,int)
16-Nov-2018 14:07:26.659 INFO [localhost-startStop-1] org.springframework.web.servlet.mvc.method.annotation.RequestMappingHandlerMapping.register Mapped "{[/sightings],methods=[GET]}" onto public java.lang.String com.sg.superherosightings.controller.SightingController.displaySightingsPage(org.springframework.ui.Model)
16-Nov-2018 14:07:26.659 INFO [localhost-startStop-1] org.springframework.web.servlet.mvc.method.annotation.RequestMappingHandlerMapping.register Mapped "{[/createsighting],methods=[GET]}" onto public java.lang.String com.sg.superherosightings.controller.SightingController.displayCreateSightingPage(org.springframework.ui.Model)
16-Nov-2018 14:07:26.662 INFO [localhost-startStop-1] org.springframework.web.servlet.mvc.method.annotation.RequestMappingHandlerMapping.register Mapped "{[/addsuperhuman],methods=[POST]}" onto public java.lang.String com.sg.superherosightings.controller.SuperhumanController.addSuperhuman(javax.servlet.http.HttpServletRequest,int[],int[],org.springframework.ui.Model)
16-Nov-2018 14:07:26.663 INFO [localhost-startStop-1] org.springframework.web.servlet.mvc.method.annotation.RequestMappingHandlerMapping.register Mapped "{[/deletehero],methods=[GET]}" onto public java.lang.String com.sg.superherosightings.controller.SuperhumanController.deleteHero(javax.servlet.http.HttpServletRequest)
16-Nov-2018 14:07:26.664 INFO [localhost-startStop-1] org.springframework.web.servlet.mvc.method.annotation.RequestMappingHandlerMapping.register Mapped "{[/roguesgallery],methods=[GET]}" onto public java.lang.String com.sg.superherosightings.controller.SuperhumanController.displayRoguesGallery(org.springframework.ui.Model)
16-Nov-2018 14:07:26.664 INFO [localhost-startStop-1] org.springframework.web.servlet.mvc.method.annotation.RequestMappingHandlerMapping.register Mapped "{[/createsuperhuman],methods=[GET]}" onto public java.lang.String com.sg.superherosightings.controller.SuperhumanController.displayCreateSuperhumanPage(org.springframework.ui.Model)
16-Nov-2018 14:07:26.666 INFO [localhost-startStop-1] org.springframework.web.servlet.mvc.method.annotation.RequestMappingHandlerMapping.register Mapped "{[/displayherodetails],methods=[GET]}" onto public java.lang.String com.sg.superherosightings.controller.SuperhumanController.displayHeroDetails(javax.servlet.http.HttpServletRequest,org.springframework.ui.Model)
16-Nov-2018 14:07:26.758 INFO [localhost-startStop-1] org.hibernate.validator.internal.util.Version.<clinit> HV000001: Hibernate Validator 5.2.2.Final
16-Nov-2018 14:07:27.361 INFO [localhost-startStop-1] org.springframework.web.servlet.mvc.method.annotation.RequestMappingHandlerAdapter.initControllerAdviceCache Looking for @ControllerAdvice: Root WebApplicationContext: startup date [Fri Nov 16 14:07:25 CST 2018]; root of context hierarchy
16-Nov-2018 14:07:27.437 INFO [localhost-startStop-1] org.springframework.web.servlet.mvc.method.annotation.RequestMappingHandlerAdapter.initControllerAdviceCache Looking for @ControllerAdvice: Root WebApplicationContext: startup date [Fri Nov 16 14:07:25 CST 2018]; root of context hierarchy
16-Nov-2018 14:07:27.698 INFO [localhost-startStop-1] org.springframework.web.context.ContextLoader.initWebApplicationContext Root WebApplicationContext: initialization completed in 2411 ms
16-Nov-2018 14:07:27.703 INFO [localhost-startStop-1] org.apache.catalina.startup.HostConfig.deployDescriptor Deployment of configuration descriptor [C:\Users\macam\Desktop\macameron-clark-individual-work\apache-tomcat-8.5.16\conf\Catalina\localhost\SuperHeroSightings.xml] has finished in [5,984] ms
16-Nov-2018 14:07:27.704 INFO [localhost-startStop-1] org.apache.catalina.startup.HostConfig.deployDescriptor Deploying configuration descriptor [C:\Users\macam\Desktop\macameron-clark-individual-work\apache-tomcat-8.5.16\conf\Catalina\localhost\VendingMachineSpringMVC.xml]
16-Nov-2018 14:07:27.713 SEVERE [localhost-startStop-1] org.apache.catalina.core.ContainerBase.addChildInternal ContainerBase.addChild: start: 
 org.apache.catalina.LifecycleException: Failed to start component [StandardEngine[Catalina].StandardHost[localhost].StandardContext[/VendingMachineSpringMVC]]
	at org.apache.catalina.util.LifecycleBase.start(LifecycleBase.java:167)
	at org.apache.catalina.core.ContainerBase.addChildInternal(ContainerBase.java:752)
	at org.apache.catalina.core.ContainerBase.addChild(ContainerBase.java:728)
	at org.apache.catalina.core.StandardHost.addChild(StandardHost.java:734)
	at org.apache.catalina.startup.HostConfig.deployDescriptor(HostConfig.java:630)
	at org.apache.catalina.startup.HostConfig$DeployDescriptor.run(HostConfig.java:1842)
	at java.util.concurrent.Executors$RunnableAdapter.call(Executors.java:511)
	at java.util.concurrent.FutureTask.run(FutureTask.java:266)
	at java.util.concurrent.ThreadPoolExecutor.runWorker(ThreadPoolExecutor.java:1149)
	at java.util.concurrent.ThreadPoolExecutor$Worker.run(ThreadPoolExecutor.java:624)
	at java.lang.Thread.run(Thread.java:748)
Caused by: org.apache.catalina.LifecycleException: Failed to start component [org.apache.catalina.webresources.StandardRoot@1f770056]
	at org.apache.catalina.util.LifecycleBase.start(LifecycleBase.java:167)
	at org.apache.catalina.core.StandardContext.resourcesStart(StandardContext.java:4860)
	at org.apache.catalina.core.StandardContext.startInternal(StandardContext.java:4992)
	at org.apache.catalina.util.LifecycleBase.start(LifecycleBase.java:150)
	... 10 more
Caused by: java.lang.IllegalArgumentException: The main resource set specified [C:\Users\macam\Desktop\macameron-clark-individual-work\VendingMachineSpringMVC\target\spring-mvc-webapp] is not valid
	at org.apache.catalina.webresources.StandardRoot.createMainResourceSet(StandardRoot.java:733)
	at org.apache.catalina.webresources.StandardRoot.startInternal(StandardRoot.java:691)
	at org.apache.catalina.util.LifecycleBase.start(LifecycleBase.java:150)
	... 13 more

16-Nov-2018 14:07:27.714 SEVERE [localhost-startStop-1] org.apache.catalina.startup.HostConfig.deployDescriptor Error deploying configuration descriptor [C:\Users\macam\Desktop\macameron-clark-individual-work\apache-tomcat-8.5.16\conf\Catalina\localhost\VendingMachineSpringMVC.xml]
 java.lang.IllegalStateException: ContainerBase.addChild: start: org.apache.catalina.LifecycleException: Failed to start component [StandardEngine[Catalina].StandardHost[localhost].StandardContext[/VendingMachineSpringMVC]]
	at org.apache.catalina.core.ContainerBase.addChildInternal(ContainerBase.java:756)
	at org.apache.catalina.core.ContainerBase.addChild(ContainerBase.java:728)
	at org.apache.catalina.core.StandardHost.addChild(StandardHost.java:734)
	at org.apache.catalina.startup.HostConfig.deployDescriptor(HostConfig.java:630)
	at org.apache.catalina.startup.HostConfig$DeployDescriptor.run(HostConfig.java:1842)
	at java.util.concurrent.Executors$RunnableAdapter.call(Executors.java:511)
	at java.util.concurrent.FutureTask.run(FutureTask.java:266)
	at java.util.concurrent.ThreadPoolExecutor.runWorker(ThreadPoolExecutor.java:1149)
	at java.util.concurrent.ThreadPoolExecutor$Worker.run(ThreadPoolExecutor.java:624)
	at java.lang.Thread.run(Thread.java:748)

16-Nov-2018 14:07:27.747 INFO [localhost-startStop-1] org.apache.catalina.startup.HostConfig.deployDescriptor Deployment of configuration descriptor [C:\Users\macam\Desktop\macameron-clark-individual-work\apache-tomcat-8.5.16\conf\Catalina\localhost\VendingMachineSpringMVC.xml] has finished in [44] ms
16-Nov-2018 14:07:27.747 INFO [localhost-startStop-1] org.apache.catalina.startup.HostConfig.deployDescriptor Deploying configuration descriptor [C:\Users\macam\Desktop\macameron-clark-individual-work\apache-tomcat-8.5.16\conf\Catalina\localhost\VendingMachineSpringMVCRevised.xml]
16-Nov-2018 14:07:31.075 INFO [localhost-startStop-1] org.apache.jasper.servlet.TldScanner.scanJars At least one JAR was scanned for TLDs yet contained no TLDs. Enable debug logging for this logger for a complete list of JARs that were scanned but no TLDs were found in them. Skipping unneeded JARs during scanning can improve startup time and JSP compilation time.
16-Nov-2018 14:07:31.115 INFO [localhost-startStop-1] org.springframework.web.context.ContextLoader.initWebApplicationContext Root WebApplicationContext: initialization started
16-Nov-2018 14:07:31.203 INFO [localhost-startStop-1] org.springframework.web.context.support.XmlWebApplicationContext.prepareRefresh Refreshing Root WebApplicationContext: startup date [Fri Nov 16 14:07:31 CST 2018]; root of context hierarchy
16-Nov-2018 14:07:31.278 INFO [localhost-startStop-1] org.springframework.beans.factory.xml.XmlBeanDefinitionReader.loadBeanDefinitions Loading XML bean definitions from ServletContext resource [/WEB-INF/spring-dispatcher-servlet.xml]
16-Nov-2018 14:07:31.563 INFO [localhost-startStop-1] org.springframework.beans.factory.xml.XmlBeanDefinitionReader.loadBeanDefinitions Loading XML bean definitions from class path resource [spring-persistence.xml]
16-Nov-2018 14:07:31.774 INFO [localhost-startStop-1] org.springframework.beans.factory.annotation.AutowiredAnnotationBeanPostProcessor.<init> JSR-330 'javax.inject.Inject' annotation found and supported for autowiring
16-Nov-2018 14:07:32.136 INFO [localhost-startStop-1] org.springframework.web.servlet.mvc.method.annotation.RequestMappingHandlerMapping.register Mapped "{[/ || /index],methods=[GET]}" onto public java.lang.String com.sg.vendingmachinespringmvcrevised.controller.VmController.displayAllItems(org.springframework.ui.Model)
16-Nov-2018 14:07:32.138 INFO [localhost-startStop-1] org.springframework.web.servlet.mvc.method.annotation.RequestMappingHandlerMapping.register Mapped "{[/venditem],methods=[POST]}" onto public java.lang.String com.sg.vendingmachinespringmvcrevised.controller.VmController.vendItem(javax.servlet.http.HttpServletRequest,org.springframework.ui.Model) throws com.sg.vendingmachinespringmvcrevised.service.InsufficentFundsException,com.sg.vendingmachinespringmvcrevised.service.NoItemInventoryException
16-Nov-2018 14:07:32.227 INFO [localhost-startStop-1] org.hibernate.validator.internal.util.Version.<clinit> HV000001: Hibernate Validator 5.2.2.Final
16-Nov-2018 14:07:32.958 INFO [localhost-startStop-1] org.springframework.web.servlet.mvc.method.annotation.RequestMappingHandlerAdapter.initControllerAdviceCache Looking for @ControllerAdvice: Root WebApplicationContext: startup date [Fri Nov 16 14:07:31 CST 2018]; root of context hierarchy
16-Nov-2018 14:07:33.032 INFO [localhost-startStop-1] org.springframework.web.servlet.mvc.method.annotation.RequestMappingHandlerAdapter.initControllerAdviceCache Looking for @ControllerAdvice: Root WebApplicationContext: startup date [Fri Nov 16 14:07:31 CST 2018]; root of context hierarchy
16-Nov-2018 14:07:33.151 INFO [localhost-startStop-1] org.springframework.web.context.ContextLoader.initWebApplicationContext Root WebApplicationContext: initialization completed in 2036 ms
16-Nov-2018 14:07:33.172 INFO [localhost-startStop-1] org.apache.catalina.startup.HostConfig.deployDescriptor Deployment of configuration descriptor [C:\Users\macam\Desktop\macameron-clark-individual-work\apache-tomcat-8.5.16\conf\Catalina\localhost\VendingMachineSpringMVCRevised.xml] has finished in [5,425] ms
16-Nov-2018 14:07:33.173 INFO [localhost-startStop-1] org.apache.catalina.startup.HostConfig.deployDirectory Deploying web application directory [C:\Users\macam\Desktop\macameron-clark-individual-work\apache-tomcat-8.5.16\webapps\docs]
16-Nov-2018 14:07:33.198 INFO [localhost-startStop-1] org.apache.catalina.startup.HostConfig.deployDirectory Deployment of web application directory [C:\Users\macam\Desktop\macameron-clark-individual-work\apache-tomcat-8.5.16\webapps\docs] has finished in [25] ms
16-Nov-2018 14:07:33.198 INFO [localhost-startStop-1] org.apache.catalina.startup.HostConfig.deployDirectory Deploying web application directory [C:\Users\macam\Desktop\macameron-clark-individual-work\apache-tomcat-8.5.16\webapps\examples]
16-Nov-2018 14:07:35.808 INFO [localhost-startStop-1] org.apache.catalina.startup.HostConfig.deployDirectory Deployment of web application directory [C:\Users\macam\Desktop\macameron-clark-individual-work\apache-tomcat-8.5.16\webapps\examples] has finished in [2,610] ms
16-Nov-2018 14:07:35.809 INFO [localhost-startStop-1] org.apache.catalina.startup.HostConfig.deployDirectory Deploying web application directory [C:\Users\macam\Desktop\macameron-clark-individual-work\apache-tomcat-8.5.16\webapps\host-manager]
16-Nov-2018 14:07:35.857 INFO [localhost-startStop-1] org.apache.catalina.startup.HostConfig.deployDirectory Deployment of web application directory [C:\Users\macam\Desktop\macameron-clark-individual-work\apache-tomcat-8.5.16\webapps\host-manager] has finished in [49] ms
16-Nov-2018 14:07:35.857 INFO [localhost-startStop-1] org.apache.catalina.startup.HostConfig.deployDirectory Deploying web application directory [C:\Users\macam\Desktop\macameron-clark-individual-work\apache-tomcat-8.5.16\webapps\manager]
16-Nov-2018 14:07:35.914 INFO [localhost-startStop-1] org.apache.catalina.startup.HostConfig.deployDirectory Deployment of web application directory [C:\Users\macam\Desktop\macameron-clark-individual-work\apache-tomcat-8.5.16\webapps\manager] has finished in [57] ms
16-Nov-2018 14:07:35.914 INFO [localhost-startStop-1] org.apache.catalina.startup.HostConfig.deployDirectory Deploying web application directory [C:\Users\macam\Desktop\macameron-clark-individual-work\apache-tomcat-8.5.16\webapps\ROOT]
16-Nov-2018 14:07:35.945 INFO [localhost-startStop-1] org.apache.catalina.startup.HostConfig.deployDirectory Deployment of web application directory [C:\Users\macam\Desktop\macameron-clark-individual-work\apache-tomcat-8.5.16\webapps\ROOT] has finished in [31] ms
16-Nov-2018 14:07:35.956 INFO [main] org.apache.coyote.AbstractProtocol.start Starting ProtocolHandler ["http-nio-8080"]
16-Nov-2018 14:07:35.966 INFO [main] org.apache.coyote.AbstractProtocol.start Starting ProtocolHandler ["ajp-nio-8009"]
16-Nov-2018 14:07:35.969 INFO [main] org.apache.catalina.startup.Catalina.start Server startup in 46282 ms
16-Nov-2018 14:07:47.664 INFO [http-nio-8080-exec-6] org.springframework.web.context.support.XmlWebApplicationContext.doClose Closing Root WebApplicationContext: startup date [Fri Nov 16 14:07:25 CST 2018]; root of context hierarchy
16-Nov-2018 14:07:48.202 INFO [http-nio-8080-exec-6] org.apache.catalina.startup.HostConfig.undeploy Undeploying context [/SuperHeroSightings]
16-Nov-2018 14:07:48.297 INFO [http-nio-8080-exec-13] org.apache.catalina.startup.HostConfig.deployDescriptor Deploying configuration descriptor [C:\Users\macam\Desktop\macameron-clark-individual-work\apache-tomcat-8.5.16\conf\Catalina\localhost\SuperHeroSightings.xml]
16-Nov-2018 14:07:49.848 INFO [http-nio-8080-exec-13] org.apache.jasper.servlet.TldScanner.scanJars At least one JAR was scanned for TLDs yet contained no TLDs. Enable debug logging for this logger for a complete list of JARs that were scanned but no TLDs were found in them. Skipping unneeded JARs during scanning can improve startup time and JSP compilation time.
16-Nov-2018 14:07:49.883 INFO [http-nio-8080-exec-13] org.springframework.web.context.ContextLoader.initWebApplicationContext Root WebApplicationContext: initialization started
16-Nov-2018 14:07:49.977 INFO [http-nio-8080-exec-13] org.springframework.web.context.support.XmlWebApplicationContext.prepareRefresh Refreshing Root WebApplicationContext: startup date [Fri Nov 16 14:07:49 CST 2018]; root of context hierarchy
16-Nov-2018 14:07:50.052 INFO [http-nio-8080-exec-13] org.springframework.beans.factory.xml.XmlBeanDefinitionReader.loadBeanDefinitions Loading XML bean definitions from ServletContext resource [/WEB-INF/spring-dispatcher-servlet.xml]
16-Nov-2018 14:07:50.351 INFO [http-nio-8080-exec-13] org.springframework.beans.factory.xml.XmlBeanDefinitionReader.loadBeanDefinitions Loading XML bean definitions from class path resource [spring-persistence.xml]
16-Nov-2018 14:07:50.702 INFO [http-nio-8080-exec-13] org.springframework.beans.factory.annotation.AutowiredAnnotationBeanPostProcessor.<init> JSR-330 'javax.inject.Inject' annotation found and supported for autowiring
16-Nov-2018 14:07:51.114 INFO [http-nio-8080-exec-13] org.springframework.web.servlet.mvc.method.annotation.RequestMappingHandlerMapping.register Mapped "{[/home || /],methods=[GET]}" onto public java.lang.String com.sg.superherosightings.controller.HomeController.displayHomePage()
16-Nov-2018 14:07:51.114 INFO [http-nio-8080-exec-13] org.springframework.web.servlet.mvc.method.annotation.RequestMappingHandlerMapping.register Mapped "{[/deletelocation],methods=[GET]}" onto public java.lang.String com.sg.superherosightings.controller.LocationController.deleteLocation(javax.servlet.http.HttpServletRequest)
16-Nov-2018 14:07:51.120 INFO [http-nio-8080-exec-13] org.springframework.web.servlet.mvc.method.annotation.RequestMappingHandlerMapping.register Mapped "{[/locations],methods=[GET]}" onto public java.lang.String com.sg.superherosightings.controller.LocationController.displayLocationPage(org.springframework.ui.Model)
16-Nov-2018 14:07:51.120 INFO [http-nio-8080-exec-13] org.springframework.web.servlet.mvc.method.annotation.RequestMappingHandlerMapping.register Mapped "{[/createlocation],methods=[GET]}" onto public java.lang.String com.sg.superherosightings.controller.LocationController.displayCreateLocationPage()
16-Nov-2018 14:07:51.120 INFO [http-nio-8080-exec-13] org.springframework.web.servlet.mvc.method.annotation.RequestMappingHandlerMapping.register Mapped "{[/displaylocationdetails],methods=[GET]}" onto public java.lang.String com.sg.superherosightings.controller.LocationController.displayLocationDetails(javax.servlet.http.HttpServletRequest,org.springframework.ui.Model)
16-Nov-2018 14:07:51.120 INFO [http-nio-8080-exec-13] org.springframework.web.servlet.mvc.method.annotation.RequestMappingHandlerMapping.register Mapped "{[/addlocation],methods=[POST]}" onto public java.lang.String com.sg.superherosightings.controller.LocationController.addLocation(javax.servlet.http.HttpServletRequest)
16-Nov-2018 14:07:51.121 INFO [http-nio-8080-exec-13] org.springframework.web.servlet.mvc.method.annotation.RequestMappingHandlerMapping.register Mapped "{[/addorganization],methods=[POST]}" onto public java.lang.String com.sg.superherosightings.controller.OrganizationController.addOrganization(javax.servlet.http.HttpServletRequest)
16-Nov-2018 14:07:51.122 INFO [http-nio-8080-exec-13] org.springframework.web.servlet.mvc.method.annotation.RequestMappingHandlerMapping.register Mapped "{[/displayorganizationdetails],methods=[GET]}" onto public java.lang.String com.sg.superherosightings.controller.OrganizationController.displayOrganizationDetails(javax.servlet.http.HttpServletRequest,org.springframework.ui.Model)
16-Nov-2018 14:07:51.122 INFO [http-nio-8080-exec-13] org.springframework.web.servlet.mvc.method.annotation.RequestMappingHandlerMapping.register Mapped "{[/deleteorganization],methods=[GET]}" onto public java.lang.String com.sg.superherosightings.controller.OrganizationController.deleteOrganization(javax.servlet.http.HttpServletRequest)
16-Nov-2018 14:07:51.122 INFO [http-nio-8080-exec-13] org.springframework.web.servlet.mvc.method.annotation.RequestMappingHandlerMapping.register Mapped "{[/organizations],methods=[GET]}" onto public java.lang.String com.sg.superherosightings.controller.OrganizationController.displayOrganizationsPage(org.springframework.ui.Model)
16-Nov-2018 14:07:51.123 INFO [http-nio-8080-exec-13] org.springframework.web.servlet.mvc.method.annotation.RequestMappingHandlerMapping.register Mapped "{[/createorganization],methods=[GET]}" onto public java.lang.String com.sg.superherosightings.controller.OrganizationController.displayCreateOrganizationPage()
16-Nov-2018 14:07:51.127 INFO [http-nio-8080-exec-13] org.springframework.web.servlet.mvc.method.annotation.RequestMappingHandlerMapping.register Mapped "{[/addpower],methods=[POST]}" onto public java.lang.String com.sg.superherosightings.controller.PowerController.addPower(javax.servlet.http.HttpServletRequest)
16-Nov-2018 14:07:51.127 INFO [http-nio-8080-exec-13] org.springframework.web.servlet.mvc.method.annotation.RequestMappingHandlerMapping.register Mapped "{[/deletepower],methods=[GET]}" onto public java.lang.String com.sg.superherosightings.controller.PowerController.deletePower(javax.servlet.http.HttpServletRequest)
16-Nov-2018 14:07:51.143 INFO [http-nio-8080-exec-13] org.springframework.web.servlet.mvc.method.annotation.RequestMappingHandlerMapping.register Mapped "{[/editpower],methods=[POST]}" onto public java.lang.String com.sg.superherosightings.controller.PowerController.editPower(com.sg.superherosightings.model.Power)
16-Nov-2018 14:07:51.143 INFO [http-nio-8080-exec-13] org.springframework.web.servlet.mvc.method.annotation.RequestMappingHandlerMapping.register Mapped "{[/editpowerform],methods=[GET]}" onto public java.lang.String com.sg.superherosightings.controller.PowerController.displayEditPowerForm(javax.servlet.http.HttpServletRequest,org.springframework.ui.Model)
16-Nov-2018 14:07:51.144 INFO [http-nio-8080-exec-13] org.springframework.web.servlet.mvc.method.annotation.RequestMappingHandlerMapping.register Mapped "{[/createpower],methods=[GET]}" onto public java.lang.String com.sg.superherosightings.controller.PowerController.displayCreatePowerPage()
16-Nov-2018 14:07:51.145 INFO [http-nio-8080-exec-13] org.springframework.web.servlet.mvc.method.annotation.RequestMappingHandlerMapping.register Mapped "{[/powerlist],methods=[GET]}" onto public java.lang.String com.sg.superherosightings.controller.PowerController.displayPowerlistPage(org.springframework.ui.Model)
16-Nov-2018 14:07:51.147 INFO [http-nio-8080-exec-13] org.springframework.web.servlet.mvc.method.annotation.RequestMappingHandlerMapping.register Mapped "{[/addsighting],methods=[POST]}" onto public java.lang.String com.sg.superherosightings.controller.SightingController.addSighting(javax.servlet.http.HttpServletRequest,org.springframework.ui.Model,int,int)
16-Nov-2018 14:07:51.147 INFO [http-nio-8080-exec-13] org.springframework.web.servlet.mvc.method.annotation.RequestMappingHandlerMapping.register Mapped "{[/sightings],methods=[GET]}" onto public java.lang.String com.sg.superherosightings.controller.SightingController.displaySightingsPage(org.springframework.ui.Model)
16-Nov-2018 14:07:51.148 INFO [http-nio-8080-exec-13] org.springframework.web.servlet.mvc.method.annotation.RequestMappingHandlerMapping.register Mapped "{[/createsighting],methods=[GET]}" onto public java.lang.String com.sg.superherosightings.controller.SightingController.displayCreateSightingPage(org.springframework.ui.Model)
16-Nov-2018 14:07:51.150 INFO [http-nio-8080-exec-13] org.springframework.web.servlet.mvc.method.annotation.RequestMappingHandlerMapping.register Mapped "{[/addsuperhuman],methods=[POST]}" onto public java.lang.String com.sg.superherosightings.controller.SuperhumanController.addSuperhuman(javax.servlet.http.HttpServletRequest,int[],int[],org.springframework.ui.Model)
16-Nov-2018 14:07:51.151 INFO [http-nio-8080-exec-13] org.springframework.web.servlet.mvc.method.annotation.RequestMappingHandlerMapping.register Mapped "{[/deletehero],methods=[GET]}" onto public java.lang.String com.sg.superherosightings.controller.SuperhumanController.deleteHero(javax.servlet.http.HttpServletRequest)
16-Nov-2018 14:07:51.151 INFO [http-nio-8080-exec-13] org.springframework.web.servlet.mvc.method.annotation.RequestMappingHandlerMapping.register Mapped "{[/roguesgallery],methods=[GET]}" onto public java.lang.String com.sg.superherosightings.controller.SuperhumanController.displayRoguesGallery(org.springframework.ui.Model)
16-Nov-2018 14:07:51.152 INFO [http-nio-8080-exec-13] org.springframework.web.servlet.mvc.method.annotation.RequestMappingHandlerMapping.register Mapped "{[/createsuperhuman],methods=[GET]}" onto public java.lang.String com.sg.superherosightings.controller.SuperhumanController.displayCreateSuperhumanPage(org.springframework.ui.Model)
16-Nov-2018 14:07:51.153 INFO [http-nio-8080-exec-13] org.springframework.web.servlet.mvc.method.annotation.RequestMappingHandlerMapping.register Mapped "{[/displayherodetails],methods=[GET]}" onto public java.lang.String com.sg.superherosightings.controller.SuperhumanController.displayHeroDetails(javax.servlet.http.HttpServletRequest,org.springframework.ui.Model)
16-Nov-2018 14:07:51.299 INFO [http-nio-8080-exec-13] org.hibernate.validator.internal.util.Version.<clinit> HV000001: Hibernate Validator 5.2.2.Final
16-Nov-2018 14:07:52.081 INFO [http-nio-8080-exec-13] org.springframework.web.servlet.mvc.method.annotation.RequestMappingHandlerAdapter.initControllerAdviceCache Looking for @ControllerAdvice: Root WebApplicationContext: startup date [Fri Nov 16 14:07:49 CST 2018]; root of context hierarchy
16-Nov-2018 14:07:52.176 INFO [http-nio-8080-exec-13] org.springframework.web.servlet.mvc.method.annotation.RequestMappingHandlerAdapter.initControllerAdviceCache Looking for @ControllerAdvice: Root WebApplicationContext: startup date [Fri Nov 16 14:07:49 CST 2018]; root of context hierarchy
16-Nov-2018 14:07:52.488 INFO [http-nio-8080-exec-13] org.springframework.web.context.ContextLoader.initWebApplicationContext Root WebApplicationContext: initialization completed in 2605 ms
16-Nov-2018 14:07:52.493 INFO [http-nio-8080-exec-13] org.apache.catalina.startup.HostConfig.deployDescriptor Deployment of configuration descriptor [C:\Users\macam\Desktop\macameron-clark-individual-work\apache-tomcat-8.5.16\conf\Catalina\localhost\SuperHeroSightings.xml] has finished in [4,196] ms
16-Nov-2018 14:07:52.499 INFO [http-nio-8080-exec-4] org.apache.catalina.util.LifecycleBase.start The start() method was called on component [StandardEngine[Catalina].StandardHost[localhost].StandardContext[/SuperHeroSightings]] after start() had already been called. The second call will be ignored.
16-Nov-2018 14:07:54.531 INFO [http-nio-8080-exec-14] org.springframework.web.servlet.DispatcherServlet.initServletBean FrameworkServlet 'spring-dispatcher': initialization started
16-Nov-2018 14:07:54.541 INFO [http-nio-8080-exec-14] org.springframework.web.context.support.XmlWebApplicationContext.prepareRefresh Refreshing WebApplicationContext for namespace 'spring-dispatcher-servlet': startup date [Fri Nov 16 14:07:54 CST 2018]; parent: Root WebApplicationContext
16-Nov-2018 14:07:54.542 INFO [http-nio-8080-exec-14] org.springframework.beans.factory.xml.XmlBeanDefinitionReader.loadBeanDefinitions Loading XML bean definitions from ServletContext resource [/WEB-INF/spring-dispatcher-servlet.xml]
16-Nov-2018 14:07:54.622 INFO [http-nio-8080-exec-14] org.springframework.beans.factory.annotation.AutowiredAnnotationBeanPostProcessor.<init> JSR-330 'javax.inject.Inject' annotation found and supported for autowiring
16-Nov-2018 14:07:54.697 INFO [http-nio-8080-exec-14] org.springframework.web.servlet.mvc.method.annotation.RequestMappingHandlerMapping.register Mapped "{[/home || /],methods=[GET]}" onto public java.lang.String com.sg.superherosightings.controller.HomeController.displayHomePage()
16-Nov-2018 14:07:54.699 INFO [http-nio-8080-exec-14] org.springframework.web.servlet.mvc.method.annotation.RequestMappingHandlerMapping.register Mapped "{[/deletelocation],methods=[GET]}" onto public java.lang.String com.sg.superherosightings.controller.LocationController.deleteLocation(javax.servlet.http.HttpServletRequest)
16-Nov-2018 14:07:54.699 INFO [http-nio-8080-exec-14] org.springframework.web.servlet.mvc.method.annotation.RequestMappingHandlerMapping.register Mapped "{[/locations],methods=[GET]}" onto public java.lang.String com.sg.superherosightings.controller.LocationController.displayLocationPage(org.springframework.ui.Model)
16-Nov-2018 14:07:54.699 INFO [http-nio-8080-exec-14] org.springframework.web.servlet.mvc.method.annotation.RequestMappingHandlerMapping.register Mapped "{[/createlocation],methods=[GET]}" onto public java.lang.String com.sg.superherosightings.controller.LocationController.displayCreateLocationPage()
16-Nov-2018 14:07:54.701 INFO [http-nio-8080-exec-14] org.springframework.web.servlet.mvc.method.annotation.RequestMappingHandlerMapping.register Mapped "{[/displaylocationdetails],methods=[GET]}" onto public java.lang.String com.sg.superherosightings.controller.LocationController.displayLocationDetails(javax.servlet.http.HttpServletRequest,org.springframework.ui.Model)
16-Nov-2018 14:07:54.701 INFO [http-nio-8080-exec-14] org.springframework.web.servlet.mvc.method.annotation.RequestMappingHandlerMapping.register Mapped "{[/addlocation],methods=[POST]}" onto public java.lang.String com.sg.superherosightings.controller.LocationController.addLocation(javax.servlet.http.HttpServletRequest)
16-Nov-2018 14:07:54.702 INFO [http-nio-8080-exec-14] org.springframework.web.servlet.mvc.method.annotation.RequestMappingHandlerMapping.register Mapped "{[/addorganization],methods=[POST]}" onto public java.lang.String com.sg.superherosightings.controller.OrganizationController.addOrganization(javax.servlet.http.HttpServletRequest)
16-Nov-2018 14:07:54.703 INFO [http-nio-8080-exec-14] org.springframework.web.servlet.mvc.method.annotation.RequestMappingHandlerMapping.register Mapped "{[/displayorganizationdetails],methods=[GET]}" onto public java.lang.String com.sg.superherosightings.controller.OrganizationController.displayOrganizationDetails(javax.servlet.http.HttpServletRequest,org.springframework.ui.Model)
16-Nov-2018 14:07:54.703 INFO [http-nio-8080-exec-14] org.springframework.web.servlet.mvc.method.annotation.RequestMappingHandlerMapping.register Mapped "{[/deleteorganization],methods=[GET]}" onto public java.lang.String com.sg.superherosightings.controller.OrganizationController.deleteOrganization(javax.servlet.http.HttpServletRequest)
16-Nov-2018 14:07:54.703 INFO [http-nio-8080-exec-14] org.springframework.web.servlet.mvc.method.annotation.RequestMappingHandlerMapping.register Mapped "{[/organizations],methods=[GET]}" onto public java.lang.String com.sg.superherosightings.controller.OrganizationController.displayOrganizationsPage(org.springframework.ui.Model)
16-Nov-2018 14:07:54.703 INFO [http-nio-8080-exec-14] org.springframework.web.servlet.mvc.method.annotation.RequestMappingHandlerMapping.register Mapped "{[/createorganization],methods=[GET]}" onto public java.lang.String com.sg.superherosightings.controller.OrganizationController.displayCreateOrganizationPage()
16-Nov-2018 14:07:54.703 INFO [http-nio-8080-exec-14] org.springframework.web.servlet.mvc.method.annotation.RequestMappingHandlerMapping.register Mapped "{[/addpower],methods=[POST]}" onto public java.lang.String com.sg.superherosightings.controller.PowerController.addPower(javax.servlet.http.HttpServletRequest)
16-Nov-2018 14:07:54.708 INFO [http-nio-8080-exec-14] org.springframework.web.servlet.mvc.method.annotation.RequestMappingHandlerMapping.register Mapped "{[/deletepower],methods=[GET]}" onto public java.lang.String com.sg.superherosightings.controller.PowerController.deletePower(javax.servlet.http.HttpServletRequest)
16-Nov-2018 14:07:54.736 INFO [http-nio-8080-exec-14] org.springframework.web.servlet.mvc.method.annotation.RequestMappingHandlerMapping.register Mapped "{[/editpower],methods=[POST]}" onto public java.lang.String com.sg.superherosightings.controller.PowerController.editPower(com.sg.superherosightings.model.Power)
16-Nov-2018 14:07:54.737 INFO [http-nio-8080-exec-14] org.springframework.web.servlet.mvc.method.annotation.RequestMappingHandlerMapping.register Mapped "{[/editpowerform],methods=[GET]}" onto public java.lang.String com.sg.superherosightings.controller.PowerController.displayEditPowerForm(javax.servlet.http.HttpServletRequest,org.springframework.ui.Model)
16-Nov-2018 14:07:54.737 INFO [http-nio-8080-exec-14] org.springframework.web.servlet.mvc.method.annotation.RequestMappingHandlerMapping.register Mapped "{[/createpower],methods=[GET]}" onto public java.lang.String com.sg.superherosightings.controller.PowerController.displayCreatePowerPage()
16-Nov-2018 14:07:54.737 INFO [http-nio-8080-exec-14] org.springframework.web.servlet.mvc.method.annotation.RequestMappingHandlerMapping.register Mapped "{[/powerlist],methods=[GET]}" onto public java.lang.String com.sg.superherosightings.controller.PowerController.displayPowerlistPage(org.springframework.ui.Model)
16-Nov-2018 14:07:54.738 INFO [http-nio-8080-exec-14] org.springframework.web.servlet.mvc.method.annotation.RequestMappingHandlerMapping.register Mapped "{[/addsighting],methods=[POST]}" onto public java.lang.String com.sg.superherosightings.controller.SightingController.addSighting(javax.servlet.http.HttpServletRequest,org.springframework.ui.Model,int,int)
16-Nov-2018 14:07:54.738 INFO [http-nio-8080-exec-14] org.springframework.web.servlet.mvc.method.annotation.RequestMappingHandlerMapping.register Mapped "{[/sightings],methods=[GET]}" onto public java.lang.String com.sg.superherosightings.controller.SightingController.displaySightingsPage(org.springframework.ui.Model)
16-Nov-2018 14:07:54.738 INFO [http-nio-8080-exec-14] org.springframework.web.servlet.mvc.method.annotation.RequestMappingHandlerMapping.register Mapped "{[/createsighting],methods=[GET]}" onto public java.lang.String com.sg.superherosightings.controller.SightingController.displayCreateSightingPage(org.springframework.ui.Model)
16-Nov-2018 14:07:54.743 INFO [http-nio-8080-exec-14] org.springframework.web.servlet.mvc.method.annotation.RequestMappingHandlerMapping.register Mapped "{[/addsuperhuman],methods=[POST]}" onto public java.lang.String com.sg.superherosightings.controller.SuperhumanController.addSuperhuman(javax.servlet.http.HttpServletRequest,int[],int[],org.springframework.ui.Model)
16-Nov-2018 14:07:54.743 INFO [http-nio-8080-exec-14] org.springframework.web.servlet.mvc.method.annotation.RequestMappingHandlerMapping.register Mapped "{[/deletehero],methods=[GET]}" onto public java.lang.String com.sg.superherosightings.controller.SuperhumanController.deleteHero(javax.servlet.http.HttpServletRequest)
16-Nov-2018 14:07:54.743 INFO [http-nio-8080-exec-14] org.springframework.web.servlet.mvc.method.annotation.RequestMappingHandlerMapping.register Mapped "{[/roguesgallery],methods=[GET]}" onto public java.lang.String com.sg.superherosightings.controller.SuperhumanController.displayRoguesGallery(org.springframework.ui.Model)
16-Nov-2018 14:07:54.791 INFO [http-nio-8080-exec-14] org.springframework.web.servlet.mvc.method.annotation.RequestMappingHandlerMapping.register Mapped "{[/createsuperhuman],methods=[GET]}" onto public java.lang.String com.sg.superherosightings.controller.SuperhumanController.displayCreateSuperhumanPage(org.springframework.ui.Model)
16-Nov-2018 14:07:54.791 INFO [http-nio-8080-exec-14] org.springframework.web.servlet.mvc.method.annotation.RequestMappingHandlerMapping.register Mapped "{[/displayherodetails],methods=[GET]}" onto public java.lang.String com.sg.superherosightings.controller.SuperhumanController.displayHeroDetails(javax.servlet.http.HttpServletRequest,org.springframework.ui.Model)
16-Nov-2018 14:07:54.919 INFO [http-nio-8080-exec-14] org.springframework.web.servlet.mvc.method.annotation.RequestMappingHandlerAdapter.initControllerAdviceCache Looking for @ControllerAdvice: WebApplicationContext for namespace 'spring-dispatcher-servlet': startup date [Fri Nov 16 14:07:54 CST 2018]; parent: Root WebApplicationContext
16-Nov-2018 14:07:54.948 INFO [http-nio-8080-exec-14] org.springframework.web.servlet.mvc.method.annotation.RequestMappingHandlerAdapter.initControllerAdviceCache Looking for @ControllerAdvice: WebApplicationContext for namespace 'spring-dispatcher-servlet': startup date [Fri Nov 16 14:07:54 CST 2018]; parent: Root WebApplicationContext
16-Nov-2018 14:07:55.120 INFO [http-nio-8080-exec-14] org.springframework.web.servlet.DispatcherServlet.initServletBean FrameworkServlet 'spring-dispatcher': initialization completed in 589 ms
16-Nov-2018 14:34:39.592 INFO [main] org.apache.catalina.core.StandardServer.await A valid shutdown command was received via the shutdown port. Stopping the Server instance.
16-Nov-2018 14:34:39.593 INFO [main] org.apache.coyote.AbstractProtocol.pause Pausing ProtocolHandler ["http-nio-8080"]
16-Nov-2018 14:34:39.747 INFO [main] org.apache.coyote.AbstractProtocol.pause Pausing ProtocolHandler ["ajp-nio-8009"]
16-Nov-2018 14:34:39.862 INFO [main] org.apache.catalina.core.StandardService.stopInternal Stopping service [Catalina]
16-Nov-2018 14:34:39.906 INFO [localhost-startStop-2] org.springframework.web.context.support.XmlWebApplicationContext.doClose Closing Root WebApplicationContext: startup date [Fri Nov 16 14:06:59 CST 2018]; root of context hierarchy
16-Nov-2018 14:34:39.958 INFO [localhost-startStop-2] org.springframework.web.context.support.XmlWebApplicationContext.doClose Closing Root WebApplicationContext: startup date [Fri Nov 16 14:06:53 CST 2018]; root of context hierarchy
16-Nov-2018 14:34:39.982 INFO [localhost-startStop-2] org.springframework.web.context.support.XmlWebApplicationContext.doClose Closing Root WebApplicationContext: startup date [Fri Nov 16 14:07:08 CST 2018]; root of context hierarchy
16-Nov-2018 14:34:40.004 WARNING [localhost-startStop-2] org.apache.catalina.loader.WebappClassLoaderBase.clearReferencesThreads The web application [GarageSale] appears to have started a thread named [Abandoned connection cleanup thread] but has failed to stop it. This is very likely to create a memory leak. Stack trace of thread:
 java.io.WinNTFileSystem.canonicalize0(Native Method)
 java.io.WinNTFileSystem.canonicalize(WinNTFileSystem.java:428)
 java.io.File.getCanonicalPath(File.java:618)
 org.apache.catalina.webresources.AbstractFileResourceSet.file(AbstractFileResourceSet.java:69)
 org.apache.catalina.webresources.DirResourceSet.getResource(DirResourceSet.java:101)
 org.apache.catalina.webresources.StandardRoot.getResourceInternal(StandardRoot.java:281)
 org.apache.catalina.webresources.CachedResource.validateResource(CachedResource.java:95)
 org.apache.catalina.webresources.Cache.getResource(Cache.java:69)
 org.apache.catalina.webresources.StandardRoot.getResource(StandardRoot.java:216)
 org.apache.catalina.webresources.StandardRoot.getClassLoaderResource(StandardRoot.java:225)
 org.apache.catalina.loader.WebappClassLoaderBase.findResource(WebappClassLoaderBase.java:884)
 org.apache.catalina.loader.WebappClassLoaderBase.getResource(WebappClassLoaderBase.java:1005)
 com.mysql.cj.jdbc.AbandonedConnectionCleanupThread.checkContextClassLoaders(AbandonedConnectionCleanupThread.java:96)
 com.mysql.cj.jdbc.AbandonedConnectionCleanupThread.run(AbandonedConnectionCleanupThread.java:69)
 java.util.concurrent.ThreadPoolExecutor.runWorker(ThreadPoolExecutor.java:1149)
 java.util.concurrent.ThreadPoolExecutor$Worker.run(ThreadPoolExecutor.java:624)
 java.lang.Thread.run(Thread.java:748)
16-Nov-2018 14:34:40.008 INFO [localhost-startStop-2] org.springframework.web.context.support.XmlWebApplicationContext.doClose Closing WebApplicationContext for namespace 'spring-dispatcher-servlet': startup date [Fri Nov 16 14:07:54 CST 2018]; parent: Root WebApplicationContext
16-Nov-2018 14:34:40.023 INFO [localhost-startStop-2] org.springframework.web.context.support.XmlWebApplicationContext.doClose Closing Root WebApplicationContext: startup date [Fri Nov 16 14:07:49 CST 2018]; root of context hierarchy
16-Nov-2018 14:34:40.042 WARNING [localhost-startStop-2] org.apache.catalina.loader.WebappClassLoaderBase.clearReferencesJdbc The web application [SuperHeroSightings] registered the JDBC driver [com.mysql.cj.jdbc.Driver] but failed to unregister it when the web application was stopped. To prevent a memory leak, the JDBC Driver has been forcibly unregistered.
16-Nov-2018 14:34:40.042 WARNING [localhost-startStop-2] org.apache.catalina.loader.WebappClassLoaderBase.clearReferencesThreads The web application [SuperHeroSightings] appears to have started a thread named [Abandoned connection cleanup thread] but has failed to stop it. This is very likely to create a memory leak. Stack trace of thread:
 java.lang.Object.wait(Native Method)
 java.lang.ref.ReferenceQueue.remove(ReferenceQueue.java:144)
 com.mysql.cj.jdbc.AbandonedConnectionCleanupThread.run(AbandonedConnectionCleanupThread.java:70)
 java.util.concurrent.ThreadPoolExecutor.runWorker(ThreadPoolExecutor.java:1149)
 java.util.concurrent.ThreadPoolExecutor$Worker.run(ThreadPoolExecutor.java:624)
 java.lang.Thread.run(Thread.java:748)
16-Nov-2018 14:34:40.047 INFO [localhost-startStop-2] org.springframework.web.context.support.XmlWebApplicationContext.doClose Closing Root WebApplicationContext: startup date [Fri Nov 16 14:07:31 CST 2018]; root of context hierarchy
16-Nov-2018 14:34:40.065 INFO [main] org.apache.coyote.AbstractProtocol.stop Stopping ProtocolHandler ["http-nio-8080"]
16-Nov-2018 14:34:40.068 INFO [main] org.apache.coyote.AbstractProtocol.stop Stopping ProtocolHandler ["ajp-nio-8009"]
16-Nov-2018 14:34:40.070 INFO [main] org.apache.coyote.AbstractProtocol.destroy Destroying ProtocolHandler ["http-nio-8080"]
16-Nov-2018 14:34:40.072 INFO [main] org.apache.coyote.AbstractProtocol.destroy Destroying ProtocolHandler ["ajp-nio-8009"]
