26-Sep-2018 10:23:53.722 INFO [localhost-startStop-1] org.apache.catalina.core.ApplicationContext.log ContextListener: contextInitialized()
26-Sep-2018 10:23:53.722 INFO [localhost-startStop-1] org.apache.catalina.core.ApplicationContext.log SessionListener: contextInitialized()
26-Sep-2018 10:24:05.904 INFO [http-nio-8080-exec-9] org.apache.catalina.core.ApplicationContext.log No Spring WebApplicationInitializer types detected on classpath
26-Sep-2018 10:24:05.957 INFO [http-nio-8080-exec-9] org.apache.catalina.core.ApplicationContext.log Initializing Spring root WebApplicationContext
26-Sep-2018 10:24:13.430 INFO [http-nio-8080-exec-7] org.apache.catalina.core.ApplicationContext.log Initializing Spring FrameworkServlet 'spring-dispatcher'
26-Sep-2018 11:14:44.209 INFO [http-nio-8080-exec-5] org.apache.catalina.core.ApplicationContext.log Destroying Spring FrameworkServlet 'spring-dispatcher'
26-Sep-2018 11:14:44.212 INFO [http-nio-8080-exec-5] org.apache.catalina.core.ApplicationContext.log Closing Spring root WebApplicationContext
26-Sep-2018 11:14:45.502 INFO [http-nio-8080-exec-5] org.apache.catalina.core.ApplicationContext.log No Spring WebApplicationInitializer types detected on classpath
26-Sep-2018 11:14:45.531 INFO [http-nio-8080-exec-5] org.apache.catalina.core.ApplicationContext.log Initializing Spring root WebApplicationContext
26-Sep-2018 11:19:48.904 INFO [http-nio-8080-exec-14] org.apache.catalina.core.ApplicationContext.log Initializing Spring FrameworkServlet 'spring-dispatcher'
26-Sep-2018 11:29:55.408 INFO [http-nio-8080-exec-11] org.apache.catalina.core.ApplicationContext.log Destroying Spring FrameworkServlet 'spring-dispatcher'
26-Sep-2018 11:29:55.418 INFO [http-nio-8080-exec-11] org.apache.catalina.core.ApplicationContext.log Closing Spring root WebApplicationContext
26-Sep-2018 11:29:56.505 INFO [http-nio-8080-exec-11] org.apache.catalina.core.ApplicationContext.log No Spring WebApplicationInitializer types detected on classpath
26-Sep-2018 11:29:56.530 INFO [http-nio-8080-exec-11] org.apache.catalina.core.ApplicationContext.log Initializing Spring root WebApplicationContext
26-Sep-2018 11:30:13.460 INFO [http-nio-8080-exec-14] org.apache.catalina.core.ApplicationContext.log Closing Spring root WebApplicationContext
26-Sep-2018 11:30:14.502 INFO [http-nio-8080-exec-14] org.apache.catalina.core.ApplicationContext.log No Spring WebApplicationInitializer types detected on classpath
26-Sep-2018 11:30:14.528 INFO [http-nio-8080-exec-14] org.apache.catalina.core.ApplicationContext.log Initializing Spring root WebApplicationContext
26-Sep-2018 13:23:31.640 INFO [http-nio-8080-exec-26] org.apache.catalina.core.ApplicationContext.log Closing Spring root WebApplicationContext
26-Sep-2018 13:23:32.662 INFO [http-nio-8080-exec-26] org.apache.catalina.core.ApplicationContext.log No Spring WebApplicationInitializer types detected on classpath
26-Sep-2018 13:23:32.688 INFO [http-nio-8080-exec-26] org.apache.catalina.core.ApplicationContext.log Initializing Spring root WebApplicationContext
26-Sep-2018 13:25:24.826 INFO [http-nio-8080-exec-36] org.apache.catalina.core.ApplicationContext.log Closing Spring root WebApplicationContext
26-Sep-2018 13:25:25.841 INFO [http-nio-8080-exec-36] org.apache.catalina.core.ApplicationContext.log No Spring WebApplicationInitializer types detected on classpath
26-Sep-2018 13:25:25.868 INFO [http-nio-8080-exec-36] org.apache.catalina.core.ApplicationContext.log Initializing Spring root WebApplicationContext
26-Sep-2018 13:28:05.054 INFO [http-nio-8080-exec-37] org.apache.catalina.core.ApplicationContext.log Closing Spring root WebApplicationContext
26-Sep-2018 13:28:06.025 INFO [http-nio-8080-exec-37] org.apache.catalina.core.ApplicationContext.log No Spring WebApplicationInitializer types detected on classpath
26-Sep-2018 13:28:06.050 INFO [http-nio-8080-exec-37] org.apache.catalina.core.ApplicationContext.log Initializing Spring root WebApplicationContext
26-Sep-2018 13:36:55.160 INFO [http-nio-8080-exec-48] org.apache.catalina.core.ApplicationContext.log Initializing Spring FrameworkServlet 'spring-dispatcher'
26-Sep-2018 13:37:52.814 INFO [http-nio-8080-exec-52] org.apache.catalina.core.ApplicationContext.log Destroying Spring FrameworkServlet 'spring-dispatcher'
26-Sep-2018 13:37:52.820 INFO [http-nio-8080-exec-52] org.apache.catalina.core.ApplicationContext.log Closing Spring root WebApplicationContext
26-Sep-2018 13:37:53.803 INFO [http-nio-8080-exec-52] org.apache.catalina.core.ApplicationContext.log No Spring WebApplicationInitializer types detected on classpath
26-Sep-2018 13:37:53.827 INFO [http-nio-8080-exec-52] org.apache.catalina.core.ApplicationContext.log Initializing Spring root WebApplicationContext
26-Sep-2018 13:38:02.262 INFO [http-nio-8080-exec-44] org.apache.catalina.core.ApplicationContext.log Initializing Spring FrameworkServlet 'spring-dispatcher'
26-Sep-2018 13:59:07.054 INFO [http-nio-8080-exec-58] org.apache.catalina.core.ApplicationContext.log No Spring WebApplicationInitializer types detected on classpath
26-Sep-2018 13:59:07.079 INFO [http-nio-8080-exec-58] org.apache.catalina.core.ApplicationContext.log Initializing Spring root WebApplicationContext
26-Sep-2018 14:01:27.183 INFO [http-nio-8080-exec-60] org.apache.catalina.core.ApplicationContext.log Initializing Spring FrameworkServlet 'spring-dispatcher'
26-Sep-2018 14:23:12.196 INFO [http-nio-8080-exec-62] org.apache.catalina.core.ApplicationContext.log Destroying Spring FrameworkServlet 'spring-dispatcher'
26-Sep-2018 14:23:12.203 INFO [http-nio-8080-exec-62] org.apache.catalina.core.ApplicationContext.log Closing Spring root WebApplicationContext
26-Sep-2018 14:23:13.229 INFO [http-nio-8080-exec-62] org.apache.catalina.core.ApplicationContext.log No Spring WebApplicationInitializer types detected on classpath
26-Sep-2018 14:23:13.253 INFO [http-nio-8080-exec-62] org.apache.catalina.core.ApplicationContext.log Initializing Spring root WebApplicationContext
26-Sep-2018 14:23:36.313 INFO [http-nio-8080-exec-55] org.apache.catalina.core.ApplicationContext.log Closing Spring root WebApplicationContext
26-Sep-2018 14:23:37.298 INFO [http-nio-8080-exec-55] org.apache.catalina.core.ApplicationContext.log No Spring WebApplicationInitializer types detected on classpath
26-Sep-2018 14:23:37.323 INFO [http-nio-8080-exec-55] org.apache.catalina.core.ApplicationContext.log Initializing Spring root WebApplicationContext
26-Sep-2018 14:34:50.341 INFO [http-nio-8080-exec-67] org.apache.catalina.core.ApplicationContext.log Initializing Spring FrameworkServlet 'spring-dispatcher'
26-Sep-2018 15:20:15.787 INFO [http-nio-8080-exec-68] org.apache.catalina.core.ApplicationContext.log No Spring WebApplicationInitializer types detected on classpath
26-Sep-2018 15:20:15.803 INFO [http-nio-8080-exec-68] org.apache.catalina.core.ApplicationContext.log Initializing Spring root WebApplicationContext
26-Sep-2018 15:20:19.606 INFO [http-nio-8080-exec-66] org.apache.catalina.core.ApplicationContext.log Initializing Spring FrameworkServlet 'spring-dispatcher'
26-Sep-2018 15:40:51.689 INFO [http-nio-8080-exec-66] org.apache.catalina.core.ApplicationContext.log Destroying Spring FrameworkServlet 'spring-dispatcher'
26-Sep-2018 15:40:51.704 INFO [http-nio-8080-exec-66] org.apache.catalina.core.ApplicationContext.log Closing Spring root WebApplicationContext
26-Sep-2018 15:40:52.732 INFO [http-nio-8080-exec-66] org.apache.catalina.core.ApplicationContext.log No Spring WebApplicationInitializer types detected on classpath
26-Sep-2018 15:40:52.748 INFO [http-nio-8080-exec-66] org.apache.catalina.core.ApplicationContext.log Initializing Spring root WebApplicationContext
26-Sep-2018 15:51:03.207 INFO [http-nio-8080-exec-75] org.apache.catalina.core.ApplicationContext.log Closing Spring root WebApplicationContext
26-Sep-2018 15:51:04.301 INFO [http-nio-8080-exec-75] org.apache.catalina.core.ApplicationContext.log No Spring WebApplicationInitializer types detected on classpath
26-Sep-2018 15:51:04.332 INFO [http-nio-8080-exec-75] org.apache.catalina.core.ApplicationContext.log Initializing Spring root WebApplicationContext
26-Sep-2018 15:52:34.177 INFO [http-nio-8080-exec-85] org.apache.catalina.core.ApplicationContext.log Closing Spring root WebApplicationContext
26-Sep-2018 15:52:35.177 INFO [http-nio-8080-exec-85] org.apache.catalina.core.ApplicationContext.log No Spring WebApplicationInitializer types detected on classpath
26-Sep-2018 15:52:35.208 INFO [http-nio-8080-exec-85] org.apache.catalina.core.ApplicationContext.log Initializing Spring root WebApplicationContext
26-Sep-2018 16:00:10.944 INFO [http-nio-8080-exec-89] org.apache.catalina.core.ApplicationContext.log Closing Spring root WebApplicationContext
26-Sep-2018 16:00:11.975 INFO [http-nio-8080-exec-89] org.apache.catalina.core.ApplicationContext.log No Spring WebApplicationInitializer types detected on classpath
26-Sep-2018 16:00:11.990 INFO [http-nio-8080-exec-89] org.apache.catalina.core.ApplicationContext.log Initializing Spring root WebApplicationContext
26-Sep-2018 16:00:20.203 INFO [http-nio-8080-exec-100] org.apache.catalina.core.ApplicationContext.log Closing Spring root WebApplicationContext
26-Sep-2018 16:00:21.172 INFO [http-nio-8080-exec-100] org.apache.catalina.core.ApplicationContext.log No Spring WebApplicationInitializer types detected on classpath
26-Sep-2018 16:00:21.187 INFO [http-nio-8080-exec-100] org.apache.catalina.core.ApplicationContext.log Initializing Spring root WebApplicationContext
26-Sep-2018 16:37:54.843 INFO [http-nio-8080-exec-101] org.apache.catalina.core.ApplicationContext.log Closing Spring root WebApplicationContext
26-Sep-2018 16:37:57.451 INFO [http-nio-8080-exec-101] org.apache.catalina.core.ApplicationContext.log No Spring WebApplicationInitializer types detected on classpath
26-Sep-2018 16:37:57.494 INFO [http-nio-8080-exec-101] org.apache.catalina.core.ApplicationContext.log Initializing Spring root WebApplicationContext
26-Sep-2018 16:37:59.395 INFO [http-nio-8080-exec-110] org.apache.catalina.core.ApplicationContext.log Closing Spring root WebApplicationContext
26-Sep-2018 16:38:00.817 INFO [http-nio-8080-exec-110] org.apache.catalina.core.ApplicationContext.log No Spring WebApplicationInitializer types detected on classpath
26-Sep-2018 16:38:00.888 INFO [http-nio-8080-exec-110] org.apache.catalina.core.ApplicationContext.log Initializing Spring root WebApplicationContext
26-Sep-2018 16:38:01.907 INFO [localhost-startStop-2] org.apache.catalina.core.ApplicationContext.log SessionListener: contextDestroyed()
26-Sep-2018 16:38:01.907 INFO [localhost-startStop-2] org.apache.catalina.core.ApplicationContext.log ContextListener: contextDestroyed()
26-Sep-2018 16:38:01.910 INFO [localhost-startStop-2] org.apache.catalina.core.ApplicationContext.log Destroying Spring FrameworkServlet 'spring-dispatcher'
26-Sep-2018 16:38:01.911 INFO [localhost-startStop-2] org.apache.catalina.core.ApplicationContext.log Closing Spring root WebApplicationContext
26-Sep-2018 16:38:02.774 INFO [localhost-startStop-2] org.apache.catalina.core.ApplicationContext.log Destroying Spring FrameworkServlet 'spring-dispatcher'
26-Sep-2018 16:38:02.774 INFO [localhost-startStop-2] org.apache.catalina.core.ApplicationContext.log Closing Spring root WebApplicationContext
26-Sep-2018 16:38:03.953 INFO [localhost-startStop-2] org.apache.catalina.core.ApplicationContext.log Closing Spring root WebApplicationContext
