07-Dec-2018 17:19:02.120 INFO [localhost-startStop-1] org.apache.catalina.core.ApplicationContext.log No Spring WebApplicationInitializer types detected on classpath
07-Dec-2018 17:19:02.162 INFO [localhost-startStop-1] org.apache.catalina.core.ApplicationContext.log Initializing Spring root WebApplicationContext
07-Dec-2018 17:19:07.039 INFO [localhost-startStop-1] org.apache.catalina.core.ApplicationContext.log No Spring WebApplicationInitializer types detected on classpath
07-Dec-2018 17:19:07.080 INFO [localhost-startStop-1] org.apache.catalina.core.ApplicationContext.log Initializing Spring root WebApplicationContext
07-Dec-2018 17:19:11.982 INFO [localhost-startStop-1] org.apache.catalina.core.ApplicationContext.log 1 Spring WebApplicationInitializers detected on classpath
07-Dec-2018 17:19:12.054 INFO [localhost-startStop-1] org.apache.catalina.core.ApplicationContext.log Initializing Spring root WebApplicationContext
07-Dec-2018 17:19:17.917 INFO [localhost-startStop-1] org.apache.catalina.core.ApplicationContext.log 1 Spring WebApplicationInitializers detected on classpath
07-Dec-2018 17:19:17.976 INFO [localhost-startStop-1] org.apache.catalina.core.ApplicationContext.log Initializing Spring root WebApplicationContext
07-Dec-2018 17:19:19.174 SEVERE [localhost-startStop-1] org.apache.catalina.core.StandardContext.listenerStart Exception sending context initialized event to listener instance of class [org.springframework.web.context.ContextLoaderListener]
 org.springframework.beans.factory.BeanCreationException: Error creating bean with name 'org.springframework.web.servlet.mvc.method.annotation.RequestMappingHandlerMapping': Invocation of init method failed; nested exception is java.lang.IllegalStateException: Ambiguous mapping. Cannot map 'adminController' method 
public java.lang.String com.sg.hellosecurity.controller.AdminController.editUserDisplay(org.springframework.ui.Model,java.lang.Integer,java.lang.Integer)
to {[/editUser],methods=[GET]}: There is already 'adminController' bean method
public java.lang.String com.sg.hellosecurity.controller.AdminController.editUserDisplay(org.springframework.ui.Model,java.lang.Integer) mapped.
	at org.springframework.beans.factory.support.AbstractAutowireCapableBeanFactory.initializeBean(AbstractAutowireCapableBeanFactory.java:1628)
	at org.springframework.beans.factory.support.AbstractAutowireCapableBeanFactory.doCreateBean(AbstractAutowireCapableBeanFactory.java:555)
	at org.springframework.beans.factory.support.AbstractAutowireCapableBeanFactory.createBean(AbstractAutowireCapableBeanFactory.java:483)
	at org.springframework.beans.factory.support.AbstractBeanFactory$1.getObject(AbstractBeanFactory.java:306)
	at org.springframework.beans.factory.support.DefaultSingletonBeanRegistry.getSingleton(DefaultSingletonBeanRegistry.java:230)
	at org.springframework.beans.factory.support.AbstractBeanFactory.doGetBean(AbstractBeanFactory.java:302)
	at org.springframework.beans.factory.support.AbstractBeanFactory.getBean(AbstractBeanFactory.java:197)
	at org.springframework.beans.factory.support.DefaultListableBeanFactory.preInstantiateSingletons(DefaultListableBeanFactory.java:761)
	at org.springframework.context.support.AbstractApplicationContext.finishBeanFactoryInitialization(AbstractApplicationContext.java:866)
	at org.springframework.context.support.AbstractApplicationContext.refresh(AbstractApplicationContext.java:542)
	at org.springframework.web.context.ContextLoader.configureAndRefreshWebApplicationContext(ContextLoader.java:444)
	at org.springframework.web.context.ContextLoader.initWebApplicationContext(ContextLoader.java:326)
	at org.springframework.web.context.ContextLoaderListener.contextInitialized(ContextLoaderListener.java:107)
	at org.apache.catalina.core.StandardContext.listenerStart(StandardContext.java:4745)
	at org.apache.catalina.core.StandardContext.startInternal(StandardContext.java:5207)
	at org.apache.catalina.util.LifecycleBase.start(LifecycleBase.java:150)
	at org.apache.catalina.core.ContainerBase.addChildInternal(ContainerBase.java:752)
	at org.apache.catalina.core.ContainerBase.addChild(ContainerBase.java:728)
	at org.apache.catalina.core.StandardHost.addChild(StandardHost.java:734)
	at org.apache.catalina.startup.HostConfig.deployDescriptor(HostConfig.java:630)
	at org.apache.catalina.startup.HostConfig$DeployDescriptor.run(HostConfig.java:1842)
	at java.util.concurrent.Executors$RunnableAdapter.call(Executors.java:511)
	at java.util.concurrent.FutureTask.run(FutureTask.java:266)
	at java.util.concurrent.ThreadPoolExecutor.runWorker(ThreadPoolExecutor.java:1149)
	at java.util.concurrent.ThreadPoolExecutor$Worker.run(ThreadPoolExecutor.java:624)
	at java.lang.Thread.run(Thread.java:748)
Caused by: java.lang.IllegalStateException: Ambiguous mapping. Cannot map 'adminController' method 
public java.lang.String com.sg.hellosecurity.controller.AdminController.editUserDisplay(org.springframework.ui.Model,java.lang.Integer,java.lang.Integer)
to {[/editUser],methods=[GET]}: There is already 'adminController' bean method
public java.lang.String com.sg.hellosecurity.controller.AdminController.editUserDisplay(org.springframework.ui.Model,java.lang.Integer) mapped.
	at org.springframework.web.servlet.handler.AbstractHandlerMethodMapping$MappingRegistry.assertUniqueMethodMapping(AbstractHandlerMethodMapping.java:576)
	at org.springframework.web.servlet.handler.AbstractHandlerMethodMapping$MappingRegistry.register(AbstractHandlerMethodMapping.java:540)
	at org.springframework.web.servlet.handler.AbstractHandlerMethodMapping.registerHandlerMethod(AbstractHandlerMethodMapping.java:264)
	at org.springframework.web.servlet.handler.AbstractHandlerMethodMapping.detectHandlerMethods(AbstractHandlerMethodMapping.java:250)
	at org.springframework.web.servlet.handler.AbstractHandlerMethodMapping.initHandlerMethods(AbstractHandlerMethodMapping.java:214)
	at org.springframework.web.servlet.handler.AbstractHandlerMethodMapping.afterPropertiesSet(AbstractHandlerMethodMapping.java:184)
	at org.springframework.web.servlet.mvc.method.annotation.RequestMappingHandlerMapping.afterPropertiesSet(RequestMappingHandlerMapping.java:127)
	at org.springframework.beans.factory.support.AbstractAutowireCapableBeanFactory.invokeInitMethods(AbstractAutowireCapableBeanFactory.java:1687)
	at org.springframework.beans.factory.support.AbstractAutowireCapableBeanFactory.initializeBean(AbstractAutowireCapableBeanFactory.java:1624)
	... 25 more

07-Dec-2018 17:19:19.187 INFO [localhost-startStop-1] org.apache.catalina.core.ApplicationContext.log Closing Spring root WebApplicationContext
07-Dec-2018 17:19:21.890 INFO [localhost-startStop-1] org.apache.catalina.core.ApplicationContext.log No Spring WebApplicationInitializer types detected on classpath
07-Dec-2018 17:19:21.919 INFO [localhost-startStop-1] org.apache.catalina.core.ApplicationContext.log Initializing Spring root WebApplicationContext
07-Dec-2018 17:19:26.724 INFO [localhost-startStop-1] org.apache.catalina.core.ApplicationContext.log No Spring WebApplicationInitializer types detected on classpath
07-Dec-2018 17:19:26.752 INFO [localhost-startStop-1] org.apache.catalina.core.ApplicationContext.log Initializing Spring root WebApplicationContext
07-Dec-2018 17:19:29.781 INFO [localhost-startStop-1] org.apache.catalina.core.ApplicationContext.log ContextListener: contextInitialized()
07-Dec-2018 17:19:29.781 INFO [localhost-startStop-1] org.apache.catalina.core.ApplicationContext.log SessionListener: contextInitialized()
07-Dec-2018 17:19:32.898 INFO [http-nio-8080-exec-9] org.apache.catalina.core.ApplicationContext.log Closing Spring root WebApplicationContext
07-Dec-2018 17:19:34.909 INFO [http-nio-8080-exec-6] org.apache.catalina.core.ApplicationContext.log No Spring WebApplicationInitializer types detected on classpath
07-Dec-2018 17:19:34.937 INFO [http-nio-8080-exec-6] org.apache.catalina.core.ApplicationContext.log Initializing Spring root WebApplicationContext
07-Dec-2018 17:19:37.766 INFO [http-nio-8080-exec-5] org.apache.catalina.core.ApplicationContext.log Initializing Spring FrameworkServlet 'spring-dispatcher'
07-Dec-2018 17:32:57.149 INFO [http-nio-8080-exec-18] org.apache.catalina.core.ApplicationContext.log Destroying Spring FrameworkServlet 'spring-dispatcher'
07-Dec-2018 17:32:57.165 INFO [http-nio-8080-exec-18] org.apache.catalina.core.ApplicationContext.log Closing Spring root WebApplicationContext
07-Dec-2018 17:32:59.930 INFO [http-nio-8080-exec-18] org.apache.catalina.core.ApplicationContext.log No Spring WebApplicationInitializer types detected on classpath
07-Dec-2018 17:32:59.993 INFO [http-nio-8080-exec-18] org.apache.catalina.core.ApplicationContext.log Initializing Spring root WebApplicationContext
07-Dec-2018 17:48:55.273 INFO [localhost-startStop-2] org.apache.catalina.core.ApplicationContext.log Closing Spring root WebApplicationContext
07-Dec-2018 17:48:56.377 INFO [localhost-startStop-2] org.apache.catalina.core.ApplicationContext.log SessionListener: contextDestroyed()
07-Dec-2018 17:48:56.377 INFO [localhost-startStop-2] org.apache.catalina.core.ApplicationContext.log ContextListener: contextDestroyed()
07-Dec-2018 17:48:56.380 INFO [localhost-startStop-2] org.apache.catalina.core.ApplicationContext.log Closing Spring root WebApplicationContext
07-Dec-2018 17:48:57.334 INFO [localhost-startStop-2] org.apache.catalina.core.ApplicationContext.log Closing Spring root WebApplicationContext
07-Dec-2018 17:48:58.628 INFO [localhost-startStop-2] org.apache.catalina.core.ApplicationContext.log Closing Spring root WebApplicationContext
07-Dec-2018 17:48:59.734 INFO [localhost-startStop-2] org.apache.catalina.core.ApplicationContext.log Closing Spring root WebApplicationContext
