19-Oct-2018 08:30:49.775 INFO [http-nio-8080-exec-6] org.apache.catalina.core.ApplicationContext.log Manager: init: Associated with Deployer 'Catalina:type=Deployer,host=localhost'
19-Oct-2018 08:30:49.775 INFO [http-nio-8080-exec-6] org.apache.catalina.core.ApplicationContext.log Manager: init: Global resources are available
19-Oct-2018 08:30:49.806 INFO [http-nio-8080-exec-5] org.apache.catalina.core.ApplicationContext.log Manager: list: Listing contexts for virtual host 'localhost'
19-Oct-2018 08:30:49.822 INFO [http-nio-8080-exec-4] org.apache.catalina.core.ApplicationContext.log Manager: list: Listing contexts for virtual host 'localhost'
19-Oct-2018 08:30:49.869 INFO [http-nio-8080-exec-2] org.apache.catalina.core.ApplicationContext.log Manager: undeploy: Undeploying web application at '/VendingMachineSpringMVCRevised'
19-Oct-2018 08:30:50.431 INFO [http-nio-8080-exec-1] org.apache.catalina.core.ApplicationContext.log Manager: install: Installing context configuration at 'file:/C:/Users/macam/AppData/Local/Temp/context553369059425315087.xml'
19-Oct-2018 08:30:52.774 INFO [http-nio-8080-exec-4] org.apache.catalina.core.ApplicationContext.log Manager: start: Starting web application '/VendingMachineSpringMVCRevised'
19-Oct-2018 08:44:30.699 INFO [http-nio-8080-exec-20] org.apache.catalina.core.ApplicationContext.log Manager: list: Listing contexts for virtual host 'localhost'
19-Oct-2018 09:17:56.415 INFO [http-nio-8080-exec-13] org.apache.catalina.core.ApplicationContext.log Manager: list: Listing contexts for virtual host 'localhost'
19-Oct-2018 09:18:02.896 INFO [http-nio-8080-exec-13] org.apache.catalina.core.ApplicationContext.log Manager: list: Listing contexts for virtual host 'localhost'
19-Oct-2018 09:18:02.906 INFO [http-nio-8080-exec-14] org.apache.catalina.core.ApplicationContext.log Manager: undeploy: Undeploying web application at '/VendingMachineSpringMVCRevised'
19-Oct-2018 09:18:45.476 INFO [http-nio-8080-exec-23] org.apache.catalina.core.ApplicationContext.log Manager: list: Listing contexts for virtual host 'localhost'
19-Oct-2018 09:18:45.476 INFO [http-nio-8080-exec-16] org.apache.catalina.core.ApplicationContext.log Manager: list: Listing contexts for virtual host 'localhost'
19-Oct-2018 09:18:45.492 INFO [http-nio-8080-exec-11] org.apache.catalina.core.ApplicationContext.log Manager: install: Installing context configuration at 'file:/C:/Users/macam/AppData/Local/Temp/context3558211018493142974.xml'
19-Oct-2018 09:18:48.007 INFO [http-nio-8080-exec-15] org.apache.catalina.core.ApplicationContext.log Manager: start: Starting web application '/VendingMachineSpringMVCRevised'
19-Oct-2018 09:20:01.980 INFO [http-nio-8080-exec-24] org.apache.catalina.core.ApplicationContext.log Manager: list: Listing contexts for virtual host 'localhost'
19-Oct-2018 09:20:03.979 INFO [http-nio-8080-exec-23] org.apache.catalina.core.ApplicationContext.log Manager: list: Listing contexts for virtual host 'localhost'
19-Oct-2018 09:20:03.979 INFO [http-nio-8080-exec-26] org.apache.catalina.core.ApplicationContext.log Manager: list: Listing contexts for virtual host 'localhost'
19-Oct-2018 09:20:03.995 INFO [http-nio-8080-exec-28] org.apache.catalina.core.ApplicationContext.log Manager: undeploy: Undeploying web application at '/VendingMachineSpringMVCRevised'
19-Oct-2018 09:20:04.541 INFO [http-nio-8080-exec-26] org.apache.catalina.core.ApplicationContext.log Manager: install: Installing context configuration at 'file:/C:/Users/macam/AppData/Local/Temp/context7416531331400334576.xml'
19-Oct-2018 09:20:07.224 INFO [http-nio-8080-exec-22] org.apache.catalina.core.ApplicationContext.log Manager: start: Starting web application '/VendingMachineSpringMVCRevised'
19-Oct-2018 09:21:31.074 INFO [http-nio-8080-exec-37] org.apache.catalina.core.ApplicationContext.log Manager: list: Listing contexts for virtual host 'localhost'
19-Oct-2018 09:22:48.273 INFO [http-nio-8080-exec-31] org.apache.catalina.core.ApplicationContext.log Manager: list: Listing contexts for virtual host 'localhost'
19-Oct-2018 09:26:22.156 INFO [http-nio-8080-exec-40] org.apache.catalina.core.ApplicationContext.log Manager: list: Listing contexts for virtual host 'localhost'
19-Oct-2018 09:31:05.491 INFO [http-nio-8080-exec-39] org.apache.catalina.core.ApplicationContext.log Manager: list: Listing contexts for virtual host 'localhost'
19-Oct-2018 09:32:06.903 INFO [http-nio-8080-exec-35] org.apache.catalina.core.ApplicationContext.log Manager: list: Listing contexts for virtual host 'localhost'
19-Oct-2018 09:36:40.424 INFO [http-nio-8080-exec-37] org.apache.catalina.core.ApplicationContext.log Manager: list: Listing contexts for virtual host 'localhost'
19-Oct-2018 09:40:55.277 INFO [http-nio-8080-exec-40] org.apache.catalina.core.ApplicationContext.log Manager: list: Listing contexts for virtual host 'localhost'
19-Oct-2018 09:40:55.287 INFO [http-nio-8080-exec-37] org.apache.catalina.core.ApplicationContext.log Manager: restart: Reloading web application '/VendingMachineSpringMVCRevised'
19-Oct-2018 10:09:19.064 INFO [http-nio-8080-exec-41] org.apache.catalina.core.ApplicationContext.log Manager: list: Listing contexts for virtual host 'localhost'
19-Oct-2018 10:12:45.066 INFO [http-nio-8080-exec-50] org.apache.catalina.core.ApplicationContext.log Manager: list: Listing contexts for virtual host 'localhost'
19-Oct-2018 10:13:53.078 INFO [http-nio-8080-exec-47] org.apache.catalina.core.ApplicationContext.log Manager: list: Listing contexts for virtual host 'localhost'
19-Oct-2018 10:14:06.449 INFO [http-nio-8080-exec-41] org.apache.catalina.core.ApplicationContext.log Manager: list: Listing contexts for virtual host 'localhost'
19-Oct-2018 10:23:23.062 INFO [http-nio-8080-exec-41] org.apache.catalina.core.ApplicationContext.log Manager: list: Listing contexts for virtual host 'localhost'
19-Oct-2018 10:40:12.294 INFO [http-nio-8080-exec-47] org.apache.catalina.core.ApplicationContext.log Manager: list: Listing contexts for virtual host 'localhost'
19-Oct-2018 10:40:35.052 INFO [http-nio-8080-exec-50] org.apache.catalina.core.ApplicationContext.log Manager: list: Listing contexts for virtual host 'localhost'
19-Oct-2018 10:46:53.398 INFO [http-nio-8080-exec-49] org.apache.catalina.core.ApplicationContext.log Manager: list: Listing contexts for virtual host 'localhost'
19-Oct-2018 10:50:49.619 INFO [http-nio-8080-exec-45] org.apache.catalina.core.ApplicationContext.log Manager: list: Listing contexts for virtual host 'localhost'
19-Oct-2018 14:06:05.951 INFO [http-nio-8080-exec-48] org.apache.catalina.core.ApplicationContext.log Manager: list: Listing contexts for virtual host 'localhost'
19-Oct-2018 14:27:20.088 INFO [http-nio-8080-exec-41] org.apache.catalina.core.ApplicationContext.log Manager: list: Listing contexts for virtual host 'localhost'
